============================================================
   Tang Dynasty, V5.6.59063
   Copyright (c) 2012-2022 Anlogic
   Executable = D:/TD_anlu/bin/td.exe
   Built at =   12:45:13 Sep  6 2022
   Run by =     HW
   Run Date =   Sat Oct  8 21:43:47 2022

   Run on =     LAPTOP-UGI9IIEM
============================================================
RUN-1001 : open_run phy_1.
RUN-1002 : start command "import_db D:/a_FPGA_Project/SF1_PWM/td_project/pwm_demo_Runs/phy_1/pwm_demo_pr.db"
RUN-1001 : Importing database generated by Tang Dynasty, V5.6.59063.
RUN-1001 : Database version number 46140.
RUN-1001 : Import flow parameters
PHY-1001 : Generate detailed routing grids ...
PHY-1001 : Generate nets ...
PHY-1001 : net I_clk_25m_dup_1 will be routed on clock mesh
PHY-5010 WARNING: Net u_ahb_pwm/I_ahb_hsize[2] is skipped due to 0 input or output
PHY-5010 WARNING: Net u_ahb_pwm/I_ahb_hsize[1] is skipped due to 0 input or output
PHY-5010 WARNING: Net u_ahb_pwm/I_ahb_hsize[0] is skipped due to 0 input or output
PHY-1001 : clock net u_ahb_pwm/pwm7/clk_div_syn_3 will be merged with clock u_ahb_pwm/pwm7/clk_div
PHY-1001 : clock net u_ahb_pwm/I_ahb_clk will be merged with clock u_pll/clk0_buf
PHY-1001 : clock net u_ahb_pwm/pwm0/clk_div_syn_3 will be merged with clock u_ahb_pwm/pwm0/clk_div
PHY-1001 : clock net u_ahb_pwm/pwm1/clk_div_syn_3 will be merged with clock u_ahb_pwm/pwm1/clk_div
PHY-1001 : clock net u_ahb_pwm/pwm2/clk_div_syn_3 will be merged with clock u_ahb_pwm/pwm2/clk_div
PHY-1001 : clock net u_ahb_pwm/pwm3/clk_div_syn_3 will be merged with clock u_ahb_pwm/pwm3/clk_div
PHY-1001 : clock net u_ahb_pwm/pwm6/clk_div_syn_3 will be merged with clock u_ahb_pwm/pwm6/clk_div
PHY-1001 : clock net u_ahb_pwm/pwm4/clk_div_syn_3 will be merged with clock u_ahb_pwm/pwm4/clk_div
PHY-1001 : clock net u_ahb_pwm/pwm5/clk_div_syn_3 will be merged with clock u_ahb_pwm/pwm5/clk_div
PHY-5010 WARNING: Net u_ahb_pwm/I_ahb_hsize[2] is skipped due to 0 input or output
PHY-5010 WARNING: Net u_ahb_pwm/I_ahb_hsize[1] is skipped due to 0 input or output
PHY-5010 WARNING: Net u_ahb_pwm/I_ahb_hsize[0] is skipped due to 0 input or output
PHY-1001 : eco open net = 0
PHY-5014 WARNING: Detail route doesn't find pib for u_pll/pll_inst.dsm_rst[0]
PHY-5014 WARNING: Detail route doesn't find pib for u_pll/pll_inst.ssc_en[0]
PHY-5014 WARNING: Detail route doesn't find pib for u_pll/pll_inst.dsm_refclk[0]
PHY-5014 WARNING: Detail route doesn't find pib for u_pll/pll_inst.frac_offset_valid[0]
PHY-1001 : 53 feed throughs used by 27 nets
RUN-1001 : Import timing constraints
RUN-1001 : Import IO constraints
RUN-1001 : Import Inst constraints
RUN-1001 : Import design success TD_VERSION=5.6.59063 , DB_VERSION=46140
RUN-1003 : finish command "import_db D:/a_FPGA_Project/SF1_PWM/td_project/pwm_demo_Runs/phy_1/pwm_demo_pr.db" in  3.196269s wall, 3.156250s user + 0.125000s system = 3.281250s CPU (102.7%)

RUN-1004 : used memory is 311 MB, reserved memory is 277 MB, peak memory is 328 MB
RUN-1002 : start command "report_timing"
RUN-1002 : start command "start_timer"
RUN-1002 : start command "end_timer"
RUN-1001 : Print Global Property
RUN-1001 : ---------------------------------------------------------------
RUN-1001 :        Parameters        |  Settings  |  Default Values  |  Note  
RUN-1001 : ---------------------------------------------------------------
RUN-1001 :          message         |  standard  |     standard     |        
RUN-1001 :   mixed_pack_place_flow  |     on     |        on        |        
RUN-1001 :        qor_monitor       |    off     |       off        |        
RUN-1001 :        syn_ip_flow       |    off     |       off        |        
RUN-1001 :          thread          |    auto    |       auto       |        
RUN-1001 : ---------------------------------------------------------------
RUN-1001 : Print Design Property
RUN-1001 : --------------------------------------------------------------
RUN-1001 :        Parameters       |  Settings  |  Default Values  |  Note  
RUN-1001 : --------------------------------------------------------------
RUN-1001 :   default_reg_initial   |    auto    |       auto       |        
RUN-1001 :        infer_add        |     on     |        on        |        
RUN-1001 :        infer_fsm        |    off     |       off        |        
RUN-1001 :        infer_mult       |     on     |        on        |        
RUN-1001 :        infer_ram        |     on     |        on        |        
RUN-1001 :        infer_reg        |     on     |        on        |        
RUN-1001 :   infer_reg_init_value  |     on     |        on        |        
RUN-1001 :        infer_rom        |     on     |        on        |        
RUN-1001 :      infer_shifter      |     on     |        on        |        
RUN-1001 : --------------------------------------------------------------
RUN-1001 : Print Rtl Property
RUN-1001 : --------------------------------------------------------------
RUN-1001 :        Parameters       |  Settings  |  Default Values  |  Note  
RUN-1001 : --------------------------------------------------------------
RUN-1001 :       compress_add      |   ripple   |      ripple      |        
RUN-1001 :        elf_sload        |    off     |       off        |        
RUN-1001 :       fix_undriven      |     0      |        0         |        
RUN-1001 :         flatten         |    off     |       off        |        
RUN-1001 :       gate_sharing      |     on     |        on        |        
RUN-1001 :    hdl_warning_level    |   normal   |      normal      |        
RUN-1001 :   impl_internal_tribuf  |     on     |        on        |        
RUN-1001 :      impl_set_reset     |     on     |        on        |        
RUN-1001 :        infer_gsr        |    off     |       off        |        
RUN-1001 :      keep_hierarchy     |    auto    |       auto       |        
RUN-1001 :        max_fanout       |    9999    |       9999       |        
RUN-1001 :      max_oh2bin_len     |     10     |        10        |        
RUN-1001 :       merge_equal       |     on     |        on        |        
RUN-1001 :       merge_equiv       |     on     |        on        |        
RUN-1001 :        merge_mux        |    off     |       off        |        
RUN-1001 :     min_control_set     |     8      |        8         |        
RUN-1001 :      min_ripple_len     |    auto    |       auto       |        
RUN-1001 :       oh2bin_ratio      |    0.08    |       0.08       |        
RUN-1001 :     opt_adder_fanout    |     on     |        on        |        
RUN-1001 :        opt_arith        |     on     |        on        |        
RUN-1001 :       opt_big_gate      |    off     |       off        |        
RUN-1001 :        opt_const        |     on     |        on        |        
RUN-1001 :      opt_const_mult     |     on     |        on        |        
RUN-1001 :       opt_lessthan      |     on     |        on        |        
RUN-1001 :         opt_mux         |    off     |       off        |        
RUN-1001 :         opt_ram         |    high    |       high       |        
RUN-1001 :      rtl_sim_model      |    off     |       off        |        
RUN-1001 :         seq_syn         |     on     |        on        |        
RUN-1001 : --------------------------------------------------------------
HDL-1007 : analyze verilog file al_ip/SF1_MCU.v
HDL-1007 : analyze verilog file al_ip/pll.v
HDL-1007 : undeclared symbol 'open', assumed default net type 'wire' in al_ip/pll.v(88)
HDL-1007 : analyze verilog file al_ip/uart_gate.v
HDL-1007 : undeclared symbol 'open_n0', assumed default net type 'wire' in al_ip/uart_gate.v(239)
HDL-1007 : undeclared symbol 'open_n3', assumed default net type 'wire' in al_ip/uart_gate.v(244)
HDL-1007 : undeclared symbol 'open_n4', assumed default net type 'wire' in al_ip/uart_gate.v(530)
HDL-1007 : undeclared symbol 'open_n7', assumed default net type 'wire' in al_ip/uart_gate.v(535)
HDL-1007 : undeclared symbol 'open_n8', assumed default net type 'wire' in al_ip/uart_gate.v(563)
HDL-1007 : undeclared symbol 'open_n11', assumed default net type 'wire' in al_ip/uart_gate.v(568)
HDL-1007 : undeclared symbol 'open_n12', assumed default net type 'wire' in al_ip/uart_gate.v(877)
HDL-1007 : undeclared symbol 'open_n13', assumed default net type 'wire' in al_ip/uart_gate.v(884)
HDL-1007 : undeclared symbol 'open_n14', assumed default net type 'wire' in al_ip/uart_gate.v(891)
HDL-1007 : undeclared symbol 'open_n15', assumed default net type 'wire' in al_ip/uart_gate.v(898)
HDL-1007 : undeclared symbol 'open_n16', assumed default net type 'wire' in al_ip/uart_gate.v(905)
HDL-1007 : undeclared symbol 'open_n19', assumed default net type 'wire' in al_ip/uart_gate.v(910)
HDL-1007 : undeclared symbol 'open_n20', assumed default net type 'wire' in al_ip/uart_gate.v(917)
HDL-1007 : undeclared symbol 'open_n21', assumed default net type 'wire' in al_ip/uart_gate.v(924)
HDL-1007 : undeclared symbol 'open_n22', assumed default net type 'wire' in al_ip/uart_gate.v(931)
HDL-1007 : undeclared symbol 'open_n23', assumed default net type 'wire' in al_ip/uart_gate.v(938)
HDL-1007 : analyze verilog file SF1_SOC.v
HDL-1007 : analyze verilog file ahb_pwm.v
HDL-1007 : analyze verilog file gpio_controler.v
RUN-1001 : Print Global Property
RUN-1001 : ---------------------------------------------------------------
RUN-1001 :        Parameters        |  Settings  |  Default Values  |  Note  
RUN-1001 : ---------------------------------------------------------------
RUN-1001 :          message         |  standard  |     standard     |        
RUN-1001 :   mixed_pack_place_flow  |     on     |        on        |        
RUN-1001 :        qor_monitor       |    off     |       off        |        
RUN-1001 :        syn_ip_flow       |    off     |       off        |        
RUN-1001 :          thread          |    auto    |       auto       |        
RUN-1001 : ---------------------------------------------------------------
RUN-1001 : Print Design Property
RUN-1001 : --------------------------------------------------------------
RUN-1001 :        Parameters       |  Settings  |  Default Values  |  Note  
RUN-1001 : --------------------------------------------------------------
RUN-1001 :   default_reg_initial   |    auto    |       auto       |        
RUN-1001 :        infer_add        |     on     |        on        |        
RUN-1001 :        infer_fsm        |    off     |       off        |        
RUN-1001 :        infer_mult       |     on     |        on        |        
RUN-1001 :        infer_ram        |     on     |        on        |        
RUN-1001 :        infer_reg        |     on     |        on        |        
RUN-1001 :   infer_reg_init_value  |     on     |        on        |        
RUN-1001 :        infer_rom        |     on     |        on        |        
RUN-1001 :      infer_shifter      |     on     |        on        |        
RUN-1001 : --------------------------------------------------------------
RUN-1001 : Print Rtl Property
RUN-1001 : --------------------------------------------------------------
RUN-1001 :        Parameters       |  Settings  |  Default Values  |  Note  
RUN-1001 : --------------------------------------------------------------
RUN-1001 :       compress_add      |   ripple   |      ripple      |        
RUN-1001 :        elf_sload        |    off     |       off        |        
RUN-1001 :       fix_undriven      |     0      |        0         |        
RUN-1001 :         flatten         |    off     |       off        |        
RUN-1001 :       gate_sharing      |     on     |        on        |        
RUN-1001 :    hdl_warning_level    |   normal   |      normal      |        
RUN-1001 :   impl_internal_tribuf  |     on     |        on        |        
RUN-1001 :      impl_set_reset     |     on     |        on        |        
RUN-1001 :        infer_gsr        |    off     |       off        |        
RUN-1001 :      keep_hierarchy     |    auto    |       auto       |        
RUN-1001 :        max_fanout       |    9999    |       9999       |        
RUN-1001 :      max_oh2bin_len     |     10     |        10        |        
RUN-1001 :       merge_equal       |     on     |        on        |        
RUN-1001 :       merge_equiv       |     on     |        on        |        
RUN-1001 :        merge_mux        |    off     |       off        |        
RUN-1001 :     min_control_set     |     8      |        8         |        
RUN-1001 :      min_ripple_len     |    auto    |       auto       |        
RUN-1001 :       oh2bin_ratio      |    0.08    |       0.08       |        
RUN-1001 :     opt_adder_fanout    |     on     |        on        |        
RUN-1001 :        opt_arith        |     on     |        on        |        
RUN-1001 :       opt_big_gate      |    off     |       off        |        
RUN-1001 :        opt_const        |     on     |        on        |        
RUN-1001 :      opt_const_mult     |     on     |        on        |        
RUN-1001 :       opt_lessthan      |     on     |        on        |        
RUN-1001 :         opt_mux         |    off     |       off        |        
RUN-1001 :         opt_ram         |    high    |       high       |        
RUN-1001 :      rtl_sim_model      |    off     |       off        |        
RUN-1001 :         seq_syn         |     on     |        on        |        
RUN-1001 : --------------------------------------------------------------
HDL-1007 : analyze verilog file al_ip/SF1_MCU.v
HDL-1007 : analyze verilog file al_ip/pll.v
HDL-1007 : undeclared symbol 'open', assumed default net type 'wire' in al_ip/pll.v(80)
HDL-1007 : analyze verilog file al_ip/uart_gate.v
HDL-1007 : undeclared symbol 'open_n0', assumed default net type 'wire' in al_ip/uart_gate.v(239)
HDL-1007 : undeclared symbol 'open_n3', assumed default net type 'wire' in al_ip/uart_gate.v(244)
HDL-1007 : undeclared symbol 'open_n4', assumed default net type 'wire' in al_ip/uart_gate.v(530)
HDL-1007 : undeclared symbol 'open_n7', assumed default net type 'wire' in al_ip/uart_gate.v(535)
HDL-1007 : undeclared symbol 'open_n8', assumed default net type 'wire' in al_ip/uart_gate.v(563)
HDL-1007 : undeclared symbol 'open_n11', assumed default net type 'wire' in al_ip/uart_gate.v(568)
HDL-1007 : undeclared symbol 'open_n12', assumed default net type 'wire' in al_ip/uart_gate.v(877)
HDL-1007 : undeclared symbol 'open_n13', assumed default net type 'wire' in al_ip/uart_gate.v(884)
HDL-1007 : undeclared symbol 'open_n14', assumed default net type 'wire' in al_ip/uart_gate.v(891)
HDL-1007 : undeclared symbol 'open_n15', assumed default net type 'wire' in al_ip/uart_gate.v(898)
HDL-1007 : undeclared symbol 'open_n16', assumed default net type 'wire' in al_ip/uart_gate.v(905)
HDL-1007 : undeclared symbol 'open_n19', assumed default net type 'wire' in al_ip/uart_gate.v(910)
HDL-1007 : undeclared symbol 'open_n20', assumed default net type 'wire' in al_ip/uart_gate.v(917)
HDL-1007 : undeclared symbol 'open_n21', assumed default net type 'wire' in al_ip/uart_gate.v(924)
HDL-1007 : undeclared symbol 'open_n22', assumed default net type 'wire' in al_ip/uart_gate.v(931)
HDL-1007 : undeclared symbol 'open_n23', assumed default net type 'wire' in al_ip/uart_gate.v(938)
HDL-1007 : analyze verilog file SF1_SOC.v
HDL-1007 : analyze verilog file ahb_pwm.v
HDL-1007 : analyze verilog file gpio_controler.v
HDL-8007 ERROR: cannot find port 'extlock' on this module in SF1_SOC.v(28)
RUN-1001 : Print Global Property
RUN-1001 : ---------------------------------------------------------------
RUN-1001 :        Parameters        |  Settings  |  Default Values  |  Note  
RUN-1001 : ---------------------------------------------------------------
RUN-1001 :          message         |  standard  |     standard     |        
RUN-1001 :   mixed_pack_place_flow  |     on     |        on        |        
RUN-1001 :        qor_monitor       |    off     |       off        |        
RUN-1001 :        syn_ip_flow       |    off     |       off        |        
RUN-1001 :          thread          |    auto    |       auto       |        
RUN-1001 : ---------------------------------------------------------------
RUN-1001 : Print Design Property
RUN-1001 : --------------------------------------------------------------
RUN-1001 :        Parameters       |  Settings  |  Default Values  |  Note  
RUN-1001 : --------------------------------------------------------------
RUN-1001 :   default_reg_initial   |    auto    |       auto       |        
RUN-1001 :        infer_add        |     on     |        on        |        
RUN-1001 :        infer_fsm        |    off     |       off        |        
RUN-1001 :        infer_mult       |     on     |        on        |        
RUN-1001 :        infer_ram        |     on     |        on        |        
RUN-1001 :        infer_reg        |     on     |        on        |        
RUN-1001 :   infer_reg_init_value  |     on     |        on        |        
RUN-1001 :        infer_rom        |     on     |        on        |        
RUN-1001 :      infer_shifter      |     on     |        on        |        
RUN-1001 : --------------------------------------------------------------
RUN-1001 : Print Rtl Property
RUN-1001 : --------------------------------------------------------------
RUN-1001 :        Parameters       |  Settings  |  Default Values  |  Note  
RUN-1001 : --------------------------------------------------------------
RUN-1001 :       compress_add      |   ripple   |      ripple      |        
RUN-1001 :        elf_sload        |    off     |       off        |        
RUN-1001 :       fix_undriven      |     0      |        0         |        
RUN-1001 :         flatten         |    off     |       off        |        
RUN-1001 :       gate_sharing      |     on     |        on        |        
RUN-1001 :    hdl_warning_level    |   normal   |      normal      |        
RUN-1001 :   impl_internal_tribuf  |     on     |        on        |        
RUN-1001 :      impl_set_reset     |     on     |        on        |        
RUN-1001 :        infer_gsr        |    off     |       off        |        
RUN-1001 :      keep_hierarchy     |    auto    |       auto       |        
RUN-1001 :        max_fanout       |    9999    |       9999       |        
RUN-1001 :      max_oh2bin_len     |     10     |        10        |        
RUN-1001 :       merge_equal       |     on     |        on        |        
RUN-1001 :       merge_equiv       |     on     |        on        |        
RUN-1001 :        merge_mux        |    off     |       off        |        
RUN-1001 :     min_control_set     |     8      |        8         |        
RUN-1001 :      min_ripple_len     |    auto    |       auto       |        
RUN-1001 :       oh2bin_ratio      |    0.08    |       0.08       |        
RUN-1001 :     opt_adder_fanout    |     on     |        on        |        
RUN-1001 :        opt_arith        |     on     |        on        |        
RUN-1001 :       opt_big_gate      |    off     |       off        |        
RUN-1001 :        opt_const        |     on     |        on        |        
RUN-1001 :      opt_const_mult     |     on     |        on        |        
RUN-1001 :       opt_lessthan      |     on     |        on        |        
RUN-1001 :         opt_mux         |    off     |       off        |        
RUN-1001 :         opt_ram         |    high    |       high       |        
RUN-1001 :      rtl_sim_model      |    off     |       off        |        
RUN-1001 :         seq_syn         |     on     |        on        |        
RUN-1001 : --------------------------------------------------------------
HDL-1007 : analyze verilog file al_ip/SF1_MCU.v
HDL-1007 : analyze verilog file al_ip/pll.v
HDL-1007 : undeclared symbol 'open', assumed default net type 'wire' in al_ip/pll.v(80)
HDL-1007 : analyze verilog file al_ip/uart_gate.v
HDL-1007 : undeclared symbol 'open_n0', assumed default net type 'wire' in al_ip/uart_gate.v(239)
HDL-1007 : undeclared symbol 'open_n3', assumed default net type 'wire' in al_ip/uart_gate.v(244)
HDL-1007 : undeclared symbol 'open_n4', assumed default net type 'wire' in al_ip/uart_gate.v(530)
HDL-1007 : undeclared symbol 'open_n7', assumed default net type 'wire' in al_ip/uart_gate.v(535)
HDL-1007 : undeclared symbol 'open_n8', assumed default net type 'wire' in al_ip/uart_gate.v(563)
HDL-1007 : undeclared symbol 'open_n11', assumed default net type 'wire' in al_ip/uart_gate.v(568)
HDL-1007 : undeclared symbol 'open_n12', assumed default net type 'wire' in al_ip/uart_gate.v(877)
HDL-1007 : undeclared symbol 'open_n13', assumed default net type 'wire' in al_ip/uart_gate.v(884)
HDL-1007 : undeclared symbol 'open_n14', assumed default net type 'wire' in al_ip/uart_gate.v(891)
HDL-1007 : undeclared symbol 'open_n15', assumed default net type 'wire' in al_ip/uart_gate.v(898)
HDL-1007 : undeclared symbol 'open_n16', assumed default net type 'wire' in al_ip/uart_gate.v(905)
HDL-1007 : undeclared symbol 'open_n19', assumed default net type 'wire' in al_ip/uart_gate.v(910)
HDL-1007 : undeclared symbol 'open_n20', assumed default net type 'wire' in al_ip/uart_gate.v(917)
HDL-1007 : undeclared symbol 'open_n21', assumed default net type 'wire' in al_ip/uart_gate.v(924)
HDL-1007 : undeclared symbol 'open_n22', assumed default net type 'wire' in al_ip/uart_gate.v(931)
HDL-1007 : undeclared symbol 'open_n23', assumed default net type 'wire' in al_ip/uart_gate.v(938)
HDL-1007 : analyze verilog file SF1_SOC.v
HDL-1007 : analyze verilog file ahb_pwm.v
HDL-1007 : analyze verilog file gpio_controler.v
RUN-1001 : reset_run syn_1 phy_1.
RUN-6001 WARNING: Failed to reset phy_1: some files can't be removed in D:/a_FPGA_Project/SF1_PWM/td_project/pwm_demo_Runs/phy_1
RUN-6001 WARNING: Failed to reset syn_1: some files can't be removed in D:/a_FPGA_Project/SF1_PWM/td_project/pwm_demo_Runs/syn_1
RUN-1001 : launch_runs syn_1 phy_1  -jobs 6.
RUN-1001 : syn_1: run complete.
RUN-1001 : phy_1: run complete.
RUN-1001 : open_run phy_1.
RUN-1002 : start command "import_db D:/a_FPGA_Project/SF1_PWM/td_project/pwm_demo_Runs/phy_1/pwm_demo_pr.db"
RUN-1001 : Importing database generated by Tang Dynasty, V5.6.59063.
RUN-1001 : Database version number 46140.
RUN-1001 : Import flow parameters
PHY-1001 : Generate detailed routing grids ...
PHY-1001 : Generate nets ...
PHY-1001 : net I_clk_25m_dup_1 will be routed on clock mesh
PHY-5010 WARNING: Net u_ahb_pwm/I_ahb_hsize[2] is skipped due to 0 input or output
PHY-5010 WARNING: Net u_ahb_pwm/I_ahb_hsize[1] is skipped due to 0 input or output
PHY-5010 WARNING: Net u_ahb_pwm/I_ahb_hsize[0] is skipped due to 0 input or output
PHY-1001 : clock net u_ahb_pwm/pwm7/clk_div_syn_3 will be merged with clock u_ahb_pwm/pwm7/clk_div
PHY-1001 : clock net u_ahb_pwm/I_ahb_clk will be merged with clock u_pll/clk0_buf
PHY-1001 : clock net u_ahb_pwm/pwm0/clk_div_syn_3 will be merged with clock u_ahb_pwm/pwm0/clk_div
PHY-1001 : clock net u_ahb_pwm/pwm1/clk_div_syn_3 will be merged with clock u_ahb_pwm/pwm1/clk_div
PHY-1001 : clock net u_ahb_pwm/pwm2/clk_div_syn_3 will be merged with clock u_ahb_pwm/pwm2/clk_div
PHY-1001 : clock net u_ahb_pwm/pwm3/clk_div_syn_3 will be merged with clock u_ahb_pwm/pwm3/clk_div
PHY-1001 : clock net u_ahb_pwm/pwm6/clk_div_syn_3 will be merged with clock u_ahb_pwm/pwm6/clk_div
PHY-1001 : clock net u_ahb_pwm/pwm4/clk_div_syn_3 will be merged with clock u_ahb_pwm/pwm4/clk_div
PHY-1001 : clock net u_ahb_pwm/pwm5/clk_div_syn_3 will be merged with clock u_ahb_pwm/pwm5/clk_div
PHY-5010 WARNING: Net u_ahb_pwm/I_ahb_hsize[2] is skipped due to 0 input or output
PHY-5010 WARNING: Net u_ahb_pwm/I_ahb_hsize[1] is skipped due to 0 input or output
PHY-5010 WARNING: Net u_ahb_pwm/I_ahb_hsize[0] is skipped due to 0 input or output
PHY-1001 : eco open net = 0
PHY-5014 WARNING: Detail route doesn't find pib for u_pll/pll_inst.dsm_rst[0]
PHY-5014 WARNING: Detail route doesn't find pib for u_pll/pll_inst.ssc_en[0]
PHY-5014 WARNING: Detail route doesn't find pib for u_pll/pll_inst.dsm_refclk[0]
PHY-5014 WARNING: Detail route doesn't find pib for u_pll/pll_inst.frac_offset_valid[0]
PHY-1001 : 53 feed throughs used by 27 nets
RUN-1001 : Import timing constraints
RUN-1001 : Import IO constraints
RUN-1001 : Import Inst constraints
RUN-1001 : Import design success TD_VERSION=5.6.59063 , DB_VERSION=46140
RUN-1003 : finish command "import_db D:/a_FPGA_Project/SF1_PWM/td_project/pwm_demo_Runs/phy_1/pwm_demo_pr.db" in  1.605608s wall, 1.640625s user + 0.078125s system = 1.718750s CPU (107.0%)

RUN-1004 : used memory is 349 MB, reserved memory is 310 MB, peak memory is 366 MB
RUN-1002 : start command "report_timing"
RUN-1002 : start command "start_timer"
RUN-1002 : start command "end_timer"
RUN-1002 : start command "download -bit pwm_demo_Runs\phy_1\pwm_demo.bit -mode program_riscv -hex2 D:\a_FPGA_Project\SF1_PWM\riscv_project\pwm_demo\Debug\pwm_demo.hex -spd 6 -sec 64 -cable 0"
PRG-2014 : Chip validation success: SF1S60
PRG-2505 : ProgramSvf:  program pwm_demo_Runs/phy_1/pwm_demo.svf successfully
RUN-1003 : finish command "program_svf -svf pwm_demo_Runs/phy_1/pwm_demo.svf -spd 6" in  13.111743s wall, 0.546875s user + 0.421875s system = 0.968750s CPU (7.4%)

RUN-1004 : used memory is 413 MB, reserved memory is 371 MB, peak memory is 443 MB
RUN-1003 : finish command "download -bit pwm_demo_Runs\phy_1\pwm_demo.bit -mode program_riscv -hex2 D:\a_FPGA_Project\SF1_PWM\riscv_project\pwm_demo\Debug\pwm_demo.hex -spd 6 -sec 64 -cable 0" in  13.412129s wall, 0.734375s user + 0.468750s system = 1.203125s CPU (9.0%)

RUN-1004 : used memory is 413 MB, reserved memory is 371 MB, peak memory is 443 MB
GUI-1001 : Download success!
RUN-1002 : start command "download -bit pwm_demo_Runs\phy_1\pwm_demo.bit -mode program_riscv -hex2 D:\a_FPGA_Project\SF1_PWM\riscv_project\pwm_demo\Debug\pwm_demo.hex -spd 6 -sec 64 -cable 0"
PRG-2014 : Chip validation success: SF1S60
PRG-2505 : ProgramSvf:  program pwm_demo_Runs/phy_1/pwm_demo.svf successfully
RUN-1003 : finish command "program_svf -svf pwm_demo_Runs/phy_1/pwm_demo.svf -spd 6" in  13.349056s wall, 0.593750s user + 0.343750s system = 0.937500s CPU (7.0%)

RUN-1004 : used memory is 410 MB, reserved memory is 368 MB, peak memory is 443 MB
RUN-1003 : finish command "download -bit pwm_demo_Runs\phy_1\pwm_demo.bit -mode program_riscv -hex2 D:\a_FPGA_Project\SF1_PWM\riscv_project\pwm_demo\Debug\pwm_demo.hex -spd 6 -sec 64 -cable 0" in  13.651652s wall, 0.796875s user + 0.375000s system = 1.171875s CPU (8.6%)

RUN-1004 : used memory is 410 MB, reserved memory is 368 MB, peak memory is 443 MB
GUI-1001 : Download success!
RUN-1001 : Print Global Property
RUN-1001 : ---------------------------------------------------------------
RUN-1001 :        Parameters        |  Settings  |  Default Values  |  Note  
RUN-1001 : ---------------------------------------------------------------
RUN-1001 :          message         |  standard  |     standard     |        
RUN-1001 :   mixed_pack_place_flow  |     on     |        on        |        
RUN-1001 :        qor_monitor       |    off     |       off        |        
RUN-1001 :        syn_ip_flow       |    off     |       off        |        
RUN-1001 :          thread          |    auto    |       auto       |        
RUN-1001 : ---------------------------------------------------------------
RUN-1001 : Print Design Property
RUN-1001 : --------------------------------------------------------------
RUN-1001 :        Parameters       |  Settings  |  Default Values  |  Note  
RUN-1001 : --------------------------------------------------------------
RUN-1001 :   default_reg_initial   |    auto    |       auto       |        
RUN-1001 :        infer_add        |     on     |        on        |        
RUN-1001 :        infer_fsm        |    off     |       off        |        
RUN-1001 :        infer_mult       |     on     |        on        |        
RUN-1001 :        infer_ram        |     on     |        on        |        
RUN-1001 :        infer_reg        |     on     |        on        |        
RUN-1001 :   infer_reg_init_value  |     on     |        on        |        
RUN-1001 :        infer_rom        |     on     |        on        |        
RUN-1001 :      infer_shifter      |     on     |        on        |        
RUN-1001 : --------------------------------------------------------------
RUN-1001 : Print Rtl Property
RUN-1001 : --------------------------------------------------------------
RUN-1001 :        Parameters       |  Settings  |  Default Values  |  Note  
RUN-1001 : --------------------------------------------------------------
RUN-1001 :       compress_add      |   ripple   |      ripple      |        
RUN-1001 :        elf_sload        |    off     |       off        |        
RUN-1001 :       fix_undriven      |     0      |        0         |        
RUN-1001 :         flatten         |    off     |       off        |        
RUN-1001 :       gate_sharing      |     on     |        on        |        
RUN-1001 :    hdl_warning_level    |   normal   |      normal      |        
RUN-1001 :   impl_internal_tribuf  |     on     |        on        |        
RUN-1001 :      impl_set_reset     |     on     |        on        |        
RUN-1001 :        infer_gsr        |    off     |       off        |        
RUN-1001 :      keep_hierarchy     |    auto    |       auto       |        
RUN-1001 :        max_fanout       |    9999    |       9999       |        
RUN-1001 :      max_oh2bin_len     |     10     |        10        |        
RUN-1001 :       merge_equal       |     on     |        on        |        
RUN-1001 :       merge_equiv       |     on     |        on        |        
RUN-1001 :        merge_mux        |    off     |       off        |        
RUN-1001 :     min_control_set     |     8      |        8         |        
RUN-1001 :      min_ripple_len     |    auto    |       auto       |        
RUN-1001 :       oh2bin_ratio      |    0.08    |       0.08       |        
RUN-1001 :     opt_adder_fanout    |     on     |        on        |        
RUN-1001 :        opt_arith        |     on     |        on        |        
RUN-1001 :       opt_big_gate      |    off     |       off        |        
RUN-1001 :        opt_const        |     on     |        on        |        
RUN-1001 :      opt_const_mult     |     on     |        on        |        
RUN-1001 :       opt_lessthan      |     on     |        on        |        
RUN-1001 :         opt_mux         |    off     |       off        |        
RUN-1001 :         opt_ram         |    high    |       high       |        
RUN-1001 :      rtl_sim_model      |    off     |       off        |        
RUN-1001 :         seq_syn         |     on     |        on        |        
RUN-1001 : --------------------------------------------------------------
HDL-1007 : analyze verilog file al_ip/SF1_MCU.v
HDL-1007 : analyze verilog file al_ip/pll.v
HDL-1007 : undeclared symbol 'open', assumed default net type 'wire' in al_ip/pll.v(80)
HDL-1007 : analyze verilog file al_ip/uart_gate.v
HDL-1007 : undeclared symbol 'open_n0', assumed default net type 'wire' in al_ip/uart_gate.v(239)
HDL-1007 : undeclared symbol 'open_n3', assumed default net type 'wire' in al_ip/uart_gate.v(244)
HDL-1007 : undeclared symbol 'open_n4', assumed default net type 'wire' in al_ip/uart_gate.v(530)
HDL-1007 : undeclared symbol 'open_n7', assumed default net type 'wire' in al_ip/uart_gate.v(535)
HDL-1007 : undeclared symbol 'open_n8', assumed default net type 'wire' in al_ip/uart_gate.v(563)
HDL-1007 : undeclared symbol 'open_n11', assumed default net type 'wire' in al_ip/uart_gate.v(568)
HDL-1007 : undeclared symbol 'open_n12', assumed default net type 'wire' in al_ip/uart_gate.v(877)
HDL-1007 : undeclared symbol 'open_n13', assumed default net type 'wire' in al_ip/uart_gate.v(884)
HDL-1007 : undeclared symbol 'open_n14', assumed default net type 'wire' in al_ip/uart_gate.v(891)
HDL-1007 : undeclared symbol 'open_n15', assumed default net type 'wire' in al_ip/uart_gate.v(898)
HDL-1007 : undeclared symbol 'open_n16', assumed default net type 'wire' in al_ip/uart_gate.v(905)
HDL-1007 : undeclared symbol 'open_n19', assumed default net type 'wire' in al_ip/uart_gate.v(910)
HDL-1007 : undeclared symbol 'open_n20', assumed default net type 'wire' in al_ip/uart_gate.v(917)
HDL-1007 : undeclared symbol 'open_n21', assumed default net type 'wire' in al_ip/uart_gate.v(924)
HDL-1007 : undeclared symbol 'open_n22', assumed default net type 'wire' in al_ip/uart_gate.v(931)
HDL-1007 : undeclared symbol 'open_n23', assumed default net type 'wire' in al_ip/uart_gate.v(938)
HDL-1007 : analyze verilog file SF1_SOC.v
HDL-1007 : analyze verilog file ahb_pwm.v
HDL-1007 : analyze verilog file gpio_controler.v
RUN-1001 : Print Global Property
RUN-1001 : ---------------------------------------------------------------
RUN-1001 :        Parameters        |  Settings  |  Default Values  |  Note  
RUN-1001 : ---------------------------------------------------------------
RUN-1001 :          message         |  standard  |     standard     |        
RUN-1001 :   mixed_pack_place_flow  |     on     |        on        |        
RUN-1001 :        qor_monitor       |    off     |       off        |        
RUN-1001 :        syn_ip_flow       |    off     |       off        |        
RUN-1001 :          thread          |    auto    |       auto       |        
RUN-1001 : ---------------------------------------------------------------
RUN-1001 : Print Design Property
RUN-1001 : --------------------------------------------------------------
RUN-1001 :        Parameters       |  Settings  |  Default Values  |  Note  
RUN-1001 : --------------------------------------------------------------
RUN-1001 :   default_reg_initial   |    auto    |       auto       |        
RUN-1001 :        infer_add        |     on     |        on        |        
RUN-1001 :        infer_fsm        |    off     |       off        |        
RUN-1001 :        infer_mult       |     on     |        on        |        
RUN-1001 :        infer_ram        |     on     |        on        |        
RUN-1001 :        infer_reg        |     on     |        on        |        
RUN-1001 :   infer_reg_init_value  |     on     |        on        |        
RUN-1001 :        infer_rom        |     on     |        on        |        
RUN-1001 :      infer_shifter      |     on     |        on        |        
RUN-1001 : --------------------------------------------------------------
RUN-1001 : Print Rtl Property
RUN-1001 : --------------------------------------------------------------
RUN-1001 :        Parameters       |  Settings  |  Default Values  |  Note  
RUN-1001 : --------------------------------------------------------------
RUN-1001 :       compress_add      |   ripple   |      ripple      |        
RUN-1001 :        elf_sload        |    off     |       off        |        
RUN-1001 :       fix_undriven      |     0      |        0         |        
RUN-1001 :         flatten         |    off     |       off        |        
RUN-1001 :       gate_sharing      |     on     |        on        |        
RUN-1001 :    hdl_warning_level    |   normal   |      normal      |        
RUN-1001 :   impl_internal_tribuf  |     on     |        on        |        
RUN-1001 :      impl_set_reset     |     on     |        on        |        
RUN-1001 :        infer_gsr        |    off     |       off        |        
RUN-1001 :      keep_hierarchy     |    auto    |       auto       |        
RUN-1001 :        max_fanout       |    9999    |       9999       |        
RUN-1001 :      max_oh2bin_len     |     10     |        10        |        
RUN-1001 :       merge_equal       |     on     |        on        |        
RUN-1001 :       merge_equiv       |     on     |        on        |        
RUN-1001 :        merge_mux        |    off     |       off        |        
RUN-1001 :     min_control_set     |     8      |        8         |        
RUN-1001 :      min_ripple_len     |    auto    |       auto       |        
RUN-1001 :       oh2bin_ratio      |    0.08    |       0.08       |        
RUN-1001 :     opt_adder_fanout    |     on     |        on        |        
RUN-1001 :        opt_arith        |     on     |        on        |        
RUN-1001 :       opt_big_gate      |    off     |       off        |        
RUN-1001 :        opt_const        |     on     |        on        |        
RUN-1001 :      opt_const_mult     |     on     |        on        |        
RUN-1001 :       opt_lessthan      |     on     |        on        |        
RUN-1001 :         opt_mux         |    off     |       off        |        
RUN-1001 :         opt_ram         |    high    |       high       |        
RUN-1001 :      rtl_sim_model      |    off     |       off        |        
RUN-1001 :         seq_syn         |     on     |        on        |        
RUN-1001 : --------------------------------------------------------------
HDL-1007 : analyze verilog file al_ip/SF1_MCU.v
HDL-1007 : analyze verilog file al_ip/pll.v
HDL-1007 : undeclared symbol 'open', assumed default net type 'wire' in al_ip/pll.v(80)
HDL-1007 : analyze verilog file al_ip/uart_gate.v
HDL-1007 : undeclared symbol 'open_n0', assumed default net type 'wire' in al_ip/uart_gate.v(239)
HDL-1007 : undeclared symbol 'open_n3', assumed default net type 'wire' in al_ip/uart_gate.v(244)
HDL-1007 : undeclared symbol 'open_n4', assumed default net type 'wire' in al_ip/uart_gate.v(530)
HDL-1007 : undeclared symbol 'open_n7', assumed default net type 'wire' in al_ip/uart_gate.v(535)
HDL-1007 : undeclared symbol 'open_n8', assumed default net type 'wire' in al_ip/uart_gate.v(563)
HDL-1007 : undeclared symbol 'open_n11', assumed default net type 'wire' in al_ip/uart_gate.v(568)
HDL-1007 : undeclared symbol 'open_n12', assumed default net type 'wire' in al_ip/uart_gate.v(877)
HDL-1007 : undeclared symbol 'open_n13', assumed default net type 'wire' in al_ip/uart_gate.v(884)
HDL-1007 : undeclared symbol 'open_n14', assumed default net type 'wire' in al_ip/uart_gate.v(891)
HDL-1007 : undeclared symbol 'open_n15', assumed default net type 'wire' in al_ip/uart_gate.v(898)
HDL-1007 : undeclared symbol 'open_n16', assumed default net type 'wire' in al_ip/uart_gate.v(905)
HDL-1007 : undeclared symbol 'open_n19', assumed default net type 'wire' in al_ip/uart_gate.v(910)
HDL-1007 : undeclared symbol 'open_n20', assumed default net type 'wire' in al_ip/uart_gate.v(917)
HDL-1007 : undeclared symbol 'open_n21', assumed default net type 'wire' in al_ip/uart_gate.v(924)
HDL-1007 : undeclared symbol 'open_n22', assumed default net type 'wire' in al_ip/uart_gate.v(931)
HDL-1007 : undeclared symbol 'open_n23', assumed default net type 'wire' in al_ip/uart_gate.v(938)
HDL-1007 : analyze verilog file SF1_SOC.v
HDL-1007 : analyze verilog file ahb_pwm.v
HDL-1007 : analyze verilog file gpio_controler.v
RUN-1001 : reset_run syn_1 phy_1.
GUI-6001 WARNING: File D:/a_FPGA_Project/SF1_PWM/td_project/pwm_demo_Runs/phy_1/pwm_demo.bit does not exist!
RUN-1001 : launch_runs syn_1 phy_1  -jobs 6.
RUN-1001 : syn_1: run complete.
RUN-1001 : phy_1: run complete.
RUN-1001 : open_run phy_1.
RUN-1002 : start command "import_db D:/a_FPGA_Project/SF1_PWM/td_project/pwm_demo_Runs/phy_1/pwm_demo_pr.db"
RUN-1001 : Importing database generated by Tang Dynasty, V5.6.59063.
RUN-1001 : Database version number 46140.
RUN-1001 : Import flow parameters
PHY-1001 : Generate detailed routing grids ...
PHY-1001 : Generate nets ...
PHY-1001 : net I_clk_25m_dup_1 will be routed on clock mesh
PHY-5010 WARNING: Net u_ahb_pwm/I_ahb_hsize[2] is skipped due to 0 input or output
PHY-5010 WARNING: Net u_ahb_pwm/I_ahb_hsize[1] is skipped due to 0 input or output
PHY-5010 WARNING: Net u_ahb_pwm/I_ahb_hsize[0] is skipped due to 0 input or output
PHY-1001 : clock net u_ahb_pwm/pwm7/clk_div_syn_3 will be merged with clock u_ahb_pwm/pwm7/clk_div
PHY-1001 : clock net u_ahb_pwm/I_ahb_clk will be merged with clock u_pll/clk0_buf
PHY-1001 : clock net u_ahb_pwm/pwm0/clk_div_syn_3 will be merged with clock u_ahb_pwm/pwm0/clk_div
PHY-1001 : clock net u_ahb_pwm/pwm1/clk_div_syn_3 will be merged with clock u_ahb_pwm/pwm1/clk_div
PHY-1001 : clock net u_ahb_pwm/pwm2/clk_div_syn_3 will be merged with clock u_ahb_pwm/pwm2/clk_div
PHY-1001 : clock net u_ahb_pwm/pwm3/clk_div_syn_3 will be merged with clock u_ahb_pwm/pwm3/clk_div
PHY-1001 : clock net u_ahb_pwm/pwm6/clk_div_syn_3 will be merged with clock u_ahb_pwm/pwm6/clk_div
PHY-1001 : clock net u_ahb_pwm/pwm4/clk_div_syn_3 will be merged with clock u_ahb_pwm/pwm4/clk_div
PHY-1001 : clock net u_ahb_pwm/pwm5/clk_div_syn_3 will be merged with clock u_ahb_pwm/pwm5/clk_div
PHY-5010 WARNING: Net u_ahb_pwm/I_ahb_hsize[2] is skipped due to 0 input or output
PHY-5010 WARNING: Net u_ahb_pwm/I_ahb_hsize[1] is skipped due to 0 input or output
PHY-5010 WARNING: Net u_ahb_pwm/I_ahb_hsize[0] is skipped due to 0 input or output
PHY-1001 : eco open net = 0
PHY-5014 WARNING: Detail route doesn't find pib for u_pll/pll_inst.dsm_rst[0]
PHY-5014 WARNING: Detail route doesn't find pib for u_pll/pll_inst.ssc_en[0]
PHY-5014 WARNING: Detail route doesn't find pib for u_pll/pll_inst.dsm_refclk[0]
PHY-5014 WARNING: Detail route doesn't find pib for u_pll/pll_inst.frac_offset_valid[0]
PHY-1001 : 53 feed throughs used by 27 nets
RUN-1001 : Import timing constraints
RUN-1001 : Import IO constraints
RUN-1001 : Import Inst constraints
RUN-1001 : Import design success TD_VERSION=5.6.59063 , DB_VERSION=46140
RUN-1003 : finish command "import_db D:/a_FPGA_Project/SF1_PWM/td_project/pwm_demo_Runs/phy_1/pwm_demo_pr.db" in  1.871133s wall, 1.828125s user + 0.093750s system = 1.921875s CPU (102.7%)

RUN-1004 : used memory is 395 MB, reserved memory is 351 MB, peak memory is 443 MB
RUN-1002 : start command "report_timing"
RUN-1002 : start command "start_timer"
RUN-1002 : start command "end_timer"
RUN-1002 : start command "download -bit pwm_demo_Runs\phy_1\pwm_demo.bit -mode program_riscv -hex2 D:\a_FPGA_Project\SF1_PWM\riscv_project\pwm_demo\Debug\pwm_demo.hex -spd 6 -sec 64 -cable 0"
PRG-2014 : Chip validation success: SF1S60
PRG-2505 : ProgramSvf:  program pwm_demo_Runs/phy_1/pwm_demo.svf successfully
RUN-1003 : finish command "program_svf -svf pwm_demo_Runs/phy_1/pwm_demo.svf -spd 6" in  13.458057s wall, 0.515625s user + 0.250000s system = 0.765625s CPU (5.7%)

RUN-1004 : used memory is 421 MB, reserved memory is 379 MB, peak memory is 451 MB
RUN-1003 : finish command "download -bit pwm_demo_Runs\phy_1\pwm_demo.bit -mode program_riscv -hex2 D:\a_FPGA_Project\SF1_PWM\riscv_project\pwm_demo\Debug\pwm_demo.hex -spd 6 -sec 64 -cable 0" in  13.765279s wall, 0.687500s user + 0.312500s system = 1.000000s CPU (7.3%)

RUN-1004 : used memory is 421 MB, reserved memory is 379 MB, peak memory is 451 MB
GUI-1001 : Download success!
RUN-1001 : Print Global Property
RUN-1001 : ---------------------------------------------------------------
RUN-1001 :        Parameters        |  Settings  |  Default Values  |  Note  
RUN-1001 : ---------------------------------------------------------------
RUN-1001 :          message         |  standard  |     standard     |        
RUN-1001 :   mixed_pack_place_flow  |     on     |        on        |        
RUN-1001 :        qor_monitor       |    off     |       off        |        
RUN-1001 :        syn_ip_flow       |    off     |       off        |        
RUN-1001 :          thread          |    auto    |       auto       |        
RUN-1001 : ---------------------------------------------------------------
RUN-1001 : Print Design Property
RUN-1001 : --------------------------------------------------------------
RUN-1001 :        Parameters       |  Settings  |  Default Values  |  Note  
RUN-1001 : --------------------------------------------------------------
RUN-1001 :   default_reg_initial   |    auto    |       auto       |        
RUN-1001 :        infer_add        |     on     |        on        |        
RUN-1001 :        infer_fsm        |    off     |       off        |        
RUN-1001 :        infer_mult       |     on     |        on        |        
RUN-1001 :        infer_ram        |     on     |        on        |        
RUN-1001 :        infer_reg        |     on     |        on        |        
RUN-1001 :   infer_reg_init_value  |     on     |        on        |        
RUN-1001 :        infer_rom        |     on     |        on        |        
RUN-1001 :      infer_shifter      |     on     |        on        |        
RUN-1001 : --------------------------------------------------------------
RUN-1001 : Print Rtl Property
RUN-1001 : --------------------------------------------------------------
RUN-1001 :        Parameters       |  Settings  |  Default Values  |  Note  
RUN-1001 : --------------------------------------------------------------
RUN-1001 :       compress_add      |   ripple   |      ripple      |        
RUN-1001 :        elf_sload        |    off     |       off        |        
RUN-1001 :       fix_undriven      |     0      |        0         |        
RUN-1001 :         flatten         |    off     |       off        |        
RUN-1001 :       gate_sharing      |     on     |        on        |        
RUN-1001 :    hdl_warning_level    |   normal   |      normal      |        
RUN-1001 :   impl_internal_tribuf  |     on     |        on        |        
RUN-1001 :      impl_set_reset     |     on     |        on        |        
RUN-1001 :        infer_gsr        |    off     |       off        |        
RUN-1001 :      keep_hierarchy     |    auto    |       auto       |        
RUN-1001 :        max_fanout       |    9999    |       9999       |        
RUN-1001 :      max_oh2bin_len     |     10     |        10        |        
RUN-1001 :       merge_equal       |     on     |        on        |        
RUN-1001 :       merge_equiv       |     on     |        on        |        
RUN-1001 :        merge_mux        |    off     |       off        |        
RUN-1001 :     min_control_set     |     8      |        8         |        
RUN-1001 :      min_ripple_len     |    auto    |       auto       |        
RUN-1001 :       oh2bin_ratio      |    0.08    |       0.08       |        
RUN-1001 :     opt_adder_fanout    |     on     |        on        |        
RUN-1001 :        opt_arith        |     on     |        on        |        
RUN-1001 :       opt_big_gate      |    off     |       off        |        
RUN-1001 :        opt_const        |     on     |        on        |        
RUN-1001 :      opt_const_mult     |     on     |        on        |        
RUN-1001 :       opt_lessthan      |     on     |        on        |        
RUN-1001 :         opt_mux         |    off     |       off        |        
RUN-1001 :         opt_ram         |    high    |       high       |        
RUN-1001 :      rtl_sim_model      |    off     |       off        |        
RUN-1001 :         seq_syn         |     on     |        on        |        
RUN-1001 : --------------------------------------------------------------
HDL-1007 : analyze verilog file al_ip/SF1_MCU.v
HDL-1007 : analyze verilog file al_ip/pll.v
HDL-1007 : undeclared symbol 'open', assumed default net type 'wire' in al_ip/pll.v(80)
HDL-1007 : analyze verilog file al_ip/uart_gate.v
HDL-1007 : undeclared symbol 'open_n0', assumed default net type 'wire' in al_ip/uart_gate.v(228)
HDL-1007 : undeclared symbol 'open_n3', assumed default net type 'wire' in al_ip/uart_gate.v(233)
HDL-1007 : undeclared symbol 'open_n4', assumed default net type 'wire' in al_ip/uart_gate.v(519)
HDL-1007 : undeclared symbol 'open_n7', assumed default net type 'wire' in al_ip/uart_gate.v(524)
HDL-1007 : undeclared symbol 'open_n8', assumed default net type 'wire' in al_ip/uart_gate.v(552)
HDL-1007 : undeclared symbol 'open_n11', assumed default net type 'wire' in al_ip/uart_gate.v(557)
HDL-1007 : undeclared symbol 'open_n12', assumed default net type 'wire' in al_ip/uart_gate.v(879)
HDL-1007 : undeclared symbol 'open_n13', assumed default net type 'wire' in al_ip/uart_gate.v(886)
HDL-1007 : undeclared symbol 'open_n14', assumed default net type 'wire' in al_ip/uart_gate.v(893)
HDL-1007 : undeclared symbol 'open_n15', assumed default net type 'wire' in al_ip/uart_gate.v(900)
HDL-1007 : undeclared symbol 'open_n16', assumed default net type 'wire' in al_ip/uart_gate.v(907)
HDL-1007 : undeclared symbol 'open_n19', assumed default net type 'wire' in al_ip/uart_gate.v(912)
HDL-1007 : undeclared symbol 'open_n20', assumed default net type 'wire' in al_ip/uart_gate.v(919)
HDL-1007 : undeclared symbol 'open_n21', assumed default net type 'wire' in al_ip/uart_gate.v(926)
HDL-1007 : undeclared symbol 'open_n22', assumed default net type 'wire' in al_ip/uart_gate.v(933)
HDL-1007 : undeclared symbol 'open_n23', assumed default net type 'wire' in al_ip/uart_gate.v(940)
HDL-1007 : analyze verilog file SF1_SOC.v
HDL-1007 : analyze verilog file ahb_pwm.v
HDL-1007 : analyze verilog file gpio_controler.v
RUN-1001 : reset_run syn_1 phy_1.
GUI-6001 WARNING: File D:/a_FPGA_Project/SF1_PWM/td_project/pwm_demo_Runs/phy_1/pwm_demo.bit does not exist!
RUN-1001 : launch_runs syn_1 phy_1  -jobs 6.
RUN-1001 : syn_1: run complete.
RUN-1001 : phy_1: run complete.
RUN-1001 : open_run phy_1.
RUN-1002 : start command "import_db D:/a_FPGA_Project/SF1_PWM/td_project/pwm_demo_Runs/phy_1/pwm_demo_pr.db"
RUN-1001 : Importing database generated by Tang Dynasty, V5.6.59063.
RUN-1001 : Database version number 46140.
RUN-1001 : Import flow parameters
PHY-1001 : Generate detailed routing grids ...
PHY-1001 : Generate nets ...
PHY-1001 : net I_clk_25m_dup_1 will be routed on clock mesh
PHY-5010 WARNING: Net u_ahb_pwm/I_ahb_hsize[2] is skipped due to 0 input or output
PHY-5010 WARNING: Net u_ahb_pwm/I_ahb_hsize[1] is skipped due to 0 input or output
PHY-5010 WARNING: Net u_ahb_pwm/I_ahb_hsize[0] is skipped due to 0 input or output
PHY-1001 : clock net u_ahb_pwm/pwm7/clk_div_syn_3 will be merged with clock u_ahb_pwm/pwm7/clk_div
PHY-1001 : clock net u_ahb_pwm/I_ahb_clk will be merged with clock u_pll/clk0_buf
PHY-1001 : clock net u_ahb_pwm/pwm0/clk_div_syn_3 will be merged with clock u_ahb_pwm/pwm0/clk_div
PHY-1001 : clock net u_ahb_pwm/pwm1/clk_div_syn_3 will be merged with clock u_ahb_pwm/pwm1/clk_div
PHY-1001 : clock net u_ahb_pwm/pwm2/clk_div_syn_3 will be merged with clock u_ahb_pwm/pwm2/clk_div
PHY-1001 : clock net u_ahb_pwm/pwm3/clk_div_syn_3 will be merged with clock u_ahb_pwm/pwm3/clk_div
PHY-1001 : clock net u_ahb_pwm/pwm6/clk_div_syn_3 will be merged with clock u_ahb_pwm/pwm6/clk_div
PHY-1001 : clock net u_ahb_pwm/pwm4/clk_div_syn_3 will be merged with clock u_ahb_pwm/pwm4/clk_div
PHY-1001 : clock net u_ahb_pwm/pwm5/clk_div_syn_3 will be merged with clock u_ahb_pwm/pwm5/clk_div
PHY-5010 WARNING: Net u_ahb_pwm/I_ahb_hsize[2] is skipped due to 0 input or output
PHY-5010 WARNING: Net u_ahb_pwm/I_ahb_hsize[1] is skipped due to 0 input or output
PHY-5010 WARNING: Net u_ahb_pwm/I_ahb_hsize[0] is skipped due to 0 input or output
PHY-1001 : eco open net = 0
PHY-5014 WARNING: Detail route doesn't find pib for u_pll/pll_inst.dsm_rst[0]
PHY-5014 WARNING: Detail route doesn't find pib for u_pll/pll_inst.ssc_en[0]
PHY-5014 WARNING: Detail route doesn't find pib for u_pll/pll_inst.dsm_refclk[0]
PHY-5014 WARNING: Detail route doesn't find pib for u_pll/pll_inst.frac_offset_valid[0]
PHY-1001 : 53 feed throughs used by 27 nets
RUN-1001 : Import timing constraints
RUN-1001 : Import IO constraints
RUN-1001 : Import Inst constraints
RUN-1001 : Import design success TD_VERSION=5.6.59063 , DB_VERSION=46140
RUN-1003 : finish command "import_db D:/a_FPGA_Project/SF1_PWM/td_project/pwm_demo_Runs/phy_1/pwm_demo_pr.db" in  1.590022s wall, 1.593750s user + 0.156250s system = 1.750000s CPU (110.1%)

RUN-1004 : used memory is 414 MB, reserved memory is 373 MB, peak memory is 451 MB
RUN-1002 : start command "report_timing"
RUN-1002 : start command "start_timer"
RUN-1002 : start command "end_timer"
RUN-1002 : start command "download -bit pwm_demo_Runs\phy_1\pwm_demo.bit -mode program_riscv -hex2 D:\a_FPGA_Project\SF1_PWM\riscv_project\pwm_demo\Debug\pwm_demo.hex -spd 6 -sec 64 -cable 0"
PRG-2014 : Chip validation success: SF1S60
PRG-2505 : ProgramSvf:  program pwm_demo_Runs/phy_1/pwm_demo.svf successfully
RUN-1003 : finish command "program_svf -svf pwm_demo_Runs/phy_1/pwm_demo.svf -spd 6" in  13.661012s wall, 0.687500s user + 0.359375s system = 1.046875s CPU (7.7%)

RUN-1004 : used memory is 447 MB, reserved memory is 407 MB, peak memory is 460 MB
RUN-1003 : finish command "download -bit pwm_demo_Runs\phy_1\pwm_demo.bit -mode program_riscv -hex2 D:\a_FPGA_Project\SF1_PWM\riscv_project\pwm_demo\Debug\pwm_demo.hex -spd 6 -sec 64 -cable 0" in  13.956365s wall, 0.906250s user + 0.390625s system = 1.296875s CPU (9.3%)

RUN-1004 : used memory is 447 MB, reserved memory is 407 MB, peak memory is 460 MB
GUI-1001 : Download success!
