============================================================
   Tang Dynasty, V5.6.59063
   Copyright (c) 2012-2022 Anlogic
   Executable = D:/TD_anlu/bin/td.exe
   Built at =   12:45:13 Sep  6 2022
   Run by =     HW
   Run Date =   Fri Oct 28 16:23:58 2022

   Run on =     LAPTOP-UGI9IIEM
============================================================
RUN-1001 : open_run phy_1.
RUN-1002 : start command "import_db D:/a_liulanqixiazai/SF1_PWM/td_project/pwm_demo_Runs/phy_1/pwm_demo_pr.db"
RUN-1001 : Importing database generated by Tang Dynasty, V5.6.59063.
RUN-1001 : Database version number 46140.
RUN-1001 : Import flow parameters
PHY-1001 : Generate detailed routing grids ...
PHY-1001 : Generate nets ...
PHY-1001 : net I_clk_25m_dup_1 will be routed on clock mesh
PHY-5010 WARNING: Net u_ahb_pwm/I_ahb_hsize[2] is skipped due to 0 input or output
PHY-5010 WARNING: Net u_ahb_pwm/I_ahb_hsize[1] is skipped due to 0 input or output
PHY-5010 WARNING: Net u_ahb_pwm/I_ahb_hsize[0] is skipped due to 0 input or output
PHY-1001 : clock net u_ahb_pwm/pwm7/clk_div_syn_3 will be merged with clock u_ahb_pwm/pwm7/clk_div
PHY-1001 : clock net u_ahb_pwm/I_ahb_clk will be merged with clock u_pll/clk0_buf
PHY-1001 : clock net u_ahb_pwm/pwm0/clk_div_syn_3 will be merged with clock u_ahb_pwm/pwm0/clk_div
PHY-1001 : clock net u_ahb_pwm/pwm1/clk_div_syn_3 will be merged with clock u_ahb_pwm/pwm1/clk_div
PHY-1001 : clock net u_ahb_pwm/pwm2/clk_div_syn_3 will be merged with clock u_ahb_pwm/pwm2/clk_div
PHY-1001 : clock net u_ahb_pwm/pwm3/clk_div_syn_3 will be merged with clock u_ahb_pwm/pwm3/clk_div
PHY-1001 : clock net u_ahb_pwm/pwm6/clk_div_syn_3 will be merged with clock u_ahb_pwm/pwm6/clk_div
PHY-1001 : clock net u_ahb_pwm/pwm4/clk_div_syn_3 will be merged with clock u_ahb_pwm/pwm4/clk_div
PHY-1001 : clock net u_ahb_pwm/pwm5/clk_div_syn_3 will be merged with clock u_ahb_pwm/pwm5/clk_div
PHY-5010 WARNING: Net u_ahb_pwm/I_ahb_hsize[2] is skipped due to 0 input or output
PHY-5010 WARNING: Net u_ahb_pwm/I_ahb_hsize[1] is skipped due to 0 input or output
PHY-5010 WARNING: Net u_ahb_pwm/I_ahb_hsize[0] is skipped due to 0 input or output
PHY-1001 : eco open net = 0
PHY-5014 WARNING: Detail route doesn't find pib for u_pll/pll_inst.dsm_rst[0]
PHY-5014 WARNING: Detail route doesn't find pib for u_pll/pll_inst.dsm_refclk[0]
PHY-5014 WARNING: Detail route doesn't find pib for u_pll/pll_inst.frac_offset_valid[0]
PHY-5014 WARNING: Detail route doesn't find pib for u_pll/pll_inst.ssc_en[0]
PHY-1001 : 41 feed throughs used by 22 nets
RUN-1001 : Import timing constraints
RUN-1001 : Import IO constraints
RUN-1001 : Import Inst constraints
RUN-1001 : Import design success TD_VERSION=5.6.59063 , DB_VERSION=46140
RUN-1003 : finish command "import_db D:/a_liulanqixiazai/SF1_PWM/td_project/pwm_demo_Runs/phy_1/pwm_demo_pr.db" in  2.684299s wall, 2.609375s user + 0.109375s system = 2.718750s CPU (101.3%)

RUN-1004 : used memory is 314 MB, reserved memory is 281 MB, peak memory is 331 MB
RUN-1002 : start command "report_timing"
RUN-1002 : start command "start_timer"
RUN-1002 : start command "end_timer"
RUN-1002 : start command "download -bit pwm_demo_Runs\phy_1\pwm_demo.bit -mode program_riscv -hex2 D:\a_liulanqixiazai\SF1_PWM\riscv_project\pwm_demo\Debug\pwm_demo.hex -spd 6 -sec 64 -cable 0"
PRG-2014 : Chip validation success: SF1S60
PRG-9500 ERROR: USB Error: read data failed

RUN-1003 : finish command "program_svf -svf pwm_demo_Runs/phy_1/pwm_demo.svf -spd 6" in  11.444260s wall, 0.218750s user + 0.078125s system = 0.296875s CPU (2.6%)

RUN-1004 : used memory is 372 MB, reserved memory is 318 MB, peak memory is 402 MB
RUN-1003 : finish command "download -bit pwm_demo_Runs\phy_1\pwm_demo.bit -mode program_riscv -hex2 D:\a_liulanqixiazai\SF1_PWM\riscv_project\pwm_demo\Debug\pwm_demo.hex -spd 6 -sec 64 -cable 0" in  11.673221s wall, 0.343750s user + 0.125000s system = 0.468750s CPU (4.0%)

RUN-1004 : used memory is 372 MB, reserved memory is 318 MB, peak memory is 402 MB
GUI-8702 ERROR: Downloading failed!
RUN-1002 : start command "download -bit pwm_demo_Runs\phy_1\pwm_demo.bit -mode program_riscv -hex2 D:\a_liulanqixiazai\SF1_PWM\riscv_project\pwm_demo\Debug\pwm_demo.hex -spd 6 -sec 64 -cable 0"
PRG-2014 : Chip validation success: SF1S60
PRG-2505 : ProgramSvf:  program pwm_demo_Runs/phy_1/pwm_demo.svf successfully
RUN-1003 : finish command "program_svf -svf pwm_demo_Runs/phy_1/pwm_demo.svf -spd 6" in  13.846028s wall, 0.218750s user + 0.015625s system = 0.234375s CPU (1.7%)

RUN-1004 : used memory is 375 MB, reserved memory is 322 MB, peak memory is 402 MB
RUN-1003 : finish command "download -bit pwm_demo_Runs\phy_1\pwm_demo.bit -mode program_riscv -hex2 D:\a_liulanqixiazai\SF1_PWM\riscv_project\pwm_demo\Debug\pwm_demo.hex -spd 6 -sec 64 -cable 0" in  14.081116s wall, 0.343750s user + 0.078125s system = 0.421875s CPU (3.0%)

RUN-1004 : used memory is 375 MB, reserved memory is 322 MB, peak memory is 402 MB
GUI-1001 : Download success!
RUN-1002 : start command "download -bit pwm_demo_Runs\phy_1\pwm_demo.bit -mode program_riscv -hex2 D:\a_liulanqixiazai\SF1_PWM\riscv_project\pwm_demo\Debug\pwm_demo.hex -spd 6 -sec 64 -cable 0"
PRG-2014 : Chip validation success: SF1S60
PRG-2505 : ProgramSvf:  program pwm_demo_Runs/phy_1/pwm_demo.svf successfully
RUN-1003 : finish command "program_svf -svf pwm_demo_Runs/phy_1/pwm_demo.svf -spd 6" in  13.687732s wall, 0.312500s user + 0.156250s system = 0.468750s CPU (3.4%)

RUN-1004 : used memory is 375 MB, reserved memory is 320 MB, peak memory is 402 MB
RUN-1003 : finish command "download -bit pwm_demo_Runs\phy_1\pwm_demo.bit -mode program_riscv -hex2 D:\a_liulanqixiazai\SF1_PWM\riscv_project\pwm_demo\Debug\pwm_demo.hex -spd 6 -sec 64 -cable 0" in  13.927160s wall, 0.437500s user + 0.203125s system = 0.640625s CPU (4.6%)

RUN-1004 : used memory is 375 MB, reserved memory is 320 MB, peak memory is 402 MB
GUI-1001 : Download success!
RUN-1002 : start command "download -bit pwm_demo_Runs\phy_1\pwm_demo.bit -mode program_riscv -hex2 D:\a_liulanqixiazai\SF1_PWM\riscv_project\pwm_demo\Debug\pwm_demo.hex -spd 6 -sec 64 -cable 0"
PRG-2014 : Chip validation success: SF1S60
PRG-2505 : ProgramSvf:  program pwm_demo_Runs/phy_1/pwm_demo.svf successfully
RUN-1003 : finish command "program_svf -svf pwm_demo_Runs/phy_1/pwm_demo.svf -spd 6" in  13.856868s wall, 0.187500s user + 0.031250s system = 0.218750s CPU (1.6%)

RUN-1004 : used memory is 376 MB, reserved memory is 321 MB, peak memory is 402 MB
RUN-1003 : finish command "download -bit pwm_demo_Runs\phy_1\pwm_demo.bit -mode program_riscv -hex2 D:\a_liulanqixiazai\SF1_PWM\riscv_project\pwm_demo\Debug\pwm_demo.hex -spd 6 -sec 64 -cable 0" in  14.100404s wall, 0.328125s user + 0.046875s system = 0.375000s CPU (2.7%)

RUN-1004 : used memory is 376 MB, reserved memory is 321 MB, peak memory is 402 MB
GUI-1001 : Download success!
RUN-1002 : start command "download -bit pwm_demo_Runs\phy_1\pwm_demo.bit -mode program_riscv -hex2 D:\a_liulanqixiazai\SF1_PWM\riscv_project\pwm_demo\Debug\pwm_demo.hex -spd 6 -sec 64 -cable 0"
PRG-2014 : Chip validation success: SF1S60
PRG-2505 : ProgramSvf:  program pwm_demo_Runs/phy_1/pwm_demo.svf successfully
RUN-1003 : finish command "program_svf -svf pwm_demo_Runs/phy_1/pwm_demo.svf -spd 6" in  13.709971s wall, 0.203125s user + 0.109375s system = 0.312500s CPU (2.3%)

RUN-1004 : used memory is 393 MB, reserved memory is 338 MB, peak memory is 406 MB
RUN-1003 : finish command "download -bit pwm_demo_Runs\phy_1\pwm_demo.bit -mode program_riscv -hex2 D:\a_liulanqixiazai\SF1_PWM\riscv_project\pwm_demo\Debug\pwm_demo.hex -spd 6 -sec 64 -cable 0" in  13.960111s wall, 0.375000s user + 0.125000s system = 0.500000s CPU (3.6%)

RUN-1004 : used memory is 393 MB, reserved memory is 338 MB, peak memory is 406 MB
GUI-1001 : Download success!
