============================================================
   Tang Dynasty, V5.6.59063
   Copyright (c) 2012-2022 Anlogic
   Executable = D:/TD_anlu/bin/td.exe
   Built at =   12:45:13 Sep  6 2022
   Run by =     HW
   Run Date =   Tue Oct 25 09:59:51 2022

   Run on =     LAPTOP-UGI9IIEM
============================================================
RUN-1001 : open_run phy_1.
RUN-1002 : start command "import_db D:/a_liulanqixiazai/SF1_PWM/td_project/pwm_demo_Runs/phy_1/pwm_demo_pr.db"
RUN-1001 : Importing database generated by Tang Dynasty, V5.6.59063.
RUN-1001 : Database version number 46140.
RUN-1001 : Import flow parameters
PHY-1001 : Generate detailed routing grids ...
PHY-1001 : Generate nets ...
PHY-1001 : net I_clk_25m_dup_1 will be routed on clock mesh
PHY-5010 WARNING: Net u_ahb_pwm/I_ahb_hsize[2] is skipped due to 0 input or output
PHY-5010 WARNING: Net u_ahb_pwm/I_ahb_hsize[1] is skipped due to 0 input or output
PHY-5010 WARNING: Net u_ahb_pwm/I_ahb_hsize[0] is skipped due to 0 input or output
PHY-1001 : clock net u_ahb_pwm/pwm7/clk_div_syn_3 will be merged with clock u_ahb_pwm/pwm7/clk_div
PHY-1001 : clock net u_ahb_pwm/I_ahb_clk will be merged with clock u_pll/clk0_buf
PHY-1001 : clock net u_ahb_pwm/pwm0/clk_div_syn_3 will be merged with clock u_ahb_pwm/pwm0/clk_div
PHY-1001 : clock net u_ahb_pwm/pwm1/clk_div_syn_3 will be merged with clock u_ahb_pwm/pwm1/clk_div
PHY-1001 : clock net u_ahb_pwm/pwm2/clk_div_syn_3 will be merged with clock u_ahb_pwm/pwm2/clk_div
PHY-1001 : clock net u_ahb_pwm/pwm3/clk_div_syn_3 will be merged with clock u_ahb_pwm/pwm3/clk_div
PHY-1001 : clock net u_ahb_pwm/pwm6/clk_div_syn_3 will be merged with clock u_ahb_pwm/pwm6/clk_div
PHY-1001 : clock net u_ahb_pwm/pwm4/clk_div_syn_3 will be merged with clock u_ahb_pwm/pwm4/clk_div
PHY-1001 : clock net u_ahb_pwm/pwm5/clk_div_syn_3 will be merged with clock u_ahb_pwm/pwm5/clk_div
PHY-5010 WARNING: Net u_ahb_pwm/I_ahb_hsize[2] is skipped due to 0 input or output
PHY-5010 WARNING: Net u_ahb_pwm/I_ahb_hsize[1] is skipped due to 0 input or output
PHY-5010 WARNING: Net u_ahb_pwm/I_ahb_hsize[0] is skipped due to 0 input or output
PHY-1001 : eco open net = 0
PHY-5014 WARNING: Detail route doesn't find pib for u_pll/pll_inst.dsm_rst[0]
PHY-5014 WARNING: Detail route doesn't find pib for u_pll/pll_inst.dsm_refclk[0]
PHY-5014 WARNING: Detail route doesn't find pib for u_pll/pll_inst.frac_offset_valid[0]
PHY-5014 WARNING: Detail route doesn't find pib for u_pll/pll_inst.ssc_en[0]
PHY-1001 : 41 feed throughs used by 22 nets
RUN-1001 : Import timing constraints
RUN-1001 : Import IO constraints
RUN-1001 : Import Inst constraints
RUN-1001 : Import design success TD_VERSION=5.6.59063 , DB_VERSION=46140
RUN-1003 : finish command "import_db D:/a_liulanqixiazai/SF1_PWM/td_project/pwm_demo_Runs/phy_1/pwm_demo_pr.db" in  3.017031s wall, 2.937500s user + 0.093750s system = 3.031250s CPU (100.5%)

RUN-1004 : used memory is 336 MB, reserved memory is 287 MB, peak memory is 354 MB
RUN-1002 : start command "report_timing"
RUN-1002 : start command "start_timer"
RUN-1002 : start command "end_timer"
RUN-1002 : start command "download -bit pwm_demo_Runs\phy_1\pwm_demo.bit -mode program_riscv -hex2 D:\a_liulanqixiazai\SF1_PWM\riscv_project\pwm_demo\Debug\pwm_demo.hex -spd 6 -sec 64 -cable 0"
PRG-2014 : Chip validation success: SF1S60
PRG-2505 : ProgramSvf:  program pwm_demo_Runs/phy_1/pwm_demo.svf successfully
RUN-1003 : finish command "program_svf -svf pwm_demo_Runs/phy_1/pwm_demo.svf -spd 6" in  13.471440s wall, 0.406250s user + 0.328125s system = 0.734375s CPU (5.5%)

RUN-1004 : used memory is 368 MB, reserved memory is 318 MB, peak memory is 397 MB
RUN-1003 : finish command "download -bit pwm_demo_Runs\phy_1\pwm_demo.bit -mode program_riscv -hex2 D:\a_liulanqixiazai\SF1_PWM\riscv_project\pwm_demo\Debug\pwm_demo.hex -spd 6 -sec 64 -cable 0" in  13.706970s wall, 0.531250s user + 0.343750s system = 0.875000s CPU (6.4%)

RUN-1004 : used memory is 368 MB, reserved memory is 318 MB, peak memory is 397 MB
GUI-1001 : Download success!
RUN-1002 : start command "download -bit pwm_demo_Runs\phy_1\pwm_demo.bit -mode program_riscv -hex2 D:\a_liulanqixiazai\SF1_PWM\riscv_project\pwm_demo\Debug\pwm_demo.hex -spd 6 -sec 64 -cable 0"
PRG-2014 : Chip validation success: SF1S60
PRG-9500 ERROR: USB Error: read data failed

RUN-1003 : finish command "program_svf -svf pwm_demo_Runs/phy_1/pwm_demo.svf -spd 6" in  12.633732s wall, 0.343750s user + 0.140625s system = 0.484375s CPU (3.8%)

RUN-1004 : used memory is 367 MB, reserved memory is 320 MB, peak memory is 397 MB
RUN-1003 : finish command "download -bit pwm_demo_Runs\phy_1\pwm_demo.bit -mode program_riscv -hex2 D:\a_liulanqixiazai\SF1_PWM\riscv_project\pwm_demo\Debug\pwm_demo.hex -spd 6 -sec 64 -cable 0" in  12.871226s wall, 0.468750s user + 0.156250s system = 0.625000s CPU (4.9%)

RUN-1004 : used memory is 367 MB, reserved memory is 320 MB, peak memory is 397 MB
GUI-8702 ERROR: Downloading failed!
RUN-1002 : start command "download -bit pwm_demo_Runs\phy_1\pwm_demo.bit -mode program_riscv -hex2 D:\a_liulanqixiazai\SF1_PWM\riscv_project\pwm_demo\Debug\pwm_demo.hex -spd 6 -sec 64 -cable 0"
PRG-9505 ERROR: USB device open error, please re-connect the USB cable!
PRG-9505 ERROR: USB device open error, please re-connect the USB cable!
PRG-9525 ERROR: Chip validation failed! Please check the connection or type of chip!
GUI-8702 ERROR: Downloading failed!
RUN-1002 : start command "download -bit pwm_demo_Runs\phy_1\pwm_demo.bit -mode program_riscv -hex2 D:\a_liulanqixiazai\SF1_PWM\riscv_project\pwm_demo\Debug\pwm_demo.hex -spd 6 -sec 64 -cable 0"
PRG-2014 : Chip validation success: SF1S60
PRG-9500 ERROR: USB Error: read data failed

RUN-1003 : finish command "program_svf -svf pwm_demo_Runs/phy_1/pwm_demo.svf -spd 6" in  11.859418s wall, 0.171875s user + 0.062500s system = 0.234375s CPU (2.0%)

RUN-1004 : used memory is 364 MB, reserved memory is 318 MB, peak memory is 397 MB
RUN-1003 : finish command "download -bit pwm_demo_Runs\phy_1\pwm_demo.bit -mode program_riscv -hex2 D:\a_liulanqixiazai\SF1_PWM\riscv_project\pwm_demo\Debug\pwm_demo.hex -spd 6 -sec 64 -cable 0" in  12.091592s wall, 0.312500s user + 0.078125s system = 0.390625s CPU (3.2%)

RUN-1004 : used memory is 364 MB, reserved memory is 318 MB, peak memory is 397 MB
GUI-8702 ERROR: Downloading failed!
RUN-1002 : start command "download -bit pwm_demo_Runs\phy_1\pwm_demo.bit -mode program_riscv -hex2 D:\a_liulanqixiazai\SF1_PWM\riscv_project\pwm_demo\Debug\pwm_demo.hex -spd 6 -sec 64 -cable 0"
PRG-2014 : Chip validation success: SF1S60
PRG-2505 : ProgramSvf:  program pwm_demo_Runs/phy_1/pwm_demo.svf successfully
RUN-1003 : finish command "program_svf -svf pwm_demo_Runs/phy_1/pwm_demo.svf -spd 6" in  13.822906s wall, 0.203125s user + 0.062500s system = 0.265625s CPU (1.9%)

RUN-1004 : used memory is 370 MB, reserved memory is 324 MB, peak memory is 397 MB
RUN-1003 : finish command "download -bit pwm_demo_Runs\phy_1\pwm_demo.bit -mode program_riscv -hex2 D:\a_liulanqixiazai\SF1_PWM\riscv_project\pwm_demo\Debug\pwm_demo.hex -spd 6 -sec 64 -cable 0" in  14.059012s wall, 0.328125s user + 0.093750s system = 0.421875s CPU (3.0%)

RUN-1004 : used memory is 370 MB, reserved memory is 324 MB, peak memory is 397 MB
GUI-1001 : Download success!
RUN-1002 : start command "download -bit pwm_demo_Runs\phy_1\pwm_demo.bit -mode program_riscv -hex2 D:\a_liulanqixiazai\SF1_PWM\riscv_project\pwm_demo\Debug\pwm_demo.hex -spd 6 -sec 64 -cable 0"
PRG-2014 : Chip validation success: SF1S60
PRG-2505 : ProgramSvf:  program pwm_demo_Runs/phy_1/pwm_demo.svf successfully
RUN-1003 : finish command "program_svf -svf pwm_demo_Runs/phy_1/pwm_demo.svf -spd 6" in  13.837630s wall, 0.187500s user + 0.109375s system = 0.296875s CPU (2.1%)

RUN-1004 : used memory is 384 MB, reserved memory is 337 MB, peak memory is 397 MB
RUN-1003 : finish command "download -bit pwm_demo_Runs\phy_1\pwm_demo.bit -mode program_riscv -hex2 D:\a_liulanqixiazai\SF1_PWM\riscv_project\pwm_demo\Debug\pwm_demo.hex -spd 6 -sec 64 -cable 0" in  14.080321s wall, 0.312500s user + 0.140625s system = 0.453125s CPU (3.2%)

RUN-1004 : used memory is 384 MB, reserved memory is 337 MB, peak memory is 397 MB
GUI-1001 : Download success!
RUN-1002 : start command "download -bit pwm_demo_Runs\phy_1\pwm_demo.bit -mode program_riscv -hex2 D:\a_liulanqixiazai\SF1_PWM\riscv_project\pwm_demo\Debug\pwm_demo.hex -spd 6 -sec 64 -cable 0"
PRG-2014 : Chip validation success: SF1S60
PRG-2505 : ProgramSvf:  program pwm_demo_Runs/phy_1/pwm_demo.svf successfully
RUN-1003 : finish command "program_svf -svf pwm_demo_Runs/phy_1/pwm_demo.svf -spd 6" in  13.848327s wall, 0.203125s user + 0.046875s system = 0.250000s CPU (1.8%)

RUN-1004 : used memory is 387 MB, reserved memory is 340 MB, peak memory is 401 MB
RUN-1003 : finish command "download -bit pwm_demo_Runs\phy_1\pwm_demo.bit -mode program_riscv -hex2 D:\a_liulanqixiazai\SF1_PWM\riscv_project\pwm_demo\Debug\pwm_demo.hex -spd 6 -sec 64 -cable 0" in  14.077806s wall, 0.328125s user + 0.062500s system = 0.390625s CPU (2.8%)

RUN-1004 : used memory is 387 MB, reserved memory is 340 MB, peak memory is 401 MB
GUI-1001 : Download success!
RUN-1002 : start command "download -bit pwm_demo_Runs\phy_1\pwm_demo.bit -mode program_riscv -hex2 D:\a_liulanqixiazai\SF1_PWM\riscv_project\pwm_demo\Debug\pwm_demo.hex -spd 6 -sec 64 -cable 0"
PRG-2014 : Chip validation success: SF1S60
PRG-2505 : ProgramSvf:  program pwm_demo_Runs/phy_1/pwm_demo.svf successfully
RUN-1003 : finish command "program_svf -svf pwm_demo_Runs/phy_1/pwm_demo.svf -spd 6" in  13.735926s wall, 0.234375s user + 0.062500s system = 0.296875s CPU (2.2%)

RUN-1004 : used memory is 386 MB, reserved memory is 339 MB, peak memory is 401 MB
RUN-1003 : finish command "download -bit pwm_demo_Runs\phy_1\pwm_demo.bit -mode program_riscv -hex2 D:\a_liulanqixiazai\SF1_PWM\riscv_project\pwm_demo\Debug\pwm_demo.hex -spd 6 -sec 64 -cable 0" in  13.968410s wall, 0.375000s user + 0.062500s system = 0.437500s CPU (3.1%)

RUN-1004 : used memory is 386 MB, reserved memory is 339 MB, peak memory is 401 MB
GUI-1001 : Download success!
RUN-1002 : start command "download -bit pwm_demo_Runs\phy_1\pwm_demo.bit -mode program_riscv -hex2 D:\a_liulanqixiazai\SF1_PWM\riscv_project\pwm_demo\Debug\pwm_demo.hex -spd 6 -sec 64 -cable 0"
PRG-2014 : Chip validation success: SF1S60
PRG-2505 : ProgramSvf:  program pwm_demo_Runs/phy_1/pwm_demo.svf successfully
RUN-1003 : finish command "program_svf -svf pwm_demo_Runs/phy_1/pwm_demo.svf -spd 6" in  13.846982s wall, 0.171875s user + 0.093750s system = 0.265625s CPU (1.9%)

RUN-1004 : used memory is 383 MB, reserved memory is 336 MB, peak memory is 401 MB
RUN-1003 : finish command "download -bit pwm_demo_Runs\phy_1\pwm_demo.bit -mode program_riscv -hex2 D:\a_liulanqixiazai\SF1_PWM\riscv_project\pwm_demo\Debug\pwm_demo.hex -spd 6 -sec 64 -cable 0" in  14.082713s wall, 0.296875s user + 0.109375s system = 0.406250s CPU (2.9%)

RUN-1004 : used memory is 383 MB, reserved memory is 336 MB, peak memory is 401 MB
GUI-1001 : Download success!
RUN-1002 : start command "download -bit pwm_demo_Runs\phy_1\pwm_demo.bit -mode program_riscv -hex2 D:\a_liulanqixiazai\SF1_PWM\riscv_project\pwm_demo\Debug\pwm_demo.hex -spd 6 -sec 64 -cable 0"
PRG-2014 : Chip validation success: SF1S60
PRG-2505 : ProgramSvf:  program pwm_demo_Runs/phy_1/pwm_demo.svf successfully
RUN-1003 : finish command "program_svf -svf pwm_demo_Runs/phy_1/pwm_demo.svf -spd 6" in  13.727622s wall, 0.171875s user + 0.078125s system = 0.250000s CPU (1.8%)

RUN-1004 : used memory is 389 MB, reserved memory is 341 MB, peak memory is 402 MB
RUN-1003 : finish command "download -bit pwm_demo_Runs\phy_1\pwm_demo.bit -mode program_riscv -hex2 D:\a_liulanqixiazai\SF1_PWM\riscv_project\pwm_demo\Debug\pwm_demo.hex -spd 6 -sec 64 -cable 0" in  13.953534s wall, 0.312500s user + 0.078125s system = 0.390625s CPU (2.8%)

RUN-1004 : used memory is 389 MB, reserved memory is 341 MB, peak memory is 402 MB
GUI-1001 : Download success!
RUN-1002 : start command "download -bit pwm_demo_Runs\phy_1\pwm_demo.bit -mode program_riscv -hex2 D:\a_liulanqixiazai\SF1_PWM\riscv_project\pwm_demo\Debug\pwm_demo.hex -spd 6 -sec 64 -cable 0"
PRG-2014 : Chip validation success: SF1S60
PRG-2505 : ProgramSvf:  program pwm_demo_Runs/phy_1/pwm_demo.svf successfully
RUN-1003 : finish command "program_svf -svf pwm_demo_Runs/phy_1/pwm_demo.svf -spd 6" in  13.861835s wall, 0.156250s user + 0.046875s system = 0.203125s CPU (1.5%)

RUN-1004 : used memory is 389 MB, reserved memory is 340 MB, peak memory is 403 MB
RUN-1003 : finish command "download -bit pwm_demo_Runs\phy_1\pwm_demo.bit -mode program_riscv -hex2 D:\a_liulanqixiazai\SF1_PWM\riscv_project\pwm_demo\Debug\pwm_demo.hex -spd 6 -sec 64 -cable 0" in  14.093943s wall, 0.281250s user + 0.046875s system = 0.328125s CPU (2.3%)

RUN-1004 : used memory is 389 MB, reserved memory is 340 MB, peak memory is 403 MB
GUI-1001 : Download success!
RUN-1002 : start command "download -bit pwm_demo_Runs\phy_1\pwm_demo.bit -mode program_riscv -hex2 D:\a_liulanqixiazai\SF1_PWM\riscv_project\pwm_demo\Debug\pwm_demo.hex -spd 6 -sec 64 -cable 0"
PRG-2014 : Chip validation success: SF1S60
PRG-2505 : ProgramSvf:  program pwm_demo_Runs/phy_1/pwm_demo.svf successfully
RUN-1003 : finish command "program_svf -svf pwm_demo_Runs/phy_1/pwm_demo.svf -spd 6" in  13.848523s wall, 0.187500s user + 0.046875s system = 0.234375s CPU (1.7%)

RUN-1004 : used memory is 386 MB, reserved memory is 338 MB, peak memory is 403 MB
RUN-1003 : finish command "download -bit pwm_demo_Runs\phy_1\pwm_demo.bit -mode program_riscv -hex2 D:\a_liulanqixiazai\SF1_PWM\riscv_project\pwm_demo\Debug\pwm_demo.hex -spd 6 -sec 64 -cable 0" in  14.076348s wall, 0.359375s user + 0.062500s system = 0.421875s CPU (3.0%)

RUN-1004 : used memory is 386 MB, reserved memory is 338 MB, peak memory is 403 MB
GUI-1001 : Download success!
RUN-1002 : start command "download -bit pwm_demo_Runs\phy_1\pwm_demo.bit -mode program_riscv -hex2 D:\a_liulanqixiazai\SF1_PWM\riscv_project\pwm_demo\Debug\pwm_demo.hex -spd 6 -sec 64 -cable 0"
PRG-2014 : Chip validation success: SF1S60
PRG-2505 : ProgramSvf:  program pwm_demo_Runs/phy_1/pwm_demo.svf successfully
RUN-1003 : finish command "program_svf -svf pwm_demo_Runs/phy_1/pwm_demo.svf -spd 6" in  13.874194s wall, 0.156250s user + 0.062500s system = 0.218750s CPU (1.6%)

RUN-1004 : used memory is 389 MB, reserved memory is 341 MB, peak memory is 403 MB
RUN-1003 : finish command "download -bit pwm_demo_Runs\phy_1\pwm_demo.bit -mode program_riscv -hex2 D:\a_liulanqixiazai\SF1_PWM\riscv_project\pwm_demo\Debug\pwm_demo.hex -spd 6 -sec 64 -cable 0" in  14.111861s wall, 0.281250s user + 0.078125s system = 0.359375s CPU (2.5%)

RUN-1004 : used memory is 389 MB, reserved memory is 341 MB, peak memory is 403 MB
GUI-1001 : Download success!
RUN-1002 : start command "download -bit pwm_demo_Runs\phy_1\pwm_demo.bit -mode program_riscv -hex2 D:\a_liulanqixiazai\SF1_PWM\riscv_project\pwm_demo\Debug\pwm_demo.hex -spd 6 -sec 64 -cable 0"
PRG-2014 : Chip validation success: SF1S60
PRG-2505 : ProgramSvf:  program pwm_demo_Runs/phy_1/pwm_demo.svf successfully
RUN-1003 : finish command "program_svf -svf pwm_demo_Runs/phy_1/pwm_demo.svf -spd 6" in  13.796939s wall, 0.140625s user + 0.109375s system = 0.250000s CPU (1.8%)

RUN-1004 : used memory is 389 MB, reserved memory is 341 MB, peak memory is 403 MB
RUN-1003 : finish command "download -bit pwm_demo_Runs\phy_1\pwm_demo.bit -mode program_riscv -hex2 D:\a_liulanqixiazai\SF1_PWM\riscv_project\pwm_demo\Debug\pwm_demo.hex -spd 6 -sec 64 -cable 0" in  14.026503s wall, 0.281250s user + 0.140625s system = 0.421875s CPU (3.0%)

RUN-1004 : used memory is 389 MB, reserved memory is 341 MB, peak memory is 403 MB
GUI-1001 : Download success!
RUN-1002 : start command "download -bit pwm_demo_Runs\phy_1\pwm_demo.bit -mode program_riscv -hex2 D:\a_liulanqixiazai\SF1_PWM\riscv_project\pwm_demo\Debug\pwm_demo.hex -spd 6 -sec 64 -cable 0"
PRG-2014 : Chip validation success: SF1S60
PRG-2505 : ProgramSvf:  program pwm_demo_Runs/phy_1/pwm_demo.svf successfully
RUN-1003 : finish command "program_svf -svf pwm_demo_Runs/phy_1/pwm_demo.svf -spd 6" in  13.750520s wall, 0.250000s user + 0.078125s system = 0.328125s CPU (2.4%)

RUN-1004 : used memory is 389 MB, reserved memory is 342 MB, peak memory is 403 MB
RUN-1003 : finish command "download -bit pwm_demo_Runs\phy_1\pwm_demo.bit -mode program_riscv -hex2 D:\a_liulanqixiazai\SF1_PWM\riscv_project\pwm_demo\Debug\pwm_demo.hex -spd 6 -sec 64 -cable 0" in  13.979429s wall, 0.375000s user + 0.093750s system = 0.468750s CPU (3.4%)

RUN-1004 : used memory is 389 MB, reserved memory is 342 MB, peak memory is 403 MB
GUI-1001 : Download success!
