============================================================
   Tang Dynasty, V5.6.59063
   Copyright (c) 2012-2022 Anlogic
   Executable = D:/TD_anlu/bin/td.exe
   Built at =   12:45:13 Sep  6 2022
   Run by =     HW
   Run Date =   Sun Oct 23 14:58:10 2022

   Run on =     LAPTOP-UGI9IIEM
============================================================
RUN-1001 : open_run phy_1.
RUN-1002 : start command "import_db D:/a_liulanqixiazai/SF1_PWM/td_project/pwm_demo_Runs/phy_1/pwm_demo_pr.db"
RUN-1001 : Importing database generated by Tang Dynasty, V5.6.59063.
RUN-1001 : Database version number 46140.
RUN-1001 : Import flow parameters
PHY-1001 : Generate detailed routing grids ...
PHY-1001 : Generate nets ...
PHY-1001 : net I_clk_25m_dup_1 will be routed on clock mesh
PHY-5010 WARNING: Net u_ahb_pwm/I_ahb_hsize[2] is skipped due to 0 input or output
PHY-5010 WARNING: Net u_ahb_pwm/I_ahb_hsize[1] is skipped due to 0 input or output
PHY-5010 WARNING: Net u_ahb_pwm/I_ahb_hsize[0] is skipped due to 0 input or output
PHY-1001 : clock net u_ahb_pwm/pwm7/clk_div_syn_3 will be merged with clock u_ahb_pwm/pwm7/clk_div
PHY-1001 : clock net u_ahb_pwm/I_ahb_clk will be merged with clock u_pll/clk0_buf
PHY-1001 : clock net u_ahb_pwm/pwm0/clk_div_syn_3 will be merged with clock u_ahb_pwm/pwm0/clk_div
PHY-1001 : clock net u_ahb_pwm/pwm1/clk_div_syn_3 will be merged with clock u_ahb_pwm/pwm1/clk_div
PHY-1001 : clock net u_ahb_pwm/pwm2/clk_div_syn_3 will be merged with clock u_ahb_pwm/pwm2/clk_div
PHY-1001 : clock net u_ahb_pwm/pwm3/clk_div_syn_3 will be merged with clock u_ahb_pwm/pwm3/clk_div
PHY-1001 : clock net u_ahb_pwm/pwm6/clk_div_syn_3 will be merged with clock u_ahb_pwm/pwm6/clk_div
PHY-1001 : clock net u_ahb_pwm/pwm4/clk_div_syn_3 will be merged with clock u_ahb_pwm/pwm4/clk_div
PHY-1001 : clock net u_ahb_pwm/pwm5/clk_div_syn_3 will be merged with clock u_ahb_pwm/pwm5/clk_div
PHY-5010 WARNING: Net u_ahb_pwm/I_ahb_hsize[2] is skipped due to 0 input or output
PHY-5010 WARNING: Net u_ahb_pwm/I_ahb_hsize[1] is skipped due to 0 input or output
PHY-5010 WARNING: Net u_ahb_pwm/I_ahb_hsize[0] is skipped due to 0 input or output
PHY-1001 : eco open net = 0
PHY-5014 WARNING: Detail route doesn't find pib for u_pll/pll_inst.dsm_rst[0]
PHY-5014 WARNING: Detail route doesn't find pib for u_pll/pll_inst.dsm_refclk[0]
PHY-5014 WARNING: Detail route doesn't find pib for u_pll/pll_inst.frac_offset_valid[0]
PHY-5014 WARNING: Detail route doesn't find pib for u_pll/pll_inst.ssc_en[0]
PHY-1001 : 41 feed throughs used by 22 nets
RUN-1001 : Import timing constraints
RUN-1001 : Import IO constraints
RUN-1001 : Import Inst constraints
RUN-1001 : Import design success TD_VERSION=5.6.59063 , DB_VERSION=46140
RUN-1003 : finish command "import_db D:/a_liulanqixiazai/SF1_PWM/td_project/pwm_demo_Runs/phy_1/pwm_demo_pr.db" in  2.782587s wall, 2.718750s user + 0.109375s system = 2.828125s CPU (101.6%)

RUN-1004 : used memory is 313 MB, reserved memory is 279 MB, peak memory is 329 MB
RUN-1002 : start command "report_timing"
RUN-1002 : start command "start_timer"
RUN-1002 : start command "end_timer"
RUN-1002 : start command "download -bit pwm_demo_Runs\phy_1\pwm_demo.bit -mode program_riscv -hex2 D:\a_liulanqixiazai\SF1_PWM\riscv_project\pwm_demo\Debug\pwm_demo.hex -spd 6 -sec 64 -cable 0"
PRG-2014 : Chip validation success: SF1S60
PRG-2505 : ProgramSvf:  program pwm_demo_Runs/phy_1/pwm_demo.svf successfully
RUN-1003 : finish command "program_svf -svf pwm_demo_Runs/phy_1/pwm_demo.svf -spd 6" in  13.596155s wall, 0.234375s user + 0.203125s system = 0.437500s CPU (3.2%)

RUN-1004 : used memory is 368 MB, reserved memory is 318 MB, peak memory is 397 MB
RUN-1003 : finish command "download -bit pwm_demo_Runs\phy_1\pwm_demo.bit -mode program_riscv -hex2 D:\a_liulanqixiazai\SF1_PWM\riscv_project\pwm_demo\Debug\pwm_demo.hex -spd 6 -sec 64 -cable 0" in  13.837771s wall, 0.406250s user + 0.203125s system = 0.609375s CPU (4.4%)

RUN-1004 : used memory is 368 MB, reserved memory is 318 MB, peak memory is 397 MB
GUI-1001 : Download success!
RUN-1002 : start command "download -bit pwm_demo_Runs\phy_1\pwm_demo.bit -mode program_riscv -hex2 D:\a_liulanqixiazai\SF1_PWM\riscv_project\pwm_demo\Debug\pwm_demo.hex -spd 6 -sec 64 -cable 0"
PRG-2014 : Chip validation success: SF1S60
PRG-2505 : ProgramSvf:  program pwm_demo_Runs/phy_1/pwm_demo.svf successfully
RUN-1003 : finish command "program_svf -svf pwm_demo_Runs/phy_1/pwm_demo.svf -spd 6" in  13.608130s wall, 0.281250s user + 0.093750s system = 0.375000s CPU (2.8%)

RUN-1004 : used memory is 374 MB, reserved memory is 323 MB, peak memory is 400 MB
RUN-1003 : finish command "download -bit pwm_demo_Runs\phy_1\pwm_demo.bit -mode program_riscv -hex2 D:\a_liulanqixiazai\SF1_PWM\riscv_project\pwm_demo\Debug\pwm_demo.hex -spd 6 -sec 64 -cable 0" in  13.842624s wall, 0.421875s user + 0.109375s system = 0.531250s CPU (3.8%)

RUN-1004 : used memory is 374 MB, reserved memory is 323 MB, peak memory is 400 MB
GUI-1001 : Download success!
RUN-1002 : start command "download -bit pwm_demo_Runs\phy_1\pwm_demo.bit -mode program_riscv -hex2 D:\a_liulanqixiazai\SF1_PWM\riscv_project\pwm_demo\Debug\pwm_demo.hex -spd 6 -sec 64 -cable 0"
PRG-2014 : Chip validation success: SF1S60
PRG-2505 : ProgramSvf:  program pwm_demo_Runs/phy_1/pwm_demo.svf successfully
RUN-1003 : finish command "program_svf -svf pwm_demo_Runs/phy_1/pwm_demo.svf -spd 6" in  13.504977s wall, 0.328125s user + 0.078125s system = 0.406250s CPU (3.0%)

RUN-1004 : used memory is 376 MB, reserved memory is 322 MB, peak memory is 403 MB
RUN-1003 : finish command "download -bit pwm_demo_Runs\phy_1\pwm_demo.bit -mode program_riscv -hex2 D:\a_liulanqixiazai\SF1_PWM\riscv_project\pwm_demo\Debug\pwm_demo.hex -spd 6 -sec 64 -cable 0" in  13.740335s wall, 0.484375s user + 0.125000s system = 0.609375s CPU (4.4%)

RUN-1004 : used memory is 376 MB, reserved memory is 322 MB, peak memory is 403 MB
GUI-1001 : Download success!
RUN-1002 : start command "download -bit pwm_demo_Runs\phy_1\pwm_demo.bit -mode program_riscv -hex2 D:\a_liulanqixiazai\SF1_PWM\riscv_project\pwm_demo\Debug\pwm_demo.hex -spd 6 -sec 64 -cable 0"
PRG-2014 : Chip validation success: SF1S60
PRG-2505 : ProgramSvf:  program pwm_demo_Runs/phy_1/pwm_demo.svf successfully
RUN-1003 : finish command "program_svf -svf pwm_demo_Runs/phy_1/pwm_demo.svf -spd 6" in  13.474532s wall, 0.234375s user + 0.125000s system = 0.359375s CPU (2.7%)

RUN-1004 : used memory is 392 MB, reserved memory is 338 MB, peak memory is 405 MB
RUN-1003 : finish command "download -bit pwm_demo_Runs\phy_1\pwm_demo.bit -mode program_riscv -hex2 D:\a_liulanqixiazai\SF1_PWM\riscv_project\pwm_demo\Debug\pwm_demo.hex -spd 6 -sec 64 -cable 0" in  13.706588s wall, 0.359375s user + 0.140625s system = 0.500000s CPU (3.6%)

RUN-1004 : used memory is 392 MB, reserved memory is 338 MB, peak memory is 405 MB
GUI-1001 : Download success!
RUN-1002 : start command "download -bit pwm_demo_Runs\phy_1\pwm_demo.bit -mode program_riscv -hex2 D:\a_liulanqixiazai\SF1_PWM\riscv_project\pwm_demo\Debug\pwm_demo.hex -spd 6 -sec 64 -cable 0"
PRG-2014 : Chip validation success: SF1S60
PRG-2505 : ProgramSvf:  program pwm_demo_Runs/phy_1/pwm_demo.svf successfully
RUN-1003 : finish command "program_svf -svf pwm_demo_Runs/phy_1/pwm_demo.svf -spd 6" in  13.497786s wall, 0.218750s user + 0.140625s system = 0.359375s CPU (2.7%)

RUN-1004 : used memory is 393 MB, reserved memory is 339 MB, peak memory is 406 MB
RUN-1003 : finish command "download -bit pwm_demo_Runs\phy_1\pwm_demo.bit -mode program_riscv -hex2 D:\a_liulanqixiazai\SF1_PWM\riscv_project\pwm_demo\Debug\pwm_demo.hex -spd 6 -sec 64 -cable 0" in  13.722221s wall, 0.359375s user + 0.140625s system = 0.500000s CPU (3.6%)

RUN-1004 : used memory is 393 MB, reserved memory is 339 MB, peak memory is 406 MB
GUI-1001 : Download success!
RUN-1002 : start command "download -bit pwm_demo_Runs\phy_1\pwm_demo.bit -mode program_riscv -hex2 D:\a_liulanqixiazai\SF1_PWM\riscv_project\pwm_demo\Debug\pwm_demo.hex -spd 6 -sec 64 -cable 0"
PRG-2014 : Chip validation success: SF1S60
PRG-2505 : ProgramSvf:  program pwm_demo_Runs/phy_1/pwm_demo.svf successfully
RUN-1003 : finish command "program_svf -svf pwm_demo_Runs/phy_1/pwm_demo.svf -spd 6" in  13.531091s wall, 0.234375s user + 0.140625s system = 0.375000s CPU (2.8%)

RUN-1004 : used memory is 391 MB, reserved memory is 338 MB, peak memory is 406 MB
RUN-1003 : finish command "download -bit pwm_demo_Runs\phy_1\pwm_demo.bit -mode program_riscv -hex2 D:\a_liulanqixiazai\SF1_PWM\riscv_project\pwm_demo\Debug\pwm_demo.hex -spd 6 -sec 64 -cable 0" in  13.769540s wall, 0.390625s user + 0.140625s system = 0.531250s CPU (3.9%)

RUN-1004 : used memory is 391 MB, reserved memory is 338 MB, peak memory is 406 MB
GUI-1001 : Download success!
RUN-1002 : start command "download -bit pwm_demo_Runs\phy_1\pwm_demo.bit -mode program_riscv -hex2 D:\a_liulanqixiazai\SF1_PWM\riscv_project\pwm_demo\Debug\pwm_demo.hex -spd 6 -sec 64 -cable 0"
PRG-2014 : Chip validation success: SF1S60
PRG-2505 : ProgramSvf:  program pwm_demo_Runs/phy_1/pwm_demo.svf successfully
RUN-1003 : finish command "program_svf -svf pwm_demo_Runs/phy_1/pwm_demo.svf -spd 6" in  13.497069s wall, 0.187500s user + 0.140625s system = 0.328125s CPU (2.4%)

RUN-1004 : used memory is 392 MB, reserved memory is 339 MB, peak memory is 406 MB
RUN-1003 : finish command "download -bit pwm_demo_Runs\phy_1\pwm_demo.bit -mode program_riscv -hex2 D:\a_liulanqixiazai\SF1_PWM\riscv_project\pwm_demo\Debug\pwm_demo.hex -spd 6 -sec 64 -cable 0" in  13.729166s wall, 0.312500s user + 0.171875s system = 0.484375s CPU (3.5%)

RUN-1004 : used memory is 392 MB, reserved memory is 339 MB, peak memory is 406 MB
GUI-1001 : Download success!
RUN-1002 : start command "download -bit pwm_demo_Runs\phy_1\pwm_demo.bit -mode program_riscv -hex2 D:\a_liulanqixiazai\SF1_PWM\riscv_project\pwm_demo\Debug\pwm_demo.hex -spd 6 -sec 64 -cable 0"
PRG-2014 : Chip validation success: SF1S60
PRG-2505 : ProgramSvf:  program pwm_demo_Runs/phy_1/pwm_demo.svf successfully
RUN-1003 : finish command "program_svf -svf pwm_demo_Runs/phy_1/pwm_demo.svf -spd 6" in  13.485928s wall, 0.250000s user + 0.000000s system = 0.250000s CPU (1.9%)

RUN-1004 : used memory is 389 MB, reserved memory is 336 MB, peak memory is 406 MB
RUN-1003 : finish command "download -bit pwm_demo_Runs\phy_1\pwm_demo.bit -mode program_riscv -hex2 D:\a_liulanqixiazai\SF1_PWM\riscv_project\pwm_demo\Debug\pwm_demo.hex -spd 6 -sec 64 -cable 0" in  13.726089s wall, 0.359375s user + 0.046875s system = 0.406250s CPU (3.0%)

RUN-1004 : used memory is 389 MB, reserved memory is 336 MB, peak memory is 406 MB
GUI-1001 : Download success!
RUN-1002 : start command "download -bit pwm_demo_Runs\phy_1\pwm_demo.bit -mode program_riscv -hex2 D:\a_liulanqixiazai\SF1_PWM\riscv_project\pwm_demo\Debug\pwm_demo.hex -spd 6 -sec 64 -cable 0"
PRG-2014 : Chip validation success: SF1S60
PRG-2505 : ProgramSvf:  program pwm_demo_Runs/phy_1/pwm_demo.svf successfully
RUN-1003 : finish command "program_svf -svf pwm_demo_Runs/phy_1/pwm_demo.svf -spd 6" in  13.517957s wall, 0.218750s user + 0.109375s system = 0.328125s CPU (2.4%)

RUN-1004 : used memory is 392 MB, reserved memory is 339 MB, peak memory is 406 MB
RUN-1003 : finish command "download -bit pwm_demo_Runs\phy_1\pwm_demo.bit -mode program_riscv -hex2 D:\a_liulanqixiazai\SF1_PWM\riscv_project\pwm_demo\Debug\pwm_demo.hex -spd 6 -sec 64 -cable 0" in  13.746089s wall, 0.343750s user + 0.140625s system = 0.484375s CPU (3.5%)

RUN-1004 : used memory is 392 MB, reserved memory is 339 MB, peak memory is 406 MB
GUI-1001 : Download success!
RUN-1002 : start command "download -bit pwm_demo_Runs\phy_1\pwm_demo.bit -mode program_riscv -hex2 D:\a_liulanqixiazai\SF1_PWM\riscv_project\pwm_demo\Debug\pwm_demo.hex -spd 6 -sec 64 -cable 0"
PRG-2014 : Chip validation success: SF1S60
PRG-2505 : ProgramSvf:  program pwm_demo_Runs/phy_1/pwm_demo.svf successfully
RUN-1003 : finish command "program_svf -svf pwm_demo_Runs/phy_1/pwm_demo.svf -spd 6" in  13.495168s wall, 0.281250s user + 0.156250s system = 0.437500s CPU (3.2%)

RUN-1004 : used memory is 392 MB, reserved memory is 339 MB, peak memory is 406 MB
RUN-1003 : finish command "download -bit pwm_demo_Runs\phy_1\pwm_demo.bit -mode program_riscv -hex2 D:\a_liulanqixiazai\SF1_PWM\riscv_project\pwm_demo\Debug\pwm_demo.hex -spd 6 -sec 64 -cable 0" in  13.731361s wall, 0.421875s user + 0.171875s system = 0.593750s CPU (4.3%)

RUN-1004 : used memory is 392 MB, reserved memory is 339 MB, peak memory is 406 MB
GUI-1001 : Download success!
RUN-1002 : start command "download -bit pwm_demo_Runs\phy_1\pwm_demo.bit -mode program_riscv -hex2 D:\a_liulanqixiazai\SF1_PWM\riscv_project\pwm_demo\Debug\pwm_demo.hex -spd 6 -sec 64 -cable 0"
PRG-2014 : Chip validation success: SF1S60
PRG-2505 : ProgramSvf:  program pwm_demo_Runs/phy_1/pwm_demo.svf successfully
RUN-1003 : finish command "program_svf -svf pwm_demo_Runs/phy_1/pwm_demo.svf -spd 6" in  13.486923s wall, 0.234375s user + 0.046875s system = 0.281250s CPU (2.1%)

RUN-1004 : used memory is 393 MB, reserved memory is 340 MB, peak memory is 406 MB
RUN-1003 : finish command "download -bit pwm_demo_Runs\phy_1\pwm_demo.bit -mode program_riscv -hex2 D:\a_liulanqixiazai\SF1_PWM\riscv_project\pwm_demo\Debug\pwm_demo.hex -spd 6 -sec 64 -cable 0" in  13.719698s wall, 0.343750s user + 0.078125s system = 0.421875s CPU (3.1%)

RUN-1004 : used memory is 393 MB, reserved memory is 340 MB, peak memory is 406 MB
GUI-1001 : Download success!
RUN-1002 : start command "download -bit pwm_demo_Runs\phy_1\pwm_demo.bit -mode program_riscv -hex2 D:\a_liulanqixiazai\SF1_PWM\riscv_project\pwm_demo\Debug\pwm_demo.hex -spd 6 -sec 64 -cable 0"
PRG-2014 : Chip validation success: SF1S60
PRG-2505 : ProgramSvf:  program pwm_demo_Runs/phy_1/pwm_demo.svf successfully
RUN-1003 : finish command "program_svf -svf pwm_demo_Runs/phy_1/pwm_demo.svf -spd 6" in  13.466009s wall, 0.265625s user + 0.078125s system = 0.343750s CPU (2.6%)

RUN-1004 : used memory is 392 MB, reserved memory is 339 MB, peak memory is 406 MB
RUN-1003 : finish command "download -bit pwm_demo_Runs\phy_1\pwm_demo.bit -mode program_riscv -hex2 D:\a_liulanqixiazai\SF1_PWM\riscv_project\pwm_demo\Debug\pwm_demo.hex -spd 6 -sec 64 -cable 0" in  13.695056s wall, 0.406250s user + 0.078125s system = 0.484375s CPU (3.5%)

RUN-1004 : used memory is 392 MB, reserved memory is 339 MB, peak memory is 406 MB
GUI-1001 : Download success!
RUN-1002 : start command "download -bit pwm_demo_Runs\phy_1\pwm_demo.bit -mode program_riscv -hex2 D:\a_liulanqixiazai\SF1_PWM\riscv_project\pwm_demo\Debug\pwm_demo.hex -spd 6 -sec 64 -cable 0"
PRG-2014 : Chip validation success: SF1S60
PRG-2505 : ProgramSvf:  program pwm_demo_Runs/phy_1/pwm_demo.svf successfully
RUN-1003 : finish command "program_svf -svf pwm_demo_Runs/phy_1/pwm_demo.svf -spd 6" in  13.493443s wall, 0.250000s user + 0.093750s system = 0.343750s CPU (2.5%)

RUN-1004 : used memory is 393 MB, reserved memory is 341 MB, peak memory is 407 MB
RUN-1003 : finish command "download -bit pwm_demo_Runs\phy_1\pwm_demo.bit -mode program_riscv -hex2 D:\a_liulanqixiazai\SF1_PWM\riscv_project\pwm_demo\Debug\pwm_demo.hex -spd 6 -sec 64 -cable 0" in  13.734649s wall, 0.375000s user + 0.125000s system = 0.500000s CPU (3.6%)

RUN-1004 : used memory is 393 MB, reserved memory is 341 MB, peak memory is 407 MB
GUI-1001 : Download success!
RUN-1002 : start command "download -bit pwm_demo_Runs\phy_1\pwm_demo.bit -mode program_riscv -hex2 D:\a_liulanqixiazai\SF1_PWM\riscv_project\pwm_demo\Debug\pwm_demo.hex -spd 6 -sec 64 -cable 0"
PRG-2014 : Chip validation success: SF1S60
PRG-2505 : ProgramSvf:  program pwm_demo_Runs/phy_1/pwm_demo.svf successfully
RUN-1003 : finish command "program_svf -svf pwm_demo_Runs/phy_1/pwm_demo.svf -spd 6" in  13.472295s wall, 0.296875s user + 0.140625s system = 0.437500s CPU (3.2%)

RUN-1004 : used memory is 393 MB, reserved memory is 341 MB, peak memory is 408 MB
RUN-1003 : finish command "download -bit pwm_demo_Runs\phy_1\pwm_demo.bit -mode program_riscv -hex2 D:\a_liulanqixiazai\SF1_PWM\riscv_project\pwm_demo\Debug\pwm_demo.hex -spd 6 -sec 64 -cable 0" in  13.704998s wall, 0.421875s user + 0.156250s system = 0.578125s CPU (4.2%)

RUN-1004 : used memory is 393 MB, reserved memory is 341 MB, peak memory is 408 MB
GUI-1001 : Download success!
RUN-1002 : start command "download -bit pwm_demo_Runs\phy_1\pwm_demo.bit -mode program_riscv -hex2 D:\a_liulanqixiazai\SF1_PWM\riscv_project\pwm_demo\Debug\pwm_demo.hex -spd 6 -sec 64 -cable 0"
PRG-2014 : Chip validation success: SF1S60
PRG-2505 : ProgramSvf:  program pwm_demo_Runs/phy_1/pwm_demo.svf successfully
RUN-1003 : finish command "program_svf -svf pwm_demo_Runs/phy_1/pwm_demo.svf -spd 6" in  13.160373s wall, 0.281250s user + 0.093750s system = 0.375000s CPU (2.8%)

RUN-1004 : used memory is 404 MB, reserved memory is 354 MB, peak memory is 416 MB
RUN-1003 : finish command "download -bit pwm_demo_Runs\phy_1\pwm_demo.bit -mode program_riscv -hex2 D:\a_liulanqixiazai\SF1_PWM\riscv_project\pwm_demo\Debug\pwm_demo.hex -spd 6 -sec 64 -cable 0" in  13.389091s wall, 0.437500s user + 0.093750s system = 0.531250s CPU (4.0%)

RUN-1004 : used memory is 404 MB, reserved memory is 354 MB, peak memory is 416 MB
GUI-1001 : Download success!
