============================================================
   Tang Dynasty, V5.6.59063
   Copyright (c) 2012-2022 Anlogic
   Executable = C:/Anlogic/TD5.6.59063/bin/td.exe
   Built at =   12:45:13 Sep  6 2022
   Run by =     zhang
   Run Date =   Sun Sep 18 15:07:32 2022

   Run on =     DESKTOP-DRS13TT
============================================================
RUN-1001 : open_run syn_1.
RUN-1002 : start command "import_db C:/Users/zhang/Desktop/work/FPGA/PWM/td_project/pwm_demo_Runs/syn_1/pwm_demo_rtl.db"
RUN-1001 : Importing database generated by Tang Dynasty, V5.6.59063.
RUN-1001 : Database version number 46140.
RUN-1001 : Import flow parameters
RUN-1001 : Import IO constraints
RUN-1001 : Import Inst constraints
RUN-1001 : Import design success TD_VERSION=5.6.59063 , DB_VERSION=46140
RUN-1002 : start command "report_timing"
RUN-1002 : start command "start_timer"
RUN-1002 : start command "end_timer"
HDL-5007 WARNING: could not find top-level module/unit; aborting hierarchy tree creation
RUN-1001 : Print Global Property
RUN-1001 : ---------------------------------------------------------------
RUN-1001 :        Parameters        |  Settings  |  Default Values  |  Note  
RUN-1001 : ---------------------------------------------------------------
RUN-1001 :          message         |  standard  |     standard     |        
RUN-1001 :   mixed_pack_place_flow  |     on     |        on        |        
RUN-1001 :        qor_monitor       |    off     |       off        |        
RUN-1001 :        syn_ip_flow       |    off     |       off        |        
RUN-1001 :          thread          |    auto    |       auto       |        
RUN-1001 : ---------------------------------------------------------------
RUN-1001 : Print Design Property
RUN-1001 : --------------------------------------------------------------
RUN-1001 :        Parameters       |  Settings  |  Default Values  |  Note  
RUN-1001 : --------------------------------------------------------------
RUN-1001 :   default_reg_initial   |    auto    |       auto       |        
RUN-1001 :        infer_add        |     on     |        on        |        
RUN-1001 :        infer_fsm        |    off     |       off        |        
RUN-1001 :        infer_mult       |     on     |        on        |        
RUN-1001 :        infer_ram        |     on     |        on        |        
RUN-1001 :        infer_reg        |     on     |        on        |        
RUN-1001 :   infer_reg_init_value  |     on     |        on        |        
RUN-1001 :        infer_rom        |     on     |        on        |        
RUN-1001 :      infer_shifter      |     on     |        on        |        
RUN-1001 : --------------------------------------------------------------
RUN-1001 : Print Rtl Property
RUN-1001 : --------------------------------------------------------------
RUN-1001 :        Parameters       |  Settings  |  Default Values  |  Note  
RUN-1001 : --------------------------------------------------------------
RUN-1001 :       compress_add      |   ripple   |      ripple      |        
RUN-1001 :        elf_sload        |    off     |       off        |        
RUN-1001 :       fix_undriven      |     0      |        0         |        
RUN-1001 :         flatten         |    off     |       off        |        
RUN-1001 :       gate_sharing      |     on     |        on        |        
RUN-1001 :    hdl_warning_level    |   normal   |      normal      |        
RUN-1001 :   impl_internal_tribuf  |     on     |        on        |        
RUN-1001 :      impl_set_reset     |     on     |        on        |        
RUN-1001 :        infer_gsr        |    off     |       off        |        
RUN-1001 :      keep_hierarchy     |    auto    |       auto       |        
RUN-1001 :        max_fanout       |    9999    |       9999       |        
RUN-1001 :      max_oh2bin_len     |     10     |        10        |        
RUN-1001 :       merge_equal       |     on     |        on        |        
RUN-1001 :       merge_equiv       |     on     |        on        |        
RUN-1001 :        merge_mux        |    off     |       off        |        
RUN-1001 :     min_control_set     |     8      |        8         |        
RUN-1001 :      min_ripple_len     |    auto    |       auto       |        
RUN-1001 :       oh2bin_ratio      |    0.08    |       0.08       |        
RUN-1001 :     opt_adder_fanout    |     on     |        on        |        
RUN-1001 :        opt_arith        |     on     |        on        |        
RUN-1001 :       opt_big_gate      |    off     |       off        |        
RUN-1001 :        opt_const        |     on     |        on        |        
RUN-1001 :      opt_const_mult     |     on     |        on        |        
RUN-1001 :       opt_lessthan      |     on     |        on        |        
RUN-1001 :         opt_mux         |    off     |       off        |        
RUN-1001 :         opt_ram         |    high    |       high       |        
RUN-1001 :      rtl_sim_model      |    off     |       off        |        
RUN-1001 :         seq_syn         |     on     |        on        |        
RUN-1001 : --------------------------------------------------------------
HDL-1007 : analyze verilog file ../apb_gpio.sv
HDL-5007 WARNING: block identifier is required on this block in ../apb_gpio.sv(115)
RUN-1001 : reset_run syn_1.
RUN-1001 : reset_run phy_1.
RUN-1001 : launch_runs syn_1 -step read_design.
RUN-1001 : reset_run phy_1.
RUN-1001 : syn_1: run complete.
RUN-1001 : open_run syn_1.
RUN-1002 : start command "import_db C:/Users/zhang/Desktop/work/FPGA/PWM/td_project/pwm_demo_Runs/syn_1/pwm_demo_elaborate.db"
RUN-1001 : Importing database generated by Tang Dynasty, V5.6.59063.
RUN-1001 : Database version number 46140.
RUN-1001 : Import flow parameters
RUN-1001 : Import IO constraints
RUN-1001 : Import Inst constraints
RUN-1001 : Import design success TD_VERSION=5.6.59063 , DB_VERSION=46140
RUN-1002 : start command "report_timing"
RUN-1002 : start command "start_timer"
RUN-1002 : start command "end_timer"
RUN-1001 : reset_run phy_1.
RUN-1001 : launch_runs syn_1 -step opt_rtl.
RUN-1001 : reset_run phy_1.
RUN-1001 : syn_1: run complete.
RUN-1001 : open_run syn_1.
RUN-1002 : start command "import_db C:/Users/zhang/Desktop/work/FPGA/PWM/td_project/pwm_demo_Runs/syn_1/pwm_demo_rtl.db"
RUN-1001 : Importing database generated by Tang Dynasty, V5.6.59063.
RUN-1001 : Database version number 46140.
RUN-1001 : Import flow parameters
RUN-1001 : Import IO constraints
RUN-1001 : Import Inst constraints
RUN-1001 : Import design success TD_VERSION=5.6.59063 , DB_VERSION=46140
RUN-1002 : start command "report_timing"
RUN-1002 : start command "start_timer"
RUN-1002 : start command "end_timer"
RUN-1001 : Print Global Property
RUN-1001 : ---------------------------------------------------------------
RUN-1001 :        Parameters        |  Settings  |  Default Values  |  Note  
RUN-1001 : ---------------------------------------------------------------
RUN-1001 :          message         |  standard  |     standard     |        
RUN-1001 :   mixed_pack_place_flow  |     on     |        on        |        
RUN-1001 :        qor_monitor       |    off     |       off        |        
RUN-1001 :        syn_ip_flow       |    off     |       off        |        
RUN-1001 :          thread          |    auto    |       auto       |        
RUN-1001 : ---------------------------------------------------------------
RUN-1001 : Print Design Property
RUN-1001 : --------------------------------------------------------------
RUN-1001 :        Parameters       |  Settings  |  Default Values  |  Note  
RUN-1001 : --------------------------------------------------------------
RUN-1001 :   default_reg_initial   |    auto    |       auto       |        
RUN-1001 :        infer_add        |     on     |        on        |        
RUN-1001 :        infer_fsm        |    off     |       off        |        
RUN-1001 :        infer_mult       |     on     |        on        |        
RUN-1001 :        infer_ram        |     on     |        on        |        
RUN-1001 :        infer_reg        |     on     |        on        |        
RUN-1001 :   infer_reg_init_value  |     on     |        on        |        
RUN-1001 :        infer_rom        |     on     |        on        |        
RUN-1001 :      infer_shifter      |     on     |        on        |        
RUN-1001 : --------------------------------------------------------------
RUN-1001 : Print Rtl Property
RUN-1001 : --------------------------------------------------------------
RUN-1001 :        Parameters       |  Settings  |  Default Values  |  Note  
RUN-1001 : --------------------------------------------------------------
RUN-1001 :       compress_add      |   ripple   |      ripple      |        
RUN-1001 :        elf_sload        |    off     |       off        |        
RUN-1001 :       fix_undriven      |     0      |        0         |        
RUN-1001 :         flatten         |    off     |       off        |        
RUN-1001 :       gate_sharing      |     on     |        on        |        
RUN-1001 :    hdl_warning_level    |   normal   |      normal      |        
RUN-1001 :   impl_internal_tribuf  |     on     |        on        |        
RUN-1001 :      impl_set_reset     |     on     |        on        |        
RUN-1001 :        infer_gsr        |    off     |       off        |        
RUN-1001 :      keep_hierarchy     |    auto    |       auto       |        
RUN-1001 :        max_fanout       |    9999    |       9999       |        
RUN-1001 :      max_oh2bin_len     |     10     |        10        |        
RUN-1001 :       merge_equal       |     on     |        on        |        
RUN-1001 :       merge_equiv       |     on     |        on        |        
RUN-1001 :        merge_mux        |    off     |       off        |        
RUN-1001 :     min_control_set     |     8      |        8         |        
RUN-1001 :      min_ripple_len     |    auto    |       auto       |        
RUN-1001 :       oh2bin_ratio      |    0.08    |       0.08       |        
RUN-1001 :     opt_adder_fanout    |     on     |        on        |        
RUN-1001 :        opt_arith        |     on     |        on        |        
RUN-1001 :       opt_big_gate      |    off     |       off        |        
RUN-1001 :        opt_const        |     on     |        on        |        
RUN-1001 :      opt_const_mult     |     on     |        on        |        
RUN-1001 :       opt_lessthan      |     on     |        on        |        
RUN-1001 :         opt_mux         |    off     |       off        |        
RUN-1001 :         opt_ram         |    high    |       high       |        
RUN-1001 :      rtl_sim_model      |    off     |       off        |        
RUN-1001 :         seq_syn         |     on     |        on        |        
RUN-1001 : --------------------------------------------------------------
HDL-1007 : analyze verilog file al_ip/SF1_MCU.v
HDL-1007 : analyze verilog file ../apb_gpio.sv
HDL-5007 WARNING: block identifier is required on this block in ../apb_gpio.sv(115)
RUN-1001 : Print Global Property
RUN-1001 : ---------------------------------------------------------------
RUN-1001 :        Parameters        |  Settings  |  Default Values  |  Note  
RUN-1001 : ---------------------------------------------------------------
RUN-1001 :          message         |  standard  |     standard     |        
RUN-1001 :   mixed_pack_place_flow  |     on     |        on        |        
RUN-1001 :        qor_monitor       |    off     |       off        |        
RUN-1001 :        syn_ip_flow       |    off     |       off        |        
RUN-1001 :          thread          |    auto    |       auto       |        
RUN-1001 : ---------------------------------------------------------------
RUN-1001 : Print Design Property
RUN-1001 : --------------------------------------------------------------
RUN-1001 :        Parameters       |  Settings  |  Default Values  |  Note  
RUN-1001 : --------------------------------------------------------------
RUN-1001 :   default_reg_initial   |    auto    |       auto       |        
RUN-1001 :        infer_add        |     on     |        on        |        
RUN-1001 :        infer_fsm        |    off     |       off        |        
RUN-1001 :        infer_mult       |     on     |        on        |        
RUN-1001 :        infer_ram        |     on     |        on        |        
RUN-1001 :        infer_reg        |     on     |        on        |        
RUN-1001 :   infer_reg_init_value  |     on     |        on        |        
RUN-1001 :        infer_rom        |     on     |        on        |        
RUN-1001 :      infer_shifter      |     on     |        on        |        
RUN-1001 : --------------------------------------------------------------
RUN-1001 : Print Rtl Property
RUN-1001 : --------------------------------------------------------------
RUN-1001 :        Parameters       |  Settings  |  Default Values  |  Note  
RUN-1001 : --------------------------------------------------------------
RUN-1001 :       compress_add      |   ripple   |      ripple      |        
RUN-1001 :        elf_sload        |    off     |       off        |        
RUN-1001 :       fix_undriven      |     0      |        0         |        
RUN-1001 :         flatten         |    off     |       off        |        
RUN-1001 :       gate_sharing      |     on     |        on        |        
RUN-1001 :    hdl_warning_level    |   normal   |      normal      |        
RUN-1001 :   impl_internal_tribuf  |     on     |        on        |        
RUN-1001 :      impl_set_reset     |     on     |        on        |        
RUN-1001 :        infer_gsr        |    off     |       off        |        
RUN-1001 :      keep_hierarchy     |    auto    |       auto       |        
RUN-1001 :        max_fanout       |    9999    |       9999       |        
RUN-1001 :      max_oh2bin_len     |     10     |        10        |        
RUN-1001 :       merge_equal       |     on     |        on        |        
RUN-1001 :       merge_equiv       |     on     |        on        |        
RUN-1001 :        merge_mux        |    off     |       off        |        
RUN-1001 :     min_control_set     |     8      |        8         |        
RUN-1001 :      min_ripple_len     |    auto    |       auto       |        
RUN-1001 :       oh2bin_ratio      |    0.08    |       0.08       |        
RUN-1001 :     opt_adder_fanout    |     on     |        on        |        
RUN-1001 :        opt_arith        |     on     |        on        |        
RUN-1001 :       opt_big_gate      |    off     |       off        |        
RUN-1001 :        opt_const        |     on     |        on        |        
RUN-1001 :      opt_const_mult     |     on     |        on        |        
RUN-1001 :       opt_lessthan      |     on     |        on        |        
RUN-1001 :         opt_mux         |    off     |       off        |        
RUN-1001 :         opt_ram         |    high    |       high       |        
RUN-1001 :      rtl_sim_model      |    off     |       off        |        
RUN-1001 :         seq_syn         |     on     |        on        |        
RUN-1001 : --------------------------------------------------------------
HDL-1007 : analyze verilog file SF1_SOC.v
HDL-1007 : analyze verilog file SF1_SOC.v
RUN-1001 : Print Global Property
RUN-1001 : ---------------------------------------------------------------
RUN-1001 :        Parameters        |  Settings  |  Default Values  |  Note  
RUN-1001 : ---------------------------------------------------------------
RUN-1001 :          message         |  standard  |     standard     |        
RUN-1001 :   mixed_pack_place_flow  |     on     |        on        |        
RUN-1001 :        qor_monitor       |    off     |       off        |        
RUN-1001 :        syn_ip_flow       |    off     |       off        |        
RUN-1001 :          thread          |    auto    |       auto       |        
RUN-1001 : ---------------------------------------------------------------
RUN-1001 : Print Design Property
RUN-1001 : --------------------------------------------------------------
RUN-1001 :        Parameters       |  Settings  |  Default Values  |  Note  
RUN-1001 : --------------------------------------------------------------
RUN-1001 :   default_reg_initial   |    auto    |       auto       |        
RUN-1001 :        infer_add        |     on     |        on        |        
RUN-1001 :        infer_fsm        |    off     |       off        |        
RUN-1001 :        infer_mult       |     on     |        on        |        
RUN-1001 :        infer_ram        |     on     |        on        |        
RUN-1001 :        infer_reg        |     on     |        on        |        
RUN-1001 :   infer_reg_init_value  |     on     |        on        |        
RUN-1001 :        infer_rom        |     on     |        on        |        
RUN-1001 :      infer_shifter      |     on     |        on        |        
RUN-1001 : --------------------------------------------------------------
RUN-1001 : Print Rtl Property
RUN-1001 : --------------------------------------------------------------
RUN-1001 :        Parameters       |  Settings  |  Default Values  |  Note  
RUN-1001 : --------------------------------------------------------------
RUN-1001 :       compress_add      |   ripple   |      ripple      |        
RUN-1001 :        elf_sload        |    off     |       off        |        
RUN-1001 :       fix_undriven      |     0      |        0         |        
RUN-1001 :         flatten         |    off     |       off        |        
RUN-1001 :       gate_sharing      |     on     |        on        |        
RUN-1001 :    hdl_warning_level    |   normal   |      normal      |        
RUN-1001 :   impl_internal_tribuf  |     on     |        on        |        
RUN-1001 :      impl_set_reset     |     on     |        on        |        
RUN-1001 :        infer_gsr        |    off     |       off        |        
RUN-1001 :      keep_hierarchy     |    auto    |       auto       |        
RUN-1001 :        max_fanout       |    9999    |       9999       |        
RUN-1001 :      max_oh2bin_len     |     10     |        10        |        
RUN-1001 :       merge_equal       |     on     |        on        |        
RUN-1001 :       merge_equiv       |     on     |        on        |        
RUN-1001 :        merge_mux        |    off     |       off        |        
RUN-1001 :     min_control_set     |     8      |        8         |        
RUN-1001 :      min_ripple_len     |    auto    |       auto       |        
RUN-1001 :       oh2bin_ratio      |    0.08    |       0.08       |        
RUN-1001 :     opt_adder_fanout    |     on     |        on        |        
RUN-1001 :        opt_arith        |     on     |        on        |        
RUN-1001 :       opt_big_gate      |    off     |       off        |        
RUN-1001 :        opt_const        |     on     |        on        |        
RUN-1001 :      opt_const_mult     |     on     |        on        |        
RUN-1001 :       opt_lessthan      |     on     |        on        |        
RUN-1001 :         opt_mux         |    off     |       off        |        
RUN-1001 :         opt_ram         |    high    |       high       |        
RUN-1001 :      rtl_sim_model      |    off     |       off        |        
RUN-1001 :         seq_syn         |     on     |        on        |        
RUN-1001 : --------------------------------------------------------------
HDL-1007 : analyze verilog file al_ip/SF1_MCU.v
HDL-1007 : analyze verilog file ../apb_gpio.sv
HDL-5007 WARNING: block identifier is required on this block in ../apb_gpio.sv(115)
HDL-1007 : analyze verilog file SF1_SOC.v
HDL-1007 : analyze verilog file ../gpio_controler.v
HDL-1007 : analyze verilog file SF1_SOC.v
RUN-1001 : Print Global Property
RUN-1001 : ---------------------------------------------------------------
RUN-1001 :        Parameters        |  Settings  |  Default Values  |  Note  
RUN-1001 : ---------------------------------------------------------------
RUN-1001 :          message         |  standard  |     standard     |        
RUN-1001 :   mixed_pack_place_flow  |     on     |        on        |        
RUN-1001 :        qor_monitor       |    off     |       off        |        
RUN-1001 :        syn_ip_flow       |    off     |       off        |        
RUN-1001 :          thread          |    auto    |       auto       |        
RUN-1001 : ---------------------------------------------------------------
RUN-1001 : Print Design Property
RUN-1001 : --------------------------------------------------------------
RUN-1001 :        Parameters       |  Settings  |  Default Values  |  Note  
RUN-1001 : --------------------------------------------------------------
RUN-1001 :   default_reg_initial   |    auto    |       auto       |        
RUN-1001 :        infer_add        |     on     |        on        |        
RUN-1001 :        infer_fsm        |    off     |       off        |        
RUN-1001 :        infer_mult       |     on     |        on        |        
RUN-1001 :        infer_ram        |     on     |        on        |        
RUN-1001 :        infer_reg        |     on     |        on        |        
RUN-1001 :   infer_reg_init_value  |     on     |        on        |        
RUN-1001 :        infer_rom        |     on     |        on        |        
RUN-1001 :      infer_shifter      |     on     |        on        |        
RUN-1001 : --------------------------------------------------------------
RUN-1001 : Print Rtl Property
RUN-1001 : --------------------------------------------------------------
RUN-1001 :        Parameters       |  Settings  |  Default Values  |  Note  
RUN-1001 : --------------------------------------------------------------
RUN-1001 :       compress_add      |   ripple   |      ripple      |        
RUN-1001 :        elf_sload        |    off     |       off        |        
RUN-1001 :       fix_undriven      |     0      |        0         |        
RUN-1001 :         flatten         |    off     |       off        |        
RUN-1001 :       gate_sharing      |     on     |        on        |        
RUN-1001 :    hdl_warning_level    |   normal   |      normal      |        
RUN-1001 :   impl_internal_tribuf  |     on     |        on        |        
RUN-1001 :      impl_set_reset     |     on     |        on        |        
RUN-1001 :        infer_gsr        |    off     |       off        |        
RUN-1001 :      keep_hierarchy     |    auto    |       auto       |        
RUN-1001 :        max_fanout       |    9999    |       9999       |        
RUN-1001 :      max_oh2bin_len     |     10     |        10        |        
RUN-1001 :       merge_equal       |     on     |        on        |        
RUN-1001 :       merge_equiv       |     on     |        on        |        
RUN-1001 :        merge_mux        |    off     |       off        |        
RUN-1001 :     min_control_set     |     8      |        8         |        
RUN-1001 :      min_ripple_len     |    auto    |       auto       |        
RUN-1001 :       oh2bin_ratio      |    0.08    |       0.08       |        
RUN-1001 :     opt_adder_fanout    |     on     |        on        |        
RUN-1001 :        opt_arith        |     on     |        on        |        
RUN-1001 :       opt_big_gate      |    off     |       off        |        
RUN-1001 :        opt_const        |     on     |        on        |        
RUN-1001 :      opt_const_mult     |     on     |        on        |        
RUN-1001 :       opt_lessthan      |     on     |        on        |        
RUN-1001 :         opt_mux         |    off     |       off        |        
RUN-1001 :         opt_ram         |    high    |       high       |        
RUN-1001 :      rtl_sim_model      |    off     |       off        |        
RUN-1001 :         seq_syn         |     on     |        on        |        
RUN-1001 : --------------------------------------------------------------
HDL-1007 : analyze verilog file al_ip/SF1_MCU.v
HDL-1007 : analyze verilog file al_ip/pll.v
HDL-1007 : undeclared symbol 'open', assumed default net type 'wire' in al_ip/pll.v(88)
HDL-1007 : analyze verilog file ../apb_gpio.sv
HDL-5007 WARNING: block identifier is required on this block in ../apb_gpio.sv(115)
HDL-1007 : analyze verilog file SF1_SOC.v
HDL-1007 : analyze verilog file ../gpio_controler.v
HDL-1007 : analyze verilog file SF1_SOC.v
HDL-1007 : undeclared symbol 'I_uart_tx', assumed default net type 'wire' in SF1_SOC.v(69)
HDL-1007 : undeclared symbol 'O_uart_rx', assumed default net type 'wire' in SF1_SOC.v(70)
HDL-8007 ERROR: cannot find port 'timer_clk' on this module in SF1_SOC.v(57)
HDL-8007 ERROR: cannot find port 'htrans' on this module in SF1_SOC.v(72)
HDL-8007 ERROR: cannot find port 'hwrite' on this module in SF1_SOC.v(73)
HDL-8007 ERROR: cannot find port 'haddr' on this module in SF1_SOC.v(74)
HDL-8007 ERROR: cannot find port 'hsize' on this module in SF1_SOC.v(75)
HDL-8007 ERROR: cannot find port 'hburst' on this module in SF1_SOC.v(76)
HDL-8007 ERROR: cannot find port 'hprot' on this module in SF1_SOC.v(77)
HDL-8007 ERROR: cannot find port 'hmastlock' on this module in SF1_SOC.v(78)
HDL-8007 ERROR: cannot find port 'hwdata' on this module in SF1_SOC.v(79)
HDL-8007 ERROR: cannot find port 'hclk' on this module in SF1_SOC.v(80)
HDL-8007 ERROR: cannot find port 'hrdata' on this module in SF1_SOC.v(81)
HDL-8007 ERROR: cannot find port 'hresp' on this module in SF1_SOC.v(82)
HDL-8007 ERROR: cannot find port 'hready' on this module in SF1_SOC.v(83)
HDL-8007 ERROR: cannot find port 'i2c_sda_out' on this module in SF1_SOC.v(84)
HDL-8007 ERROR: cannot find port 'i2c_sda_sel' on this module in SF1_SOC.v(85)
HDL-8007 ERROR: cannot find port 'i2c_scl_out' on this module in SF1_SOC.v(86)
HDL-8007 ERROR: cannot find port 'i2c_scl_sel' on this module in SF1_SOC.v(87)
HDL-8007 ERROR: cannot find port 'i2c_sda_in' on this module in SF1_SOC.v(88)
HDL-8007 ERROR: cannot find port 'i2c_scl_in' on this module in SF1_SOC.v(89)
HDL-1007 : analyze verilog file SF1_SOC.v
HDL-1007 : undeclared symbol 'I_uart_tx', assumed default net type 'wire' in SF1_SOC.v(69)
HDL-1007 : undeclared symbol 'O_uart_rx', assumed default net type 'wire' in SF1_SOC.v(70)
HDL-8007 ERROR: cannot find port 'timer_clk' on this module in SF1_SOC.v(57)
HDL-1007 : analyze verilog file SF1_SOC.v
HDL-1007 : undeclared symbol 'I_uart_tx', assumed default net type 'wire' in SF1_SOC.v(83)
HDL-1007 : undeclared symbol 'O_uart_rx', assumed default net type 'wire' in SF1_SOC.v(84)
HDL-8007 ERROR: cannot find port 'timer_clk' on this module in SF1_SOC.v(71)
HDL-1007 : analyze verilog file SF1_SOC.v
HDL-1007 : undeclared symbol 'I_uart_tx', assumed default net type 'wire' in SF1_SOC.v(83)
HDL-1007 : undeclared symbol 'O_uart_rx', assumed default net type 'wire' in SF1_SOC.v(84)
HDL-8007 ERROR: cannot find port 'timer_clk' on this module in SF1_SOC.v(71)
HDL-1007 : analyze verilog file SF1_SOC.v
HDL-1007 : undeclared symbol 'I_uart_tx', assumed default net type 'wire' in SF1_SOC.v(83)
HDL-1007 : undeclared symbol 'O_uart_rx', assumed default net type 'wire' in SF1_SOC.v(84)
HDL-8007 ERROR: cannot find port 'timer_clk' on this module in SF1_SOC.v(71)
HDL-8007 ERROR: cannot find port 'timer_clk' on this module in SF1_SOC.v(71)
RUN-1001 : Print Global Property
RUN-1001 : ---------------------------------------------------------------
RUN-1001 :        Parameters        |  Settings  |  Default Values  |  Note  
RUN-1001 : ---------------------------------------------------------------
RUN-1001 :          message         |  standard  |     standard     |        
RUN-1001 :   mixed_pack_place_flow  |     on     |        on        |        
RUN-1001 :        qor_monitor       |    off     |       off        |        
RUN-1001 :        syn_ip_flow       |    off     |       off        |        
RUN-1001 :          thread          |    auto    |       auto       |        
RUN-1001 : ---------------------------------------------------------------
RUN-1001 : Print Design Property
RUN-1001 : --------------------------------------------------------------
RUN-1001 :        Parameters       |  Settings  |  Default Values  |  Note  
RUN-1001 : --------------------------------------------------------------
RUN-1001 :   default_reg_initial   |    auto    |       auto       |        
RUN-1001 :        infer_add        |     on     |        on        |        
RUN-1001 :        infer_fsm        |    off     |       off        |        
RUN-1001 :        infer_mult       |     on     |        on        |        
RUN-1001 :        infer_ram        |     on     |        on        |        
RUN-1001 :        infer_reg        |     on     |        on        |        
RUN-1001 :   infer_reg_init_value  |     on     |        on        |        
RUN-1001 :        infer_rom        |     on     |        on        |        
RUN-1001 :      infer_shifter      |     on     |        on        |        
RUN-1001 : --------------------------------------------------------------
RUN-1001 : Print Rtl Property
RUN-1001 : --------------------------------------------------------------
RUN-1001 :        Parameters       |  Settings  |  Default Values  |  Note  
RUN-1001 : --------------------------------------------------------------
RUN-1001 :       compress_add      |   ripple   |      ripple      |        
RUN-1001 :        elf_sload        |    off     |       off        |        
RUN-1001 :       fix_undriven      |     0      |        0         |        
RUN-1001 :         flatten         |    off     |       off        |        
RUN-1001 :       gate_sharing      |     on     |        on        |        
RUN-1001 :    hdl_warning_level    |   normal   |      normal      |        
RUN-1001 :   impl_internal_tribuf  |     on     |        on        |        
RUN-1001 :      impl_set_reset     |     on     |        on        |        
RUN-1001 :        infer_gsr        |    off     |       off        |        
RUN-1001 :      keep_hierarchy     |    auto    |       auto       |        
RUN-1001 :        max_fanout       |    9999    |       9999       |        
RUN-1001 :      max_oh2bin_len     |     10     |        10        |        
RUN-1001 :       merge_equal       |     on     |        on        |        
RUN-1001 :       merge_equiv       |     on     |        on        |        
RUN-1001 :        merge_mux        |    off     |       off        |        
RUN-1001 :     min_control_set     |     8      |        8         |        
RUN-1001 :      min_ripple_len     |    auto    |       auto       |        
RUN-1001 :       oh2bin_ratio      |    0.08    |       0.08       |        
RUN-1001 :     opt_adder_fanout    |     on     |        on        |        
RUN-1001 :        opt_arith        |     on     |        on        |        
RUN-1001 :       opt_big_gate      |    off     |       off        |        
RUN-1001 :        opt_const        |     on     |        on        |        
RUN-1001 :      opt_const_mult     |     on     |        on        |        
RUN-1001 :       opt_lessthan      |     on     |        on        |        
RUN-1001 :         opt_mux         |    off     |       off        |        
RUN-1001 :         opt_ram         |    high    |       high       |        
RUN-1001 :      rtl_sim_model      |    off     |       off        |        
RUN-1001 :         seq_syn         |     on     |        on        |        
RUN-1001 : --------------------------------------------------------------
HDL-1007 : analyze verilog file al_ip/SF1_MCU.v
HDL-1007 : analyze verilog file al_ip/pll.v
HDL-1007 : undeclared symbol 'open', assumed default net type 'wire' in al_ip/pll.v(88)
HDL-1007 : analyze verilog file ../apb_gpio.sv
HDL-5007 WARNING: block identifier is required on this block in ../apb_gpio.sv(115)
HDL-1007 : analyze verilog file SF1_SOC.v
HDL-1007 : undeclared symbol 'I_uart_tx', assumed default net type 'wire' in SF1_SOC.v(83)
HDL-1007 : undeclared symbol 'O_uart_rx', assumed default net type 'wire' in SF1_SOC.v(84)
HDL-1007 : analyze verilog file ../gpio_controler.v
HDL-1007 : analyze verilog file SF1_SOC.v
HDL-1007 : undeclared symbol 'I_uart_tx', assumed default net type 'wire' in SF1_SOC.v(83)
HDL-1007 : undeclared symbol 'O_uart_rx', assumed default net type 'wire' in SF1_SOC.v(84)
HDL-1007 : analyze verilog file SF1_SOC.v
HDL-1007 : undeclared symbol 'I_uart_tx', assumed default net type 'wire' in SF1_SOC.v(83)
HDL-1007 : undeclared symbol 'O_uart_rx', assumed default net type 'wire' in SF1_SOC.v(84)
HDL-8007 ERROR: extra comma in port association list is not allowed in SF1_SOC.v(101)
HDL-1007 : undeclared symbol 'clk', assumed default net type 'wire' in SF1_SOC.v(108)
HDL-1007 : undeclared symbol 'rst', assumed default net type 'wire' in SF1_SOC.v(109)
HDL-1007 : undeclared symbol 'S_PWDATA', assumed default net type 'wire' in SF1_SOC.v(112)
HDL-1007 : undeclared symbol 'S_PWRITE', assumed default net type 'wire' in SF1_SOC.v(113)
HDL-1007 : undeclared symbol 'S4_HSEL', assumed default net type 'wire' in SF1_SOC.v(114)
HDL-1007 : undeclared symbol 'S1_PSEL', assumed default net type 'wire' in SF1_SOC.v(114)
HDL-1007 : undeclared symbol 'S_PENABLE', assumed default net type 'wire' in SF1_SOC.v(115)
HDL-1007 : undeclared symbol 'S1_PRDATA', assumed default net type 'wire' in SF1_SOC.v(117)
HDL-1007 : undeclared symbol 'S1_PREADY', assumed default net type 'wire' in SF1_SOC.v(118)
HDL-1007 : undeclared symbol 'S1_PSLVERR', assumed default net type 'wire' in SF1_SOC.v(119)
HDL-1007 : undeclared symbol 'gpio_in_w', assumed default net type 'wire' in SF1_SOC.v(120)
HDL-1007 : undeclared symbol 'gpio_out_w', assumed default net type 'wire' in SF1_SOC.v(122)
HDL-1007 : undeclared symbol 'gpio_oe_w', assumed default net type 'wire' in SF1_SOC.v(123)
HDL-1007 : undeclared symbol 'gpio_int', assumed default net type 'wire' in SF1_SOC.v(125)
HDL-5007 WARNING: 'S_PADDR' is not declared in SF1_SOC.v(111)
HDL-8007 ERROR: ignore module module due to previous errors in SF1_SOC.v(1)
HDL-1007 : Verilog file 'SF1_SOC.v' ignored due to errors
HDL-1007 : analyze verilog file SF1_SOC.v
HDL-1007 : undeclared symbol 'IO_gpio_0', assumed default net type 'wire' in SF1_SOC.v(49)
HDL-1007 : undeclared symbol 'IO_gpio_1', assumed default net type 'wire' in SF1_SOC.v(57)
HDL-1007 : undeclared symbol 'IO_gpio_2', assumed default net type 'wire' in SF1_SOC.v(65)
HDL-1007 : undeclared symbol 'I_clk', assumed default net type 'wire' in SF1_SOC.v(69)
HDL-1007 : undeclared symbol 'I_timer_clk', assumed default net type 'wire' in SF1_SOC.v(70)
HDL-1007 : undeclared symbol 'I_rst', assumed default net type 'wire' in SF1_SOC.v(71)
HDL-1007 : undeclared symbol 'I_uart_tx', assumed default net type 'wire' in SF1_SOC.v(82)
HDL-1007 : undeclared symbol 'O_uart_rx', assumed default net type 'wire' in SF1_SOC.v(83)
HDL-8007 ERROR: extra comma in port association list is not allowed in SF1_SOC.v(100)
HDL-1007 : undeclared symbol 'clk', assumed default net type 'wire' in SF1_SOC.v(107)
HDL-1007 : undeclared symbol 'rst', assumed default net type 'wire' in SF1_SOC.v(108)
HDL-1007 : undeclared symbol 'S_PWDATA', assumed default net type 'wire' in SF1_SOC.v(111)
HDL-1007 : undeclared symbol 'S_PWRITE', assumed default net type 'wire' in SF1_SOC.v(112)
HDL-1007 : undeclared symbol 'S4_HSEL', assumed default net type 'wire' in SF1_SOC.v(113)
HDL-1007 : undeclared symbol 'S1_PSEL', assumed default net type 'wire' in SF1_SOC.v(113)
HDL-1007 : undeclared symbol 'S_PENABLE', assumed default net type 'wire' in SF1_SOC.v(114)
HDL-1007 : undeclared symbol 'S1_PRDATA', assumed default net type 'wire' in SF1_SOC.v(116)
HDL-1007 : undeclared symbol 'S1_PREADY', assumed default net type 'wire' in SF1_SOC.v(117)
HDL-1007 : undeclared symbol 'S1_PSLVERR', assumed default net type 'wire' in SF1_SOC.v(118)
HDL-1007 : undeclared symbol 'gpio_in_w', assumed default net type 'wire' in SF1_SOC.v(119)
HDL-1007 : undeclared symbol 'gpio_out_w', assumed default net type 'wire' in SF1_SOC.v(121)
HDL-1007 : undeclared symbol 'gpio_oe_w', assumed default net type 'wire' in SF1_SOC.v(122)
HDL-1007 : undeclared symbol 'gpio_int', assumed default net type 'wire' in SF1_SOC.v(124)
HDL-5007 WARNING: 'S_PADDR' is not declared in SF1_SOC.v(110)
HDL-8007 ERROR: ignore module module due to previous errors in SF1_SOC.v(1)
HDL-1007 : Verilog file 'SF1_SOC.v' ignored due to errors
HDL-1007 : analyze verilog file SF1_SOC.v
HDL-1007 : undeclared symbol 'IO_gpio_0', assumed default net type 'wire' in SF1_SOC.v(59)
HDL-1007 : undeclared symbol 'IO_gpio_1', assumed default net type 'wire' in SF1_SOC.v(67)
HDL-1007 : undeclared symbol 'IO_gpio_2', assumed default net type 'wire' in SF1_SOC.v(75)
HDL-1007 : undeclared symbol 'I_clk', assumed default net type 'wire' in SF1_SOC.v(79)
HDL-1007 : undeclared symbol 'I_timer_clk', assumed default net type 'wire' in SF1_SOC.v(80)
HDL-1007 : undeclared symbol 'I_rst', assumed default net type 'wire' in SF1_SOC.v(81)
HDL-1007 : undeclared symbol 'I_uart_tx', assumed default net type 'wire' in SF1_SOC.v(92)
HDL-1007 : undeclared symbol 'O_uart_rx', assumed default net type 'wire' in SF1_SOC.v(93)
HDL-8007 ERROR: extra comma in port association list is not allowed in SF1_SOC.v(110)
HDL-1007 : undeclared symbol 'clk', assumed default net type 'wire' in SF1_SOC.v(117)
HDL-1007 : undeclared symbol 'rst', assumed default net type 'wire' in SF1_SOC.v(118)
HDL-1007 : undeclared symbol 'S_PWDATA', assumed default net type 'wire' in SF1_SOC.v(121)
HDL-1007 : undeclared symbol 'S_PWRITE', assumed default net type 'wire' in SF1_SOC.v(122)
HDL-1007 : undeclared symbol 'S4_HSEL', assumed default net type 'wire' in SF1_SOC.v(123)
HDL-1007 : undeclared symbol 'S1_PSEL', assumed default net type 'wire' in SF1_SOC.v(123)
HDL-1007 : undeclared symbol 'S_PENABLE', assumed default net type 'wire' in SF1_SOC.v(124)
HDL-1007 : undeclared symbol 'S1_PRDATA', assumed default net type 'wire' in SF1_SOC.v(126)
HDL-1007 : undeclared symbol 'S1_PREADY', assumed default net type 'wire' in SF1_SOC.v(127)
HDL-1007 : undeclared symbol 'S1_PSLVERR', assumed default net type 'wire' in SF1_SOC.v(128)
HDL-1007 : undeclared symbol 'gpio_in_w', assumed default net type 'wire' in SF1_SOC.v(129)
HDL-1007 : undeclared symbol 'gpio_out_w', assumed default net type 'wire' in SF1_SOC.v(131)
HDL-1007 : undeclared symbol 'gpio_oe_w', assumed default net type 'wire' in SF1_SOC.v(132)
HDL-1007 : undeclared symbol 'gpio_int', assumed default net type 'wire' in SF1_SOC.v(134)
HDL-5007 WARNING: 'S_PADDR' is not declared in SF1_SOC.v(120)
HDL-8007 ERROR: ignore module module due to previous errors in SF1_SOC.v(1)
HDL-1007 : Verilog file 'SF1_SOC.v' ignored due to errors
HDL-1007 : analyze verilog file SF1_SOC.v
HDL-1007 : undeclared symbol 'IO_gpio_0', assumed default net type 'wire' in SF1_SOC.v(60)
HDL-1007 : undeclared symbol 'IO_gpio_1', assumed default net type 'wire' in SF1_SOC.v(68)
HDL-1007 : undeclared symbol 'IO_gpio_2', assumed default net type 'wire' in SF1_SOC.v(76)
HDL-1007 : undeclared symbol 'I_clk', assumed default net type 'wire' in SF1_SOC.v(80)
HDL-1007 : undeclared symbol 'I_timer_clk', assumed default net type 'wire' in SF1_SOC.v(81)
HDL-1007 : undeclared symbol 'I_rst', assumed default net type 'wire' in SF1_SOC.v(82)
HDL-1007 : undeclared symbol 'I_uart_tx', assumed default net type 'wire' in SF1_SOC.v(93)
HDL-1007 : undeclared symbol 'O_uart_rx', assumed default net type 'wire' in SF1_SOC.v(94)
HDL-8007 ERROR: extra comma in port association list is not allowed in SF1_SOC.v(111)
HDL-1007 : undeclared symbol 'clk', assumed default net type 'wire' in SF1_SOC.v(118)
HDL-1007 : undeclared symbol 'rst', assumed default net type 'wire' in SF1_SOC.v(119)
HDL-1007 : undeclared symbol 'S_PWDATA', assumed default net type 'wire' in SF1_SOC.v(122)
HDL-1007 : undeclared symbol 'S_PWRITE', assumed default net type 'wire' in SF1_SOC.v(123)
HDL-1007 : undeclared symbol 'S4_HSEL', assumed default net type 'wire' in SF1_SOC.v(124)
HDL-1007 : undeclared symbol 'S1_PSEL', assumed default net type 'wire' in SF1_SOC.v(124)
HDL-1007 : undeclared symbol 'S_PENABLE', assumed default net type 'wire' in SF1_SOC.v(125)
HDL-1007 : undeclared symbol 'S1_PRDATA', assumed default net type 'wire' in SF1_SOC.v(127)
HDL-1007 : undeclared symbol 'S1_PREADY', assumed default net type 'wire' in SF1_SOC.v(128)
HDL-1007 : undeclared symbol 'S1_PSLVERR', assumed default net type 'wire' in SF1_SOC.v(129)
HDL-1007 : undeclared symbol 'gpio_in_w', assumed default net type 'wire' in SF1_SOC.v(130)
HDL-1007 : undeclared symbol 'gpio_out_w', assumed default net type 'wire' in SF1_SOC.v(132)
HDL-1007 : undeclared symbol 'gpio_oe_w', assumed default net type 'wire' in SF1_SOC.v(133)
HDL-1007 : undeclared symbol 'gpio_int', assumed default net type 'wire' in SF1_SOC.v(135)
HDL-5007 WARNING: 'S_PADDR' is not declared in SF1_SOC.v(121)
HDL-8007 ERROR: ignore module module due to previous errors in SF1_SOC.v(1)
HDL-1007 : Verilog file 'SF1_SOC.v' ignored due to errors
HDL-1007 : analyze verilog file SF1_SOC.v
HDL-1007 : undeclared symbol 'I_uart_tx', assumed default net type 'wire' in SF1_SOC.v(93)
HDL-1007 : undeclared symbol 'O_uart_rx', assumed default net type 'wire' in SF1_SOC.v(94)
HDL-8007 ERROR: extra comma in port association list is not allowed in SF1_SOC.v(111)
HDL-1007 : undeclared symbol 'S_PWDATA', assumed default net type 'wire' in SF1_SOC.v(122)
HDL-1007 : undeclared symbol 'S_PWRITE', assumed default net type 'wire' in SF1_SOC.v(123)
HDL-1007 : undeclared symbol 'S4_HSEL', assumed default net type 'wire' in SF1_SOC.v(124)
HDL-1007 : undeclared symbol 'S1_PSEL', assumed default net type 'wire' in SF1_SOC.v(124)
HDL-1007 : undeclared symbol 'S_PENABLE', assumed default net type 'wire' in SF1_SOC.v(125)
HDL-1007 : undeclared symbol 'S1_PRDATA', assumed default net type 'wire' in SF1_SOC.v(127)
HDL-1007 : undeclared symbol 'S1_PREADY', assumed default net type 'wire' in SF1_SOC.v(128)
HDL-1007 : undeclared symbol 'S1_PSLVERR', assumed default net type 'wire' in SF1_SOC.v(129)
HDL-1007 : undeclared symbol 'gpio_in_w', assumed default net type 'wire' in SF1_SOC.v(130)
HDL-1007 : undeclared symbol 'gpio_out_w', assumed default net type 'wire' in SF1_SOC.v(132)
HDL-1007 : undeclared symbol 'gpio_oe_w', assumed default net type 'wire' in SF1_SOC.v(133)
HDL-1007 : undeclared symbol 'gpio_int', assumed default net type 'wire' in SF1_SOC.v(135)
HDL-5007 WARNING: 'S_PADDR' is not declared in SF1_SOC.v(121)
HDL-8007 ERROR: ignore module module due to previous errors in SF1_SOC.v(1)
HDL-1007 : Verilog file 'SF1_SOC.v' ignored due to errors
HDL-1007 : analyze verilog file SF1_SOC.v
HDL-1007 : undeclared symbol 'I_uart_tx', assumed default net type 'wire' in SF1_SOC.v(93)
HDL-1007 : undeclared symbol 'O_uart_rx', assumed default net type 'wire' in SF1_SOC.v(94)
HDL-8007 ERROR: extra comma in port association list is not allowed in SF1_SOC.v(111)
HDL-1007 : undeclared symbol 'S4_HSEL', assumed default net type 'wire' in SF1_SOC.v(124)
HDL-1007 : undeclared symbol 'S1_PSEL', assumed default net type 'wire' in SF1_SOC.v(124)
HDL-1007 : undeclared symbol 'S_PENABLE', assumed default net type 'wire' in SF1_SOC.v(125)
HDL-1007 : undeclared symbol 'S1_PRDATA', assumed default net type 'wire' in SF1_SOC.v(127)
HDL-1007 : undeclared symbol 'S1_PREADY', assumed default net type 'wire' in SF1_SOC.v(128)
HDL-1007 : undeclared symbol 'S1_PSLVERR', assumed default net type 'wire' in SF1_SOC.v(129)
HDL-1007 : undeclared symbol 'gpio_in_w', assumed default net type 'wire' in SF1_SOC.v(130)
HDL-1007 : undeclared symbol 'gpio_out_w', assumed default net type 'wire' in SF1_SOC.v(132)
HDL-1007 : undeclared symbol 'gpio_oe_w', assumed default net type 'wire' in SF1_SOC.v(133)
HDL-1007 : undeclared symbol 'gpio_int', assumed default net type 'wire' in SF1_SOC.v(135)
HDL-8007 ERROR: ignore module module due to previous errors in SF1_SOC.v(1)
HDL-1007 : Verilog file 'SF1_SOC.v' ignored due to errors
HDL-1007 : analyze verilog file SF1_SOC.v
HDL-1007 : undeclared symbol 'I_uart_tx', assumed default net type 'wire' in SF1_SOC.v(80)
HDL-1007 : undeclared symbol 'O_uart_rx', assumed default net type 'wire' in SF1_SOC.v(81)
HDL-1007 : undeclared symbol 'O_apb_clk', assumed default net type 'wire' in SF1_SOC.v(86)
HDL-1007 : undeclared symbol 'O_apb_paddr', assumed default net type 'wire' in SF1_SOC.v(87)
HDL-1007 : undeclared symbol 'O_apb_penable', assumed default net type 'wire' in SF1_SOC.v(88)
HDL-1007 : undeclared symbol 'O_apb_pprot', assumed default net type 'wire' in SF1_SOC.v(89)
HDL-1007 : undeclared symbol 'I_apb_prdata', assumed default net type 'wire' in SF1_SOC.v(90)
HDL-1007 : undeclared symbol 'I_apb_pready', assumed default net type 'wire' in SF1_SOC.v(91)
HDL-1007 : undeclared symbol 'I_apb_pslverr', assumed default net type 'wire' in SF1_SOC.v(92)
HDL-1007 : undeclared symbol 'O_apb_pstrobe', assumed default net type 'wire' in SF1_SOC.v(93)
HDL-1007 : undeclared symbol 'O_apb_pwdata', assumed default net type 'wire' in SF1_SOC.v(94)
HDL-1007 : undeclared symbol 'O_apb_pwrite', assumed default net type 'wire' in SF1_SOC.v(95)
HDL-1007 : undeclared symbol 'O_apb_psel0', assumed default net type 'wire' in SF1_SOC.v(96)
HDL-1007 : undeclared symbol 'O_apb_psel1', assumed default net type 'wire' in SF1_SOC.v(97)
HDL-1007 : undeclared symbol 'O_apb_psel2', assumed default net type 'wire' in SF1_SOC.v(98)
HDL-8007 ERROR: extra comma in port association list is not allowed in SF1_SOC.v(98)
HDL-1007 : undeclared symbol 'S4_HSEL', assumed default net type 'wire' in SF1_SOC.v(111)
HDL-1007 : undeclared symbol 'S1_PSEL', assumed default net type 'wire' in SF1_SOC.v(111)
HDL-1007 : undeclared symbol 'S_PENABLE', assumed default net type 'wire' in SF1_SOC.v(112)
HDL-1007 : undeclared symbol 'S1_PRDATA', assumed default net type 'wire' in SF1_SOC.v(114)
HDL-1007 : undeclared symbol 'S1_PREADY', assumed default net type 'wire' in SF1_SOC.v(115)
HDL-1007 : undeclared symbol 'S1_PSLVERR', assumed default net type 'wire' in SF1_SOC.v(116)
HDL-1007 : undeclared symbol 'gpio_in_w', assumed default net type 'wire' in SF1_SOC.v(117)
HDL-1007 : undeclared symbol 'gpio_out_w', assumed default net type 'wire' in SF1_SOC.v(119)
HDL-1007 : undeclared symbol 'gpio_oe_w', assumed default net type 'wire' in SF1_SOC.v(120)
HDL-1007 : undeclared symbol 'gpio_int', assumed default net type 'wire' in SF1_SOC.v(122)
HDL-8007 ERROR: ignore module module due to previous errors in SF1_SOC.v(1)
HDL-1007 : Verilog file 'SF1_SOC.v' ignored due to errors
HDL-1007 : analyze verilog file SF1_SOC.v
HDL-1007 : undeclared symbol 'I_uart_tx', assumed default net type 'wire' in SF1_SOC.v(80)
HDL-1007 : undeclared symbol 'O_uart_rx', assumed default net type 'wire' in SF1_SOC.v(81)
HDL-8007 ERROR: extra comma in port association list is not allowed in SF1_SOC.v(98)
HDL-1007 : undeclared symbol 'O_apb_clk', assumed default net type 'wire' in SF1_SOC.v(105)
HDL-1007 : undeclared symbol 'O_apb_paddr', assumed default net type 'wire' in SF1_SOC.v(108)
HDL-1007 : undeclared symbol 'O_apb_pwdata', assumed default net type 'wire' in SF1_SOC.v(109)
HDL-1007 : undeclared symbol 'O_apb_pwrite', assumed default net type 'wire' in SF1_SOC.v(110)
HDL-1007 : undeclared symbol 'S4_HSEL', assumed default net type 'wire' in SF1_SOC.v(111)
HDL-1007 : undeclared symbol 'S1_PSEL', assumed default net type 'wire' in SF1_SOC.v(111)
HDL-1007 : undeclared symbol 'S_PENABLE', assumed default net type 'wire' in SF1_SOC.v(112)
HDL-1007 : undeclared symbol 'S1_PRDATA', assumed default net type 'wire' in SF1_SOC.v(114)
HDL-1007 : undeclared symbol 'S1_PREADY', assumed default net type 'wire' in SF1_SOC.v(115)
HDL-1007 : undeclared symbol 'S1_PSLVERR', assumed default net type 'wire' in SF1_SOC.v(116)
HDL-1007 : undeclared symbol 'gpio_in_w', assumed default net type 'wire' in SF1_SOC.v(117)
HDL-1007 : undeclared symbol 'gpio_out_w', assumed default net type 'wire' in SF1_SOC.v(119)
HDL-1007 : undeclared symbol 'gpio_oe_w', assumed default net type 'wire' in SF1_SOC.v(120)
HDL-1007 : undeclared symbol 'gpio_int', assumed default net type 'wire' in SF1_SOC.v(122)
HDL-8007 ERROR: ignore module module due to previous errors in SF1_SOC.v(1)
HDL-1007 : Verilog file 'SF1_SOC.v' ignored due to errors
RUN-1001 : Print Global Property
RUN-1001 : ---------------------------------------------------------------
RUN-1001 :        Parameters        |  Settings  |  Default Values  |  Note  
RUN-1001 : ---------------------------------------------------------------
RUN-1001 :          message         |  standard  |     standard     |        
RUN-1001 :   mixed_pack_place_flow  |     on     |        on        |        
RUN-1001 :        qor_monitor       |    off     |       off        |        
RUN-1001 :        syn_ip_flow       |    off     |       off        |        
RUN-1001 :          thread          |    auto    |       auto       |        
RUN-1001 : ---------------------------------------------------------------
RUN-1001 : Print Design Property
RUN-1001 : --------------------------------------------------------------
RUN-1001 :        Parameters       |  Settings  |  Default Values  |  Note  
RUN-1001 : --------------------------------------------------------------
RUN-1001 :   default_reg_initial   |    auto    |       auto       |        
RUN-1001 :        infer_add        |     on     |        on        |        
RUN-1001 :        infer_fsm        |    off     |       off        |        
RUN-1001 :        infer_mult       |     on     |        on        |        
RUN-1001 :        infer_ram        |     on     |        on        |        
RUN-1001 :        infer_reg        |     on     |        on        |        
RUN-1001 :   infer_reg_init_value  |     on     |        on        |        
RUN-1001 :        infer_rom        |     on     |        on        |        
RUN-1001 :      infer_shifter      |     on     |        on        |        
RUN-1001 : --------------------------------------------------------------
RUN-1001 : Print Rtl Property
RUN-1001 : --------------------------------------------------------------
RUN-1001 :        Parameters       |  Settings  |  Default Values  |  Note  
RUN-1001 : --------------------------------------------------------------
RUN-1001 :       compress_add      |   ripple   |      ripple      |        
RUN-1001 :        elf_sload        |    off     |       off        |        
RUN-1001 :       fix_undriven      |     0      |        0         |        
RUN-1001 :         flatten         |    off     |       off        |        
RUN-1001 :       gate_sharing      |     on     |        on        |        
RUN-1001 :    hdl_warning_level    |   normal   |      normal      |        
RUN-1001 :   impl_internal_tribuf  |     on     |        on        |        
RUN-1001 :      impl_set_reset     |     on     |        on        |        
RUN-1001 :        infer_gsr        |    off     |       off        |        
RUN-1001 :      keep_hierarchy     |    auto    |       auto       |        
RUN-1001 :        max_fanout       |    9999    |       9999       |        
RUN-1001 :      max_oh2bin_len     |     10     |        10        |        
RUN-1001 :       merge_equal       |     on     |        on        |        
RUN-1001 :       merge_equiv       |     on     |        on        |        
RUN-1001 :        merge_mux        |    off     |       off        |        
RUN-1001 :     min_control_set     |     8      |        8         |        
RUN-1001 :      min_ripple_len     |    auto    |       auto       |        
RUN-1001 :       oh2bin_ratio      |    0.08    |       0.08       |        
RUN-1001 :     opt_adder_fanout    |     on     |        on        |        
RUN-1001 :        opt_arith        |     on     |        on        |        
RUN-1001 :       opt_big_gate      |    off     |       off        |        
RUN-1001 :        opt_const        |     on     |        on        |        
RUN-1001 :      opt_const_mult     |     on     |        on        |        
RUN-1001 :       opt_lessthan      |     on     |        on        |        
RUN-1001 :         opt_mux         |    off     |       off        |        
RUN-1001 :         opt_ram         |    high    |       high       |        
RUN-1001 :      rtl_sim_model      |    off     |       off        |        
RUN-1001 :         seq_syn         |     on     |        on        |        
RUN-1001 : --------------------------------------------------------------
HDL-1007 : analyze verilog file al_ip/SF1_MCU.v
HDL-1007 : analyze verilog file al_ip/pll.v
HDL-1007 : undeclared symbol 'open', assumed default net type 'wire' in al_ip/pll.v(88)
HDL-1007 : analyze verilog file ../apb_gpio.sv
HDL-5007 WARNING: block identifier is required on this block in ../apb_gpio.sv(115)
HDL-1007 : analyze verilog file SF1_SOC.v
HDL-1007 : undeclared symbol 'I_uart_tx', assumed default net type 'wire' in SF1_SOC.v(80)
HDL-1007 : undeclared symbol 'O_uart_rx', assumed default net type 'wire' in SF1_SOC.v(81)
HDL-8007 ERROR: extra comma in port association list is not allowed in SF1_SOC.v(98)
HDL-1007 : undeclared symbol 'O_apb_clk', assumed default net type 'wire' in SF1_SOC.v(105)
HDL-1007 : undeclared symbol 'O_apb_paddr', assumed default net type 'wire' in SF1_SOC.v(108)
HDL-1007 : undeclared symbol 'O_apb_pwdata', assumed default net type 'wire' in SF1_SOC.v(109)
HDL-1007 : undeclared symbol 'O_apb_pwrite', assumed default net type 'wire' in SF1_SOC.v(110)
HDL-1007 : undeclared symbol 'S4_HSEL', assumed default net type 'wire' in SF1_SOC.v(111)
HDL-1007 : undeclared symbol 'S1_PSEL', assumed default net type 'wire' in SF1_SOC.v(111)
HDL-1007 : undeclared symbol 'S_PENABLE', assumed default net type 'wire' in SF1_SOC.v(112)
HDL-1007 : undeclared symbol 'S1_PRDATA', assumed default net type 'wire' in SF1_SOC.v(114)
HDL-1007 : undeclared symbol 'S1_PREADY', assumed default net type 'wire' in SF1_SOC.v(115)
HDL-1007 : undeclared symbol 'S1_PSLVERR', assumed default net type 'wire' in SF1_SOC.v(116)
HDL-1007 : undeclared symbol 'gpio_in_w', assumed default net type 'wire' in SF1_SOC.v(117)
HDL-1007 : undeclared symbol 'gpio_out_w', assumed default net type 'wire' in SF1_SOC.v(119)
HDL-1007 : undeclared symbol 'gpio_oe_w', assumed default net type 'wire' in SF1_SOC.v(120)
HDL-1007 : undeclared symbol 'gpio_int', assumed default net type 'wire' in SF1_SOC.v(122)
HDL-8007 ERROR: ignore module module due to previous errors in SF1_SOC.v(1)
HDL-1007 : Verilog file 'SF1_SOC.v' ignored due to errors
HDL-1007 : analyze verilog file ../gpio_controler.v
RUN-1001 : Print Global Property
RUN-1001 : ---------------------------------------------------------------
RUN-1001 :        Parameters        |  Settings  |  Default Values  |  Note  
RUN-1001 : ---------------------------------------------------------------
RUN-1001 :          message         |  standard  |     standard     |        
RUN-1001 :   mixed_pack_place_flow  |     on     |        on        |        
RUN-1001 :        qor_monitor       |    off     |       off        |        
RUN-1001 :        syn_ip_flow       |    off     |       off        |        
RUN-1001 :          thread          |    auto    |       auto       |        
RUN-1001 : ---------------------------------------------------------------
RUN-1001 : Print Design Property
RUN-1001 : --------------------------------------------------------------
RUN-1001 :        Parameters       |  Settings  |  Default Values  |  Note  
RUN-1001 : --------------------------------------------------------------
RUN-1001 :   default_reg_initial   |    auto    |       auto       |        
RUN-1001 :        infer_add        |     on     |        on        |        
RUN-1001 :        infer_fsm        |    off     |       off        |        
RUN-1001 :        infer_mult       |     on     |        on        |        
RUN-1001 :        infer_ram        |     on     |        on        |        
RUN-1001 :        infer_reg        |     on     |        on        |        
RUN-1001 :   infer_reg_init_value  |     on     |        on        |        
RUN-1001 :        infer_rom        |     on     |        on        |        
RUN-1001 :      infer_shifter      |     on     |        on        |        
RUN-1001 : --------------------------------------------------------------
RUN-1001 : Print Rtl Property
RUN-1001 : --------------------------------------------------------------
RUN-1001 :        Parameters       |  Settings  |  Default Values  |  Note  
RUN-1001 : --------------------------------------------------------------
RUN-1001 :       compress_add      |   ripple   |      ripple      |        
RUN-1001 :        elf_sload        |    off     |       off        |        
RUN-1001 :       fix_undriven      |     0      |        0         |        
RUN-1001 :         flatten         |    off     |       off        |        
RUN-1001 :       gate_sharing      |     on     |        on        |        
RUN-1001 :    hdl_warning_level    |   normal   |      normal      |        
RUN-1001 :   impl_internal_tribuf  |     on     |        on        |        
RUN-1001 :      impl_set_reset     |     on     |        on        |        
RUN-1001 :        infer_gsr        |    off     |       off        |        
RUN-1001 :      keep_hierarchy     |    auto    |       auto       |        
RUN-1001 :        max_fanout       |    9999    |       9999       |        
RUN-1001 :      max_oh2bin_len     |     10     |        10        |        
RUN-1001 :       merge_equal       |     on     |        on        |        
RUN-1001 :       merge_equiv       |     on     |        on        |        
RUN-1001 :        merge_mux        |    off     |       off        |        
RUN-1001 :     min_control_set     |     8      |        8         |        
RUN-1001 :      min_ripple_len     |    auto    |       auto       |        
RUN-1001 :       oh2bin_ratio      |    0.08    |       0.08       |        
RUN-1001 :     opt_adder_fanout    |     on     |        on        |        
RUN-1001 :        opt_arith        |     on     |        on        |        
RUN-1001 :       opt_big_gate      |    off     |       off        |        
RUN-1001 :        opt_const        |     on     |        on        |        
RUN-1001 :      opt_const_mult     |     on     |        on        |        
RUN-1001 :       opt_lessthan      |     on     |        on        |        
RUN-1001 :         opt_mux         |    off     |       off        |        
RUN-1001 :         opt_ram         |    high    |       high       |        
RUN-1001 :      rtl_sim_model      |    off     |       off        |        
RUN-1001 :         seq_syn         |     on     |        on        |        
RUN-1001 : --------------------------------------------------------------
HDL-1007 : analyze verilog file al_ip/SF1_MCU.v
HDL-1007 : analyze verilog file al_ip/pll.v
HDL-1007 : undeclared symbol 'open', assumed default net type 'wire' in al_ip/pll.v(88)
HDL-1007 : analyze verilog file ../apb_gpio.sv
HDL-5007 WARNING: block identifier is required on this block in ../apb_gpio.sv(115)
HDL-1007 : analyze verilog file SF1_SOC.v
HDL-1007 : undeclared symbol 'I_uart_tx', assumed default net type 'wire' in SF1_SOC.v(92)
HDL-1007 : undeclared symbol 'O_uart_rx', assumed default net type 'wire' in SF1_SOC.v(93)
HDL-8007 ERROR: extra comma in port association list is not allowed in SF1_SOC.v(110)
HDL-1007 : undeclared symbol 'O_apb_clk', assumed default net type 'wire' in SF1_SOC.v(117)
HDL-1007 : undeclared symbol 'O_apb_paddr', assumed default net type 'wire' in SF1_SOC.v(120)
HDL-1007 : undeclared symbol 'O_apb_pwdata', assumed default net type 'wire' in SF1_SOC.v(121)
HDL-1007 : undeclared symbol 'O_apb_pwrite', assumed default net type 'wire' in SF1_SOC.v(122)
HDL-1007 : undeclared symbol 'S4_HSEL', assumed default net type 'wire' in SF1_SOC.v(123)
HDL-1007 : undeclared symbol 'S1_PSEL', assumed default net type 'wire' in SF1_SOC.v(123)
HDL-1007 : undeclared symbol 'S_PENABLE', assumed default net type 'wire' in SF1_SOC.v(124)
HDL-1007 : undeclared symbol 'S1_PRDATA', assumed default net type 'wire' in SF1_SOC.v(126)
HDL-1007 : undeclared symbol 'S1_PREADY', assumed default net type 'wire' in SF1_SOC.v(127)
HDL-1007 : undeclared symbol 'S1_PSLVERR', assumed default net type 'wire' in SF1_SOC.v(128)
HDL-1007 : undeclared symbol 'gpio_in_w', assumed default net type 'wire' in SF1_SOC.v(129)
HDL-1007 : undeclared symbol 'gpio_out_w', assumed default net type 'wire' in SF1_SOC.v(131)
HDL-1007 : undeclared symbol 'gpio_oe_w', assumed default net type 'wire' in SF1_SOC.v(132)
HDL-1007 : undeclared symbol 'gpio_int', assumed default net type 'wire' in SF1_SOC.v(134)
HDL-8007 ERROR: ignore module module due to previous errors in SF1_SOC.v(1)
HDL-1007 : Verilog file 'SF1_SOC.v' ignored due to errors
HDL-1007 : analyze verilog file ../gpio_controler.v
RUN-1001 : Print Global Property
RUN-1001 : ---------------------------------------------------------------
RUN-1001 :        Parameters        |  Settings  |  Default Values  |  Note  
RUN-1001 : ---------------------------------------------------------------
RUN-1001 :          message         |  standard  |     standard     |        
RUN-1001 :   mixed_pack_place_flow  |     on     |        on        |        
RUN-1001 :        qor_monitor       |    off     |       off        |        
RUN-1001 :        syn_ip_flow       |    off     |       off        |        
RUN-1001 :          thread          |    auto    |       auto       |        
RUN-1001 : ---------------------------------------------------------------
RUN-1001 : Print Design Property
RUN-1001 : --------------------------------------------------------------
RUN-1001 :        Parameters       |  Settings  |  Default Values  |  Note  
RUN-1001 : --------------------------------------------------------------
RUN-1001 :   default_reg_initial   |    auto    |       auto       |        
RUN-1001 :        infer_add        |     on     |        on        |        
RUN-1001 :        infer_fsm        |    off     |       off        |        
RUN-1001 :        infer_mult       |     on     |        on        |        
RUN-1001 :        infer_ram        |     on     |        on        |        
RUN-1001 :        infer_reg        |     on     |        on        |        
RUN-1001 :   infer_reg_init_value  |     on     |        on        |        
RUN-1001 :        infer_rom        |     on     |        on        |        
RUN-1001 :      infer_shifter      |     on     |        on        |        
RUN-1001 : --------------------------------------------------------------
RUN-1001 : Print Rtl Property
RUN-1001 : --------------------------------------------------------------
RUN-1001 :        Parameters       |  Settings  |  Default Values  |  Note  
RUN-1001 : --------------------------------------------------------------
RUN-1001 :       compress_add      |   ripple   |      ripple      |        
RUN-1001 :        elf_sload        |    off     |       off        |        
RUN-1001 :       fix_undriven      |     0      |        0         |        
RUN-1001 :         flatten         |    off     |       off        |        
RUN-1001 :       gate_sharing      |     on     |        on        |        
RUN-1001 :    hdl_warning_level    |   normal   |      normal      |        
RUN-1001 :   impl_internal_tribuf  |     on     |        on        |        
RUN-1001 :      impl_set_reset     |     on     |        on        |        
RUN-1001 :        infer_gsr        |    off     |       off        |        
RUN-1001 :      keep_hierarchy     |    auto    |       auto       |        
RUN-1001 :        max_fanout       |    9999    |       9999       |        
RUN-1001 :      max_oh2bin_len     |     10     |        10        |        
RUN-1001 :       merge_equal       |     on     |        on        |        
RUN-1001 :       merge_equiv       |     on     |        on        |        
RUN-1001 :        merge_mux        |    off     |       off        |        
RUN-1001 :     min_control_set     |     8      |        8         |        
RUN-1001 :      min_ripple_len     |    auto    |       auto       |        
RUN-1001 :       oh2bin_ratio      |    0.08    |       0.08       |        
RUN-1001 :     opt_adder_fanout    |     on     |        on        |        
RUN-1001 :        opt_arith        |     on     |        on        |        
RUN-1001 :       opt_big_gate      |    off     |       off        |        
RUN-1001 :        opt_const        |     on     |        on        |        
RUN-1001 :      opt_const_mult     |     on     |        on        |        
RUN-1001 :       opt_lessthan      |     on     |        on        |        
RUN-1001 :         opt_mux         |    off     |       off        |        
RUN-1001 :         opt_ram         |    high    |       high       |        
RUN-1001 :      rtl_sim_model      |    off     |       off        |        
RUN-1001 :         seq_syn         |     on     |        on        |        
RUN-1001 : --------------------------------------------------------------
HDL-1007 : analyze verilog file al_ip/SF1_MCU.v
HDL-1007 : analyze verilog file al_ip/pll.v
HDL-1007 : undeclared symbol 'open', assumed default net type 'wire' in al_ip/pll.v(88)
HDL-1007 : analyze verilog file ../apb_gpio.sv
HDL-5007 WARNING: block identifier is required on this block in ../apb_gpio.sv(115)
HDL-1007 : analyze verilog file SF1_SOC.v
HDL-1007 : undeclared symbol 'I_uart_tx', assumed default net type 'wire' in SF1_SOC.v(92)
HDL-1007 : undeclared symbol 'O_uart_rx', assumed default net type 'wire' in SF1_SOC.v(93)
HDL-8007 ERROR: extra comma in port association list is not allowed in SF1_SOC.v(110)
HDL-8007 ERROR: ignore module module due to previous errors in SF1_SOC.v(1)
HDL-1007 : Verilog file 'SF1_SOC.v' ignored due to errors
HDL-1007 : analyze verilog file ../gpio_controler.v
RUN-1001 : Print Global Property
RUN-1001 : ---------------------------------------------------------------
RUN-1001 :        Parameters        |  Settings  |  Default Values  |  Note  
RUN-1001 : ---------------------------------------------------------------
RUN-1001 :          message         |  standard  |     standard     |        
RUN-1001 :   mixed_pack_place_flow  |     on     |        on        |        
RUN-1001 :        qor_monitor       |    off     |       off        |        
RUN-1001 :        syn_ip_flow       |    off     |       off        |        
RUN-1001 :          thread          |    auto    |       auto       |        
RUN-1001 : ---------------------------------------------------------------
RUN-1001 : Print Design Property
RUN-1001 : --------------------------------------------------------------
RUN-1001 :        Parameters       |  Settings  |  Default Values  |  Note  
RUN-1001 : --------------------------------------------------------------
RUN-1001 :   default_reg_initial   |    auto    |       auto       |        
RUN-1001 :        infer_add        |     on     |        on        |        
RUN-1001 :        infer_fsm        |    off     |       off        |        
RUN-1001 :        infer_mult       |     on     |        on        |        
RUN-1001 :        infer_ram        |     on     |        on        |        
RUN-1001 :        infer_reg        |     on     |        on        |        
RUN-1001 :   infer_reg_init_value  |     on     |        on        |        
RUN-1001 :        infer_rom        |     on     |        on        |        
RUN-1001 :      infer_shifter      |     on     |        on        |        
RUN-1001 : --------------------------------------------------------------
RUN-1001 : Print Rtl Property
RUN-1001 : --------------------------------------------------------------
RUN-1001 :        Parameters       |  Settings  |  Default Values  |  Note  
RUN-1001 : --------------------------------------------------------------
RUN-1001 :       compress_add      |   ripple   |      ripple      |        
RUN-1001 :        elf_sload        |    off     |       off        |        
RUN-1001 :       fix_undriven      |     0      |        0         |        
RUN-1001 :         flatten         |    off     |       off        |        
RUN-1001 :       gate_sharing      |     on     |        on        |        
RUN-1001 :    hdl_warning_level    |   normal   |      normal      |        
RUN-1001 :   impl_internal_tribuf  |     on     |        on        |        
RUN-1001 :      impl_set_reset     |     on     |        on        |        
RUN-1001 :        infer_gsr        |    off     |       off        |        
RUN-1001 :      keep_hierarchy     |    auto    |       auto       |        
RUN-1001 :        max_fanout       |    9999    |       9999       |        
RUN-1001 :      max_oh2bin_len     |     10     |        10        |        
RUN-1001 :       merge_equal       |     on     |        on        |        
RUN-1001 :       merge_equiv       |     on     |        on        |        
RUN-1001 :        merge_mux        |    off     |       off        |        
RUN-1001 :     min_control_set     |     8      |        8         |        
RUN-1001 :      min_ripple_len     |    auto    |       auto       |        
RUN-1001 :       oh2bin_ratio      |    0.08    |       0.08       |        
RUN-1001 :     opt_adder_fanout    |     on     |        on        |        
RUN-1001 :        opt_arith        |     on     |        on        |        
RUN-1001 :       opt_big_gate      |    off     |       off        |        
RUN-1001 :        opt_const        |     on     |        on        |        
RUN-1001 :      opt_const_mult     |     on     |        on        |        
RUN-1001 :       opt_lessthan      |     on     |        on        |        
RUN-1001 :         opt_mux         |    off     |       off        |        
RUN-1001 :         opt_ram         |    high    |       high       |        
RUN-1001 :      rtl_sim_model      |    off     |       off        |        
RUN-1001 :         seq_syn         |     on     |        on        |        
RUN-1001 : --------------------------------------------------------------
HDL-1007 : analyze verilog file al_ip/SF1_MCU.v
HDL-1007 : analyze verilog file al_ip/pll.v
HDL-1007 : undeclared symbol 'open', assumed default net type 'wire' in al_ip/pll.v(88)
HDL-1007 : analyze verilog file ../apb_gpio.sv
HDL-5007 WARNING: block identifier is required on this block in ../apb_gpio.sv(115)
HDL-1007 : analyze verilog file SF1_SOC.v
HDL-1007 : undeclared symbol 'I_uart_tx', assumed default net type 'wire' in SF1_SOC.v(92)
HDL-1007 : undeclared symbol 'O_uart_rx', assumed default net type 'wire' in SF1_SOC.v(93)
HDL-1007 : analyze verilog file ../gpio_controler.v
RUN-1001 : Print Global Property
RUN-1001 : ---------------------------------------------------------------
RUN-1001 :        Parameters        |  Settings  |  Default Values  |  Note  
RUN-1001 : ---------------------------------------------------------------
RUN-1001 :          message         |  standard  |     standard     |        
RUN-1001 :   mixed_pack_place_flow  |     on     |        on        |        
RUN-1001 :        qor_monitor       |    off     |       off        |        
RUN-1001 :        syn_ip_flow       |    off     |       off        |        
RUN-1001 :          thread          |    auto    |       auto       |        
RUN-1001 : ---------------------------------------------------------------
RUN-1001 : Print Design Property
RUN-1001 : --------------------------------------------------------------
RUN-1001 :        Parameters       |  Settings  |  Default Values  |  Note  
RUN-1001 : --------------------------------------------------------------
RUN-1001 :   default_reg_initial   |    auto    |       auto       |        
RUN-1001 :        infer_add        |     on     |        on        |        
RUN-1001 :        infer_fsm        |    off     |       off        |        
RUN-1001 :        infer_mult       |     on     |        on        |        
RUN-1001 :        infer_ram        |     on     |        on        |        
RUN-1001 :        infer_reg        |     on     |        on        |        
RUN-1001 :   infer_reg_init_value  |     on     |        on        |        
RUN-1001 :        infer_rom        |     on     |        on        |        
RUN-1001 :      infer_shifter      |     on     |        on        |        
RUN-1001 : --------------------------------------------------------------
RUN-1001 : Print Rtl Property
RUN-1001 : --------------------------------------------------------------
RUN-1001 :        Parameters       |  Settings  |  Default Values  |  Note  
RUN-1001 : --------------------------------------------------------------
RUN-1001 :       compress_add      |   ripple   |      ripple      |        
RUN-1001 :        elf_sload        |    off     |       off        |        
RUN-1001 :       fix_undriven      |     0      |        0         |        
RUN-1001 :         flatten         |    off     |       off        |        
RUN-1001 :       gate_sharing      |     on     |        on        |        
RUN-1001 :    hdl_warning_level    |   normal   |      normal      |        
RUN-1001 :   impl_internal_tribuf  |     on     |        on        |        
RUN-1001 :      impl_set_reset     |     on     |        on        |        
RUN-1001 :        infer_gsr        |    off     |       off        |        
RUN-1001 :      keep_hierarchy     |    auto    |       auto       |        
RUN-1001 :        max_fanout       |    9999    |       9999       |        
RUN-1001 :      max_oh2bin_len     |     10     |        10        |        
RUN-1001 :       merge_equal       |     on     |        on        |        
RUN-1001 :       merge_equiv       |     on     |        on        |        
RUN-1001 :        merge_mux        |    off     |       off        |        
RUN-1001 :     min_control_set     |     8      |        8         |        
RUN-1001 :      min_ripple_len     |    auto    |       auto       |        
RUN-1001 :       oh2bin_ratio      |    0.08    |       0.08       |        
RUN-1001 :     opt_adder_fanout    |     on     |        on        |        
RUN-1001 :        opt_arith        |     on     |        on        |        
RUN-1001 :       opt_big_gate      |    off     |       off        |        
RUN-1001 :        opt_const        |     on     |        on        |        
RUN-1001 :      opt_const_mult     |     on     |        on        |        
RUN-1001 :       opt_lessthan      |     on     |        on        |        
RUN-1001 :         opt_mux         |    off     |       off        |        
RUN-1001 :         opt_ram         |    high    |       high       |        
RUN-1001 :      rtl_sim_model      |    off     |       off        |        
RUN-1001 :         seq_syn         |     on     |        on        |        
RUN-1001 : --------------------------------------------------------------
HDL-1007 : analyze verilog file al_ip/SF1_MCU.v
HDL-1007 : analyze verilog file al_ip/pll.v
HDL-1007 : undeclared symbol 'open', assumed default net type 'wire' in al_ip/pll.v(88)
HDL-1007 : analyze verilog file ../apb_gpio.sv
HDL-5007 WARNING: block identifier is required on this block in ../apb_gpio.sv(115)
HDL-1007 : analyze verilog file SF1_SOC.v
HDL-1007 : undeclared symbol 'I_uart_tx', assumed default net type 'wire' in SF1_SOC.v(92)
HDL-1007 : undeclared symbol 'O_uart_rx', assumed default net type 'wire' in SF1_SOC.v(93)
HDL-1007 : analyze verilog file ../gpio_controler.v
HDL-1007 : analyze verilog file SF1_SOC.v
HDL-1007 : undeclared symbol 'I_uart_tx', assumed default net type 'wire' in SF1_SOC.v(92)
HDL-1007 : undeclared symbol 'O_uart_rx', assumed default net type 'wire' in SF1_SOC.v(93)
RUN-1001 : Print Global Property
RUN-1001 : ---------------------------------------------------------------
RUN-1001 :        Parameters        |  Settings  |  Default Values  |  Note  
RUN-1001 : ---------------------------------------------------------------
RUN-1001 :          message         |  standard  |     standard     |        
RUN-1001 :   mixed_pack_place_flow  |     on     |        on        |        
RUN-1001 :        qor_monitor       |    off     |       off        |        
RUN-1001 :        syn_ip_flow       |    off     |       off        |        
RUN-1001 :          thread          |    auto    |       auto       |        
RUN-1001 : ---------------------------------------------------------------
RUN-1001 : Print Design Property
RUN-1001 : --------------------------------------------------------------
RUN-1001 :        Parameters       |  Settings  |  Default Values  |  Note  
RUN-1001 : --------------------------------------------------------------
RUN-1001 :   default_reg_initial   |    auto    |       auto       |        
RUN-1001 :        infer_add        |     on     |        on        |        
RUN-1001 :        infer_fsm        |    off     |       off        |        
RUN-1001 :        infer_mult       |     on     |        on        |        
RUN-1001 :        infer_ram        |     on     |        on        |        
RUN-1001 :        infer_reg        |     on     |        on        |        
RUN-1001 :   infer_reg_init_value  |     on     |        on        |        
RUN-1001 :        infer_rom        |     on     |        on        |        
RUN-1001 :      infer_shifter      |     on     |        on        |        
RUN-1001 : --------------------------------------------------------------
RUN-1001 : Print Rtl Property
RUN-1001 : --------------------------------------------------------------
RUN-1001 :        Parameters       |  Settings  |  Default Values  |  Note  
RUN-1001 : --------------------------------------------------------------
RUN-1001 :       compress_add      |   ripple   |      ripple      |        
RUN-1001 :        elf_sload        |    off     |       off        |        
RUN-1001 :       fix_undriven      |     0      |        0         |        
RUN-1001 :         flatten         |    off     |       off        |        
RUN-1001 :       gate_sharing      |     on     |        on        |        
RUN-1001 :    hdl_warning_level    |   normal   |      normal      |        
RUN-1001 :   impl_internal_tribuf  |     on     |        on        |        
RUN-1001 :      impl_set_reset     |     on     |        on        |        
RUN-1001 :        infer_gsr        |    off     |       off        |        
RUN-1001 :      keep_hierarchy     |    auto    |       auto       |        
RUN-1001 :        max_fanout       |    9999    |       9999       |        
RUN-1001 :      max_oh2bin_len     |     10     |        10        |        
RUN-1001 :       merge_equal       |     on     |        on        |        
RUN-1001 :       merge_equiv       |     on     |        on        |        
RUN-1001 :        merge_mux        |    off     |       off        |        
RUN-1001 :     min_control_set     |     8      |        8         |        
RUN-1001 :      min_ripple_len     |    auto    |       auto       |        
RUN-1001 :       oh2bin_ratio      |    0.08    |       0.08       |        
RUN-1001 :     opt_adder_fanout    |     on     |        on        |        
RUN-1001 :        opt_arith        |     on     |        on        |        
RUN-1001 :       opt_big_gate      |    off     |       off        |        
RUN-1001 :        opt_const        |     on     |        on        |        
RUN-1001 :      opt_const_mult     |     on     |        on        |        
RUN-1001 :       opt_lessthan      |     on     |        on        |        
RUN-1001 :         opt_mux         |    off     |       off        |        
RUN-1001 :         opt_ram         |    high    |       high       |        
RUN-1001 :      rtl_sim_model      |    off     |       off        |        
RUN-1001 :         seq_syn         |     on     |        on        |        
RUN-1001 : --------------------------------------------------------------
HDL-1007 : analyze verilog file al_ip/SF1_MCU.v
HDL-1007 : analyze verilog file al_ip/pll.v
HDL-1007 : undeclared symbol 'open', assumed default net type 'wire' in al_ip/pll.v(88)
HDL-1007 : analyze verilog file SF1_SOC.v
HDL-1007 : undeclared symbol 'I_uart_tx', assumed default net type 'wire' in SF1_SOC.v(92)
HDL-1007 : undeclared symbol 'O_uart_rx', assumed default net type 'wire' in SF1_SOC.v(93)
HDL-1007 : analyze verilog file ../gpio_controler.v
HDL-1007 : analyze verilog file ../pwm.v
RUN-1001 : reset_run syn_1 -step read_design.
RUN-1001 : reset_run phy_1.
RUN-1001 : launch_runs syn_1 -step opt_rtl.
RUN-1001 : reset_run phy_1.
RUN-1001 : syn_1: run complete.
RUN-1001 : open_run syn_1.
RUN-1002 : start command "import_db C:/Users/zhang/Desktop/work/FPGA/PWM/td_project/pwm_demo_Runs/syn_1/pwm_demo_rtl.db"
RUN-1001 : Importing database generated by Tang Dynasty, V5.6.59063.
RUN-1001 : Database version number 46140.
RUN-1001 : Import flow parameters
RUN-1001 : Import IO constraints
RUN-1001 : Import Inst constraints
RUN-1001 : Import design success TD_VERSION=5.6.59063 , DB_VERSION=46140
RUN-1002 : start command "report_timing"
RUN-1002 : start command "start_timer"
RUN-1002 : start command "end_timer"
RUN-1001 : reset_run syn_1 -step read_design.
RUN-1001 : reset_run phy_1.
RUN-1001 : launch_runs syn_1 -step opt_rtl.
RUN-1001 : reset_run phy_1.
RUN-1001 : syn_1: run complete.
RUN-1001 : open_run syn_1.
RUN-1002 : start command "import_db C:/Users/zhang/Desktop/work/FPGA/PWM/td_project/pwm_demo_Runs/syn_1/pwm_demo_rtl.db"
RUN-1001 : Importing database generated by Tang Dynasty, V5.6.59063.
RUN-1001 : Database version number 46140.
RUN-1001 : Import flow parameters
RUN-1001 : Import IO constraints
RUN-1001 : Import Inst constraints
RUN-1001 : Import design success TD_VERSION=5.6.59063 , DB_VERSION=46140
RUN-1002 : start command "report_timing"
RUN-1002 : start command "start_timer"
RUN-1002 : start command "end_timer"
