============================================================
   Tang Dynasty, V5.6.59063
   Copyright (c) 2012-2022 Anlogic
   Executable = D:/TD_anlu/bin/td.exe
   Built at =   12:45:13 Sep  6 2022
   Run by =     HW
   Run Date =   Thu Oct 27 19:09:09 2022

   Run on =     LAPTOP-UGI9IIEM
============================================================
RUN-1001 : open_run phy_1.
RUN-1002 : start command "import_db D:/a_liulanqixiazai/SF1_PWM/td_project/pwm_demo_Runs/phy_1/pwm_demo_pr.db"
RUN-1001 : Importing database generated by Tang Dynasty, V5.6.59063.
RUN-1001 : Database version number 46140.
RUN-1001 : Import flow parameters
PHY-1001 : Generate detailed routing grids ...
PHY-1001 : Generate nets ...
PHY-1001 : net I_clk_25m_dup_1 will be routed on clock mesh
PHY-5010 WARNING: Net u_ahb_pwm/I_ahb_hsize[2] is skipped due to 0 input or output
PHY-5010 WARNING: Net u_ahb_pwm/I_ahb_hsize[1] is skipped due to 0 input or output
PHY-5010 WARNING: Net u_ahb_pwm/I_ahb_hsize[0] is skipped due to 0 input or output
PHY-1001 : clock net u_ahb_pwm/pwm7/clk_div_syn_3 will be merged with clock u_ahb_pwm/pwm7/clk_div
PHY-1001 : clock net u_ahb_pwm/I_ahb_clk will be merged with clock u_pll/clk0_buf
PHY-1001 : clock net u_ahb_pwm/pwm0/clk_div_syn_3 will be merged with clock u_ahb_pwm/pwm0/clk_div
PHY-1001 : clock net u_ahb_pwm/pwm1/clk_div_syn_3 will be merged with clock u_ahb_pwm/pwm1/clk_div
PHY-1001 : clock net u_ahb_pwm/pwm2/clk_div_syn_3 will be merged with clock u_ahb_pwm/pwm2/clk_div
PHY-1001 : clock net u_ahb_pwm/pwm3/clk_div_syn_3 will be merged with clock u_ahb_pwm/pwm3/clk_div
PHY-1001 : clock net u_ahb_pwm/pwm6/clk_div_syn_3 will be merged with clock u_ahb_pwm/pwm6/clk_div
PHY-1001 : clock net u_ahb_pwm/pwm4/clk_div_syn_3 will be merged with clock u_ahb_pwm/pwm4/clk_div
PHY-1001 : clock net u_ahb_pwm/pwm5/clk_div_syn_3 will be merged with clock u_ahb_pwm/pwm5/clk_div
PHY-5010 WARNING: Net u_ahb_pwm/I_ahb_hsize[2] is skipped due to 0 input or output
PHY-5010 WARNING: Net u_ahb_pwm/I_ahb_hsize[1] is skipped due to 0 input or output
PHY-5010 WARNING: Net u_ahb_pwm/I_ahb_hsize[0] is skipped due to 0 input or output
PHY-1001 : eco open net = 0
PHY-5014 WARNING: Detail route doesn't find pib for u_pll/pll_inst.dsm_rst[0]
PHY-5014 WARNING: Detail route doesn't find pib for u_pll/pll_inst.dsm_refclk[0]
PHY-5014 WARNING: Detail route doesn't find pib for u_pll/pll_inst.frac_offset_valid[0]
PHY-5014 WARNING: Detail route doesn't find pib for u_pll/pll_inst.ssc_en[0]
PHY-1001 : 41 feed throughs used by 22 nets
RUN-1001 : Import timing constraints
RUN-1001 : Import IO constraints
RUN-1001 : Import Inst constraints
RUN-1001 : Import design success TD_VERSION=5.6.59063 , DB_VERSION=46140
RUN-1003 : finish command "import_db D:/a_liulanqixiazai/SF1_PWM/td_project/pwm_demo_Runs/phy_1/pwm_demo_pr.db" in  2.936512s wall, 2.812500s user + 0.046875s system = 2.859375s CPU (97.4%)

RUN-1004 : used memory is 340 MB, reserved memory is 288 MB, peak memory is 358 MB
RUN-1002 : start command "report_timing"
RUN-1002 : start command "start_timer"
RUN-1002 : start command "end_timer"
RUN-1002 : start command "download -bit pwm_demo_Runs\phy_1\pwm_demo.bit -mode program_riscv -hex2 D:\a_liulanqixiazai\SF1_PWM\riscv_project\pwm_demo\Debug\pwm_demo.hex -spd 6 -sec 64 -cable 0"
PRG-2014 : Chip validation success: SF1S60
PRG-2505 : ProgramSvf:  program pwm_demo_Runs/phy_1/pwm_demo.svf successfully
RUN-1003 : finish command "program_svf -svf pwm_demo_Runs/phy_1/pwm_demo.svf -spd 6" in  13.788716s wall, 0.203125s user + 0.046875s system = 0.250000s CPU (1.8%)

RUN-1004 : used memory is 372 MB, reserved memory is 318 MB, peak memory is 401 MB
RUN-1003 : finish command "download -bit pwm_demo_Runs\phy_1\pwm_demo.bit -mode program_riscv -hex2 D:\a_liulanqixiazai\SF1_PWM\riscv_project\pwm_demo\Debug\pwm_demo.hex -spd 6 -sec 64 -cable 0" in  14.028332s wall, 0.296875s user + 0.078125s system = 0.375000s CPU (2.7%)

RUN-1004 : used memory is 372 MB, reserved memory is 318 MB, peak memory is 401 MB
GUI-1001 : Download success!
