============================================================
   Tang Dynasty, V5.6.59063
   Copyright (c) 2012-2022 Anlogic
   Executable = D:/TD_anlu/bin/td.exe
   Built at =   12:45:13 Sep  6 2022
   Run by =     HW
   Run Date =   Thu Sep 22 17:26:20 2022

   Run on =     LAPTOP-UGI9IIEM
============================================================
RUN-1002 : start command "open_project pwm_demo.prj"
RUN-1001 : Print Global Property
RUN-1001 : ---------------------------------------------------------------
RUN-1001 :        Parameters        |  Settings  |  Default Values  |  Note  
RUN-1001 : ---------------------------------------------------------------
RUN-1001 :          message         |  standard  |     standard     |        
RUN-1001 :   mixed_pack_place_flow  |     on     |        on        |        
RUN-1001 :        qor_monitor       |    off     |       off        |        
RUN-1001 :        syn_ip_flow       |    off     |       off        |        
RUN-1001 :          thread          |    auto    |       auto       |        
RUN-1001 : ---------------------------------------------------------------
RUN-1001 : Print Design Property
RUN-1001 : --------------------------------------------------------------
RUN-1001 :        Parameters       |  Settings  |  Default Values  |  Note  
RUN-1001 : --------------------------------------------------------------
RUN-1001 :   default_reg_initial   |    auto    |       auto       |        
RUN-1001 :        infer_add        |     on     |        on        |        
RUN-1001 :        infer_fsm        |    off     |       off        |        
RUN-1001 :        infer_mult       |     on     |        on        |        
RUN-1001 :        infer_ram        |     on     |        on        |        
RUN-1001 :        infer_reg        |     on     |        on        |        
RUN-1001 :   infer_reg_init_value  |     on     |        on        |        
RUN-1001 :        infer_rom        |     on     |        on        |        
RUN-1001 :      infer_shifter      |     on     |        on        |        
RUN-1001 : --------------------------------------------------------------
RUN-1001 : Print Rtl Property
RUN-1001 : --------------------------------------------------------------
RUN-1001 :        Parameters       |  Settings  |  Default Values  |  Note  
RUN-1001 : --------------------------------------------------------------
RUN-1001 :       compress_add      |   ripple   |      ripple      |        
RUN-1001 :        elf_sload        |    off     |       off        |        
RUN-1001 :       fix_undriven      |     0      |        0         |        
RUN-1001 :         flatten         |    off     |       off        |        
RUN-1001 :       gate_sharing      |     on     |        on        |        
RUN-1001 :    hdl_warning_level    |   normal   |      normal      |        
RUN-1001 :   impl_internal_tribuf  |     on     |        on        |        
RUN-1001 :      impl_set_reset     |     on     |        on        |        
RUN-1001 :        infer_gsr        |    off     |       off        |        
RUN-1001 :      keep_hierarchy     |    auto    |       auto       |        
RUN-1001 :        max_fanout       |    9999    |       9999       |        
RUN-1001 :      max_oh2bin_len     |     10     |        10        |        
RUN-1001 :       merge_equal       |     on     |        on        |        
RUN-1001 :       merge_equiv       |     on     |        on        |        
RUN-1001 :        merge_mux        |    off     |       off        |        
RUN-1001 :     min_control_set     |     8      |        8         |        
RUN-1001 :      min_ripple_len     |    auto    |       auto       |        
RUN-1001 :       oh2bin_ratio      |    0.08    |       0.08       |        
RUN-1001 :     opt_adder_fanout    |     on     |        on        |        
RUN-1001 :        opt_arith        |     on     |        on        |        
RUN-1001 :       opt_big_gate      |    off     |       off        |        
RUN-1001 :        opt_const        |     on     |        on        |        
RUN-1001 :      opt_const_mult     |     on     |        on        |        
RUN-1001 :       opt_lessthan      |     on     |        on        |        
RUN-1001 :         opt_mux         |    off     |       off        |        
RUN-1001 :         opt_ram         |    high    |       high       |        
RUN-1001 :      rtl_sim_model      |    off     |       off        |        
RUN-1001 :         seq_syn         |     on     |        on        |        
RUN-1001 : --------------------------------------------------------------
HDL-1007 : analyze verilog file ../../al_ip/SF1_MCU.v
HDL-1007 : analyze verilog file ../../al_ip/pll.v
HDL-1007 : undeclared symbol 'open', assumed default net type 'wire' in ../../al_ip/pll.v(88)
HDL-1007 : analyze verilog file ../../SF1_SOC.v
HDL-1007 : analyze verilog file ../../ahb_pwm.v
HDL-1007 : analyze verilog file ../../gpio_controler.v
RUN-1001 : Project manager successfully analyzed 5 source files.
RUN-1002 : start command "import_device sf1_6.db -package SF1S60CG121I"
ARC-1001 : Device Initialization.
ARC-1001 : -------------------------------------------------
ARC-1001 :       OPTION       |      IO       |   SETTING   
ARC-1001 : -------------------------------------------------
ARC-1001 :        done        |      B4       |    gpio    
ARC-1001 :        initn       |      A5       |    gpio    
ARC-1001 :       jtagen       |      B7       |    gpio    
ARC-1001 :      programn      |      B5       |  dedicate  
ARC-1001 :   tdi/tms/tck/tdo  |  C4/A6/A7/C5  |  dedicate  
ARC-1001 : -------------------------------------------------
ARC-1004 : Device setting, marked 5 dedicate IOs in total.
RUN-1002 : start command "import_db pwm_demo_place.db"
RUN-1001 : Importing database generated by Tang Dynasty, V5.6.59063.
RUN-1001 : Database version number 46140.
RUN-1001 : Import flow parameters
RUN-1001 : Import timing constraints
RUN-1001 : Import IO constraints
RUN-1001 : Import Inst constraints
RUN-1001 : Import design success TD_VERSION=5.6.59063 , DB_VERSION=46140
RUN-1002 : start command "route"
RUN-1001 : Open license file D:/TD_anlu/license/Anlogic.lic
RUN-1001 : Print Global Property
RUN-1001 : ---------------------------------------------------------------
RUN-1001 :        Parameters        |  Settings  |  Default Values  |  Note  
RUN-1001 : ---------------------------------------------------------------
RUN-1001 :          message         |  standard  |     standard     |        
RUN-1001 :   mixed_pack_place_flow  |     on     |        on        |        
RUN-1001 :        qor_monitor       |    off     |       off        |        
RUN-1001 :        syn_ip_flow       |    off     |       off        |        
RUN-1001 :          thread          |    auto    |       auto       |        
RUN-1001 : ---------------------------------------------------------------
RUN-1001 : Print Route Property
RUN-1001 : -------------------------------------------------------
RUN-1001 :    Parameters    |  Settings  |  Default Values  |  Note  
RUN-1001 : -------------------------------------------------------
RUN-1001 :      effort      |   medium   |      medium      |        
RUN-1001 :     fix_hold     |    off     |       off        |        
RUN-1001 :    opt_timing    |   medium   |      medium      |        
RUN-1001 :   phy_sim_model  |    off     |       off        |        
RUN-1001 :     priority     |   timing   |      timing      |        
RUN-1001 :     swap_pin     |     on     |        on        |        
RUN-1001 : -------------------------------------------------------
PHY-1001 : Route runs in 8 thread(s)
RUN-1001 : There are total 1116 instances
RUN-1001 : 539 mslices, 538 lslices, 25 pads, 0 brams, 0 dsps
RUN-1001 : There are total 2791 nets
RUN-6004 WARNING: There are 3 nets with only 1 pin.
RUN-1001 : 1751 nets have 2 pins
RUN-1001 : 915 nets have [3 - 5] pins
RUN-1001 : 34 nets have [6 - 10] pins
RUN-1001 : 56 nets have [11 - 20] pins
RUN-1001 : 26 nets have [21 - 99] pins
RUN-1001 : 6 nets have 100+ pins
RUN-1002 : start command "start_timer -report"
TMR-2505 : Start building timing graph for model SF1_SOC.
TMR-2506 : Build timing graph completely. Port num: 12, tpin num: 9875, tnet num: 2789, tinst num: 1114, tnode num: 12271, tedge num: 17300.
TMR-2508 : Levelizing timing graph completed, there are 41 levels in total.
TMR-2501 : Timing graph initialized successfully.
PHY-1001 : 539 mslices, 538 lslices, 25 pads, 0 brams, 0 dsps
TMR-2503 : Start to update net delay, extr mode = 3.
TMR-2504 : Update delay of 2789 nets completely.
TMR-2502 : Annotate delay completely, extr mode = 3.
TMR-3001 : Initiate 0 clocks from SDC.
TMR-3004 : Map sdc constraints, there are 0 constraints in total.
TMR-3003 : Constraints initiated successfully.
TMR-3501 : Forward propagation: start to calculate arrival time...
TMR-3502 : Backward propagation: start to calculate required time...
TMR-3503 : Timing propagation completes.
PHY-1001 : Start global routing, caller is route ...
RUN-1001 : Generating global routing grids ...
RUN-1001 : Building simple global routing graph ...
PHY-1001 : Generate routing nets ...
PHY-1001 : Global iterations in 8 thread ...
PHY-1002 : len = 141216, over cnt = 230(2%), over = 303, worst = 3
PHY-1002 : len = 142216, over cnt = 94(0%), over = 121, worst = 3
PHY-1002 : len = 143128, over cnt = 24(0%), over = 30, worst = 2
PHY-1002 : len = 143472, over cnt = 0(0%), over = 0, worst = 0
PHY-1001 : End global iterations;  0.449625s wall, 0.468750s user + 0.000000s system = 0.468750s CPU (104.3%)

PHY-1001 : Congestion index: top1 = 46.67, top5 = 41.35, top10 = 37.61, top15 = 34.85.
PHY-1001 : End global routing;  0.521551s wall, 0.546875s user + 0.000000s system = 0.546875s CPU (104.9%)

PHY-1001 : Start detail routing ...
PHY-1001 : Current memory(MB): used = 185, reserve = 160, peak = 185.
PHY-1001 : Detailed router is running in normal mode.
PHY-1001 : Generate detailed routing grids ...
PHY-1001 : Generate nets ...
PHY-1001 : net I_clk_25m_dup_1 will be routed on clock mesh
PHY-5010 WARNING: Net u_ahb_pwm/I_ahb_hsize[2] is skipped due to 0 input or output
PHY-5010 WARNING: Net u_ahb_pwm/I_ahb_hsize[1] is skipped due to 0 input or output
PHY-5010 WARNING: Net u_ahb_pwm/I_ahb_hsize[0] is skipped due to 0 input or output
PHY-1001 : clock net u_ahb_pwm/pwm7/clk_div_syn_3 will be merged with clock u_ahb_pwm/pwm7/clk_div
PHY-1001 : clock net u_ahb_pwm/I_ahb_clk will be merged with clock u_pll/clk0_buf
PHY-1001 : clock net u_ahb_pwm/pwm0/clk_div_syn_3 will be merged with clock u_ahb_pwm/pwm0/clk_div
PHY-1001 : clock net u_ahb_pwm/pwm1/clk_div_syn_3 will be merged with clock u_ahb_pwm/pwm1/clk_div
PHY-1001 : clock net u_ahb_pwm/pwm2/clk_div_syn_3 will be merged with clock u_ahb_pwm/pwm2/clk_div
PHY-1001 : clock net u_ahb_pwm/pwm3/clk_div_syn_3 will be merged with clock u_ahb_pwm/pwm3/clk_div
PHY-1001 : clock net u_ahb_pwm/pwm6/clk_div_syn_3 will be merged with clock u_ahb_pwm/pwm6/clk_div
PHY-1001 : clock net u_ahb_pwm/pwm4/clk_div_syn_3 will be merged with clock u_ahb_pwm/pwm4/clk_div
PHY-1001 : clock net u_ahb_pwm/pwm5/clk_div_syn_3 will be merged with clock u_ahb_pwm/pwm5/clk_div
PHY-5010 WARNING: Net u_ahb_pwm/I_ahb_hsize[2] is skipped due to 0 input or output
PHY-5010 WARNING: Net u_ahb_pwm/I_ahb_hsize[1] is skipped due to 0 input or output
PHY-5010 WARNING: Net u_ahb_pwm/I_ahb_hsize[0] is skipped due to 0 input or output
PHY-1001 : Current memory(MB): used = 275, reserve = 252, peak = 275.
PHY-1001 : End build detailed router design. 2.072176s wall, 2.031250s user + 0.000000s system = 2.031250s CPU (98.0%)

PHY-1001 : Detail Route ...
PHY-1001 : ===== Detail Route Phase 1 =====
PHY-1001 : Clock net routing.....
PHY-1001 : Routed 0% nets.
PHY-1022 : len = 27776, over cnt = 1(0%), over = 1, worst = 1, crit = 0
PHY-1001 : End initial clock net routed; 1.935293s wall, 1.890625s user + 0.000000s system = 1.890625s CPU (97.7%)

PHY-1001 : Ripup-reroute.....
PHY-1001 : ===== DR Iter 1 =====
PHY-1022 : len = 27792, over cnt = 0(0%), over = 0, worst = 0, crit = 0
PHY-1001 : End DR Iter 1; 0.192922s wall, 0.171875s user + 0.000000s system = 0.171875s CPU (89.1%)

PHY-1001 : Current memory(MB): used = 287, reserve = 264, peak = 287.
PHY-1001 : End phase 1; 2.133687s wall, 2.062500s user + 0.000000s system = 2.062500s CPU (96.7%)

PHY-1001 : ===== Detail Route Phase 2 =====
PHY-1001 : Initial routing.....
PHY-1001 : Routed 12% nets.
PHY-1001 : Routed 15% nets.
PHY-1001 : Routed 20% nets.
PHY-1001 : Routed 27% nets.
PHY-1001 : Routed 44% nets.
PHY-1001 : Patch 1029 net; 4.369430s wall, 4.312500s user + 0.000000s system = 4.312500s CPU (98.7%)

PHY-1022 : len = 251584, over cnt = 153(0%), over = 153, worst = 1, crit = 0
PHY-1001 : Current memory(MB): used = 289, reserve = 266, peak = 289.
PHY-1001 : End initial routed; 7.763224s wall, 8.562500s user + 0.046875s system = 8.609375s CPU (110.9%)

PHY-1001 : Update timing.....
PHY-1001 : 0/2279(0%) critical/total net(s).
RUN-1001 : ------------------------------------------
RUN-1001 :   Type   |    WNS(ns)    |  TNS(ns)  |  FEP  
RUN-1001 : ------------------------------------------
RUN-1001 :   Setup  |  2147483.647  |   0.000   |   0   
RUN-1001 :   Hold   |  2147483.647  |   0.000   |   0   
RUN-1001 : ------------------------------------------
PHY-1001 : End update timing; 0.615369s wall, 0.593750s user + 0.015625s system = 0.609375s CPU (99.0%)

PHY-1001 : Current memory(MB): used = 294, reserve = 271, peak = 294.
PHY-1001 : End phase 2; 8.378727s wall, 9.156250s user + 0.062500s system = 9.218750s CPU (110.0%)

PHY-1001 : ===== Detail Route Phase 3 =====
PHY-1001 : Optimize timing.....
PHY-1022 : len = 251584, over cnt = 153(0%), over = 153, worst = 1, crit = 0
PHY-1001 : End optimize timing; 0.011616s wall, 0.015625s user + 0.000000s system = 0.015625s CPU (134.5%)

PHY-1001 : Ripup-reroute.....
PHY-1001 : ===== DR Iter 1 =====
PHY-1022 : len = 251232, over cnt = 28(0%), over = 28, worst = 1, crit = 0
PHY-1001 : End DR Iter 1; 0.584967s wall, 0.578125s user + 0.000000s system = 0.578125s CPU (98.8%)

PHY-1001 : ===== DR Iter 2 =====
PHY-1022 : len = 251280, over cnt = 0(0%), over = 0, worst = 0, crit = 0
PHY-1001 : End DR Iter 2; 0.080318s wall, 0.078125s user + 0.000000s system = 0.078125s CPU (97.3%)

PHY-1001 : Update timing.....
PHY-1001 : 0/2279(0%) critical/total net(s).
RUN-1001 : ------------------------------------------
RUN-1001 :   Type   |    WNS(ns)    |  TNS(ns)  |  FEP  
RUN-1001 : ------------------------------------------
RUN-1001 :   Setup  |  2147483.647  |   0.000   |   0   
RUN-1001 :   Hold   |  2147483.647  |   0.000   |   0   
RUN-1001 : ------------------------------------------
PHY-1001 : End update timing; 0.600431s wall, 0.578125s user + 0.015625s system = 0.593750s CPU (98.9%)

PHY-1001 : Commit to database.....
PHY-5014 WARNING: Detail route doesn't find pib for u_pll/pll_inst.dsm_rst[0]
PHY-5014 WARNING: Detail route doesn't find pib for u_pll/pll_inst.ssc_en[0]
PHY-5014 WARNING: Detail route doesn't find pib for u_pll/pll_inst.dsm_refclk[0]
PHY-5014 WARNING: Detail route doesn't find pib for u_pll/pll_inst.frac_offset_valid[0]
PHY-1001 : 53 feed throughs used by 27 nets
PHY-1001 : End commit to database; 0.416558s wall, 0.390625s user + 0.015625s system = 0.406250s CPU (97.5%)

PHY-1001 : Current memory(MB): used = 308, reserve = 287, peak = 308.
PHY-1001 : End phase 3; 1.765963s wall, 1.718750s user + 0.031250s system = 1.750000s CPU (99.1%)

PHY-1003 : Routed, final wirelength = 251280
PHY-1001 : Current memory(MB): used = 309, reserve = 287, peak = 309.
PHY-1001 : End export database. 0.010523s wall, 0.015625s user + 0.000000s system = 0.015625s CPU (148.5%)

PHY-1001 : End detail routing;  14.486642s wall, 15.062500s user + 0.109375s system = 15.171875s CPU (104.7%)

RUN-1003 : finish command "route" in  15.591644s wall, 16.203125s user + 0.109375s system = 16.312500s CPU (104.6%)

RUN-1004 : used memory is 266 MB, reserved memory is 245 MB, peak memory is 309 MB
RUN-1002 : start command "report_area -io_info -file pwm_demo_phy.area"
RUN-1001 : standard
***Report Model: SF1_SOC Device: SF1S60CG121I***

IO Statistics
#IO                        19
  #input                    6
  #output                  13
  #inout                    0

Utilization Statistics
#lut                     1858   out of   5824   31.90%
#reg                      965   out of   5824   16.57%
#le                      2061
  #lut only              1096   out of   2061   53.18%
  #reg only               203   out of   2061    9.85%
  #lut&reg                762   out of   2061   36.97%
#dsp                        0   out of     10    0.00%
#bram                       0   out of     26    0.00%
  #bram9k                   0
  #fifo9k                   0
#hard-ip                    1
  #mcu                      1   out of      1  100.00%
  #dsc                      0   out of      1    0.00%
  #dsi                      0   out of      2    0.00%
  #psram controller         0   out of      2    0.00%
#pad                       19   out of     55   34.55%
  #ireg                     0
  #oreg                     0
  #treg                     0
#pll                        1   out of      2   50.00%
#gclk                      11   out of     16   68.75%

Clock Resource Statistics
Index     ClockNet                  Type               DriverType         Driver                             Fanout
#1        u_pll/clk0_buf            GCLK               pll                u_pll/pll_inst.clkc0               415
#2        u_ahb_pwm/pwm0/clk_div    GCLK               lslice             u_ahb_pwm/pwm0/clk_div_syn_7.f1    20
#3        u_ahb_pwm/pwm3/clk_div    GCLK               mslice             u_ahb_pwm/pwm3/clk_div_syn_7.f1    20
#4        u_ahb_pwm/pwm4/clk_div    GCLK               lslice             u_ahb_pwm/pwm4/clk_div_syn_7.f1    20
#5        u_ahb_pwm/pwm5/clk_div    GCLK               mslice             u_ahb_pwm/pwm5/clk_div_syn_7.f1    20
#6        u_ahb_pwm/pwm6/clk_div    GCLK               mslice             u_ahb_pwm/pwm6/clk_div_syn_7.f0    20
#7        u_ahb_pwm/pwm7/clk_div    GCLK               lslice             u_ahb_pwm/pwm7/clk_div_syn_7.f1    20
#8        u_ahb_pwm/pwm1/clk_div    GCLK               mslice             u_ahb_pwm/pwm1/clk_div_syn_7.f1    19
#9        u_ahb_pwm/pwm2/clk_div    GCLK               lslice             u_ahb_pwm/pwm2/clk_div_syn_7.f1    19
#10       I_clk_25m_dup_1           GCLK               io                 I_clk_25m_syn_2.di                 1


Detailed IO Report

     Name       Direction    Location    IOStandard    DriveStrength    PullType    PackReg  
  I_clk_25m       INPUT         D7        LVCMOS18          N/A          PULLUP      NONE    
  I_jtag_tck      INPUT         C7        LVCMOS18          N/A          PULLUP      NONE    
  I_jtag_tdi      INPUT         D5        LVCMOS18          N/A          PULLUP      NONE    
  I_jtag_tms      INPUT         D6        LVCMOS18          N/A          PULLUP      NONE    
   I_rst_n        INPUT         J2        LVCMOS18          N/A          PULLUP      NONE    
  I_uart_rx       INPUT         E4        LVCMOS18          N/A          PULLUP      NONE    
  O_jtag_tdo     OUTPUT         C6        LVCMOS18           8            NONE       NONE    
    O_led0       OUTPUT         J5        LVCMOS18           8            NONE       NONE    
    O_led1       OUTPUT         H5        LVCMOS18           8            NONE       NONE    
    O_led2       OUTPUT         G4        LVCMOS18           8            NONE       NONE    
   O_pwm[7]      OUTPUT        B11        LVCMOS18           8            NONE       NONE    
   O_pwm[6]      OUTPUT        B10        LVCMOS18           8            NONE       NONE    
   O_pwm[5]      OUTPUT        A11        LVCMOS18           8            NONE       NONE    
   O_pwm[4]      OUTPUT        A10        LVCMOS18           8            NONE       NONE    
   O_pwm[3]      OUTPUT        F11        LVCMOS18           8            NONE       NONE    
   O_pwm[2]      OUTPUT        E11        LVCMOS18           8            NONE       NONE    
   O_pwm[1]      OUTPUT        C11        LVCMOS18           8            NONE       NONE    
   O_pwm[0]      OUTPUT        C10        LVCMOS18           8            NONE       NONE    
  O_uart_tx      OUTPUT         A4        LVCMOS18           8            NONE       NONE    

Report Hierarchy Area:
+--------------------------------------------------------------------------+
|Instance    |Module  |le     |lut     |ripple  |seq     |bram    |dsp     |
+--------------------------------------------------------------------------+
|top         |SF1_SOC |2061   |1330    |528     |965     |0       |0       |
|  u_SF1_MCU |SF1_MCU |0      |0       |0       |0       |0       |0       |
|  u_ahb_pwm |ahb_pwm |2061   |1330    |528     |965     |0       |0       |
|    pwm0    |counter |174    |111     |63      |43      |0       |0       |
|    pwm1    |counter |176    |113     |63      |47      |0       |0       |
|    pwm2    |counter |174    |111     |63      |46      |0       |0       |
|    pwm3    |counter |168    |105     |63      |45      |0       |0       |
|    pwm4    |counter |179    |116     |63      |51      |0       |0       |
|    pwm5    |counter |167    |104     |63      |42      |0       |0       |
|    pwm6    |counter |171    |108     |63      |43      |0       |0       |
|    pwm7    |counter |225    |138     |87      |51      |0       |0       |
|  u_pll     |pll     |0      |0       |0       |0       |0       |0       |
+--------------------------------------------------------------------------+


DataNet Average Fanout:

   Index     Fanout     Nets  
    #1          1       1732  
    #2          2       565   
    #3          3       327   
    #4          4        22   
    #5        5-10       34   
    #6        11-50      73   
    #7       51-100      1    
    #8       101-500     3    
  Average     2.36            

RUN-1002 : start command "export_db pwm_demo_pr.db"
RUN-1001 : Exported /
RUN-1001 : Exported flow parameters
RUN-1001 : Exported libs
RUN-1001 : Exported entities
RUN-1001 : Exported ports
RUN-1001 : Exported pins
RUN-1001 : Exported instances
RUN-1001 : Exported nets
RUN-1001 : Exported buses
RUN-1001 : Exported models
RUN-1001 : Exported congestions
RUN-1001 : Exported violations
RUN-1001 : Exported timing constraints
RUN-1001 : Exported IO constraints
RUN-1001 : Exported Inst constraints
RUN-1002 : start command "export_bid pwm_demo_inst.bid"
RUN-1002 : start command "bitgen -bit pwm_demo.bit"
BIT-1003 : Start to generate bitstream. 
BIT-1002 : Init instances with 8 threads.
BIT-1002 : Init instances completely, inst num: 1114
BIT-1002 : Init pips with 8 threads.
BIT-1002 : Init pips completely, net num: 2791, pip num: 22647
BIT-1002 : Init feedthrough with 8 threads.
BIT-1002 : Init feedthrough completely, num: 53
BIT-1003 : Multithreading accelaration with 8 threads.
BIT-1003 : Generate bitstream completely, there are 983 valid insts, and 67017 bits set as '1'.
BIT-1004 : Generate bits file pwm_demo.bit.
RUN-1003 : finish command "bitgen -bit pwm_demo.bit" in  3.105244s wall, 18.609375s user + 0.125000s system = 18.734375s CPU (603.3%)

RUN-1004 : used memory is 268 MB, reserved memory is 247 MB, peak memory is 436 MB
RUN-1002 : start command "backup_run_log run.log ../.logs/phy_1/td_20220922_172620.log"
